<?xml version="1.0" encoding="UTF-8"?>
<coverage generated="1712680646944" clover="3.2.0">
  <project timestamp="1712680646944" name="All files">
    <metrics statements="1912" coveredstatements="1105" conditionals="700" coveredconditionals="331" methods="674" coveredmethods="395" elements="3286" coveredelements="1831" complexity="0" loc="1912" ncloc="1912" packages="16" files="58" classes="58"/>
    <package name="src">
      <metrics statements="15" coveredstatements="15" conditionals="7" coveredconditionals="6" methods="7" coveredmethods="7"/>
      <file name="App.tsx" path="/home/lenovo/Desktop/IBE/GitRepo/IBE-Frontend/src/App.tsx">
        <metrics statements="13" coveredstatements="13" conditionals="7" coveredconditionals="6" methods="7" coveredmethods="7"/>
        <line num="1" count="160" type="cond" truecount="4" falsecount="1"/>
        <line num="22" count="102" type="stmt"/>
        <line num="25" count="102" type="stmt"/>
        <line num="26" count="841" type="stmt"/>
        <line num="27" count="102" type="stmt"/>
        <line num="28" count="40" type="stmt"/>
        <line num="29" count="40" type="stmt"/>
        <line num="30" count="40" type="stmt"/>
        <line num="33" count="785" type="stmt"/>
        <line num="34" count="778" type="stmt"/>
        <line num="35" count="102" type="stmt"/>
        <line num="61" count="20" type="stmt"/>
        <line num="63" count="20" type="stmt"/>
      </file>
      <file name="main.tsx" path="/home/lenovo/Desktop/IBE/GitRepo/IBE-Frontend/src/main.tsx">
        <metrics statements="2" coveredstatements="2" conditionals="0" coveredconditionals="0" methods="0" coveredmethods="0"/>
        <line num="30" count="20" type="stmt"/>
        <line num="32" count="20" type="stmt"/>
      </file>
    </package>
    <package name="src.components.BookingConfirmation">
      <metrics statements="100" coveredstatements="10" conditionals="75" coveredconditionals="7" methods="39" coveredmethods="2"/>
      <file name="BookingConfirmation.tsx" path="/home/lenovo/Desktop/IBE/GitRepo/IBE-Frontend/src/components/BookingConfirmation/BookingConfirmation.tsx">
        <metrics statements="59" coveredstatements="4" conditionals="53" coveredconditionals="4" methods="27" coveredmethods="1"/>
        <line num="1" count="160" type="cond" truecount="4" falsecount="1"/>
        <line num="21" count="0" type="stmt"/>
        <line num="22" count="0" type="stmt"/>
        <line num="24" count="0" type="stmt"/>
        <line num="27" count="0" type="cond" truecount="0" falsecount="2"/>
        <line num="28" count="0" type="stmt"/>
        <line num="30" count="0" type="stmt"/>
        <line num="34" count="0" type="stmt"/>
        <line num="35" count="0" type="stmt"/>
        <line num="37" count="0" type="stmt"/>
        <line num="38" count="0" type="stmt"/>
        <line num="42" count="0" type="stmt"/>
        <line num="44" count="0" type="stmt"/>
        <line num="46" count="0" type="stmt"/>
        <line num="51" count="0" type="stmt"/>
        <line num="52" count="0" type="stmt"/>
        <line num="53" count="0" type="stmt"/>
        <line num="56" count="0" type="stmt"/>
        <line num="57" count="0" type="stmt"/>
        <line num="76" count="0" type="stmt"/>
        <line num="77" count="0" type="stmt"/>
        <line num="78" count="0" type="stmt"/>
        <line num="79" count="0" type="stmt"/>
        <line num="80" count="0" type="cond" truecount="0" falsecount="3"/>
        <line num="81" count="0" type="stmt"/>
        <line num="83" count="0" type="stmt"/>
        <line num="84" count="0" type="stmt"/>
        <line num="85" count="0" type="stmt"/>
        <line num="110" count="0" type="stmt"/>
        <line num="111" count="0" type="cond" truecount="0" falsecount="5"/>
        <line num="112" count="0" type="cond" truecount="0" falsecount="2"/>
        <line num="113" count="0" type="stmt"/>
        <line num="116" count="0" type="stmt"/>
        <line num="118" count="0" type="stmt"/>
        <line num="121" count="0" type="cond" truecount="0" falsecount="1"/>
        <line num="122" count="0" type="stmt"/>
        <line num="128" count="0" type="stmt"/>
        <line num="133" count="0" type="stmt"/>
        <line num="134" count="0" type="stmt"/>
        <line num="138" count="0" type="stmt"/>
        <line num="142" count="0" type="stmt"/>
        <line num="144" count="0" type="stmt"/>
        <line num="145" count="0" type="stmt"/>
        <line num="149" count="0" type="cond" truecount="0" falsecount="1"/>
        <line num="150" count="0" type="stmt"/>
        <line num="154" count="0" type="stmt"/>
        <line num="155" count="0" type="stmt"/>
        <line num="157" count="0" type="stmt"/>
        <line num="158" count="0" type="stmt"/>
        <line num="160" count="0" type="stmt"/>
        <line num="162" count="20" type="stmt"/>
        <line num="164" count="0" type="stmt"/>
        <line num="217" count="0" type="stmt"/>
        <line num="365" count="0" type="stmt"/>
        <line num="514" count="0" type="stmt"/>
        <line num="575" count="0" type="stmt"/>
        <line num="689" count="0" type="stmt"/>
        <line num="746" count="20" type="stmt"/>
        <line num="748" count="20" type="stmt"/>
      </file>
      <file name="CancelModal.tsx" path="/home/lenovo/Desktop/IBE/GitRepo/IBE-Frontend/src/components/BookingConfirmation/CancelModal.tsx">
        <metrics statements="41" coveredstatements="6" conditionals="22" coveredconditionals="3" methods="12" coveredmethods="1"/>
        <line num="1" count="180" type="cond" truecount="3" falsecount="0"/>
        <line num="148" count="20" type="stmt"/>
        <line num="154" count="20" type="stmt"/>
        <line num="155" count="0" type="stmt"/>
        <line num="156" count="0" type="stmt"/>
        <line num="157" count="0" type="stmt"/>
        <line num="159" count="0" type="stmt"/>
        <line num="160" count="0" type="stmt"/>
        <line num="161" count="0" type="stmt"/>
        <line num="164" count="0" type="stmt"/>
        <line num="165" count="0" type="stmt"/>
        <line num="167" count="0" type="stmt"/>
        <line num="168" count="0" type="stmt"/>
        <line num="172" count="0" type="stmt"/>
        <line num="173" count="0" type="stmt"/>
        <line num="174" count="0" type="cond" truecount="0" falsecount="3"/>
        <line num="175" count="0" type="stmt"/>
        <line num="177" count="0" type="stmt"/>
        <line num="178" count="0" type="stmt"/>
        <line num="179" count="0" type="stmt"/>
        <line num="180" count="0" type="stmt"/>
        <line num="181" count="0" type="stmt"/>
        <line num="183" count="0" type="stmt"/>
        <line num="184" count="0" type="cond" truecount="0" falsecount="1"/>
        <line num="185" count="0" type="stmt"/>
        <line num="186" count="0" type="stmt"/>
        <line num="187" count="0" type="stmt"/>
        <line num="188" count="0" type="cond" truecount="0" falsecount="3"/>
        <line num="189" count="0" type="stmt"/>
        <line num="191" count="0" type="stmt"/>
        <line num="192" count="0" type="stmt"/>
        <line num="193" count="0" type="stmt"/>
        <line num="197" count="0" type="stmt"/>
        <line num="198" count="0" type="stmt"/>
        <line num="200" count="20" type="stmt"/>
        <line num="201" count="0" type="stmt"/>
        <line num="204" count="0" type="stmt"/>
        <line num="207" count="0" type="stmt"/>
        <line num="230" count="0" type="stmt"/>
        <line num="298" count="20" type="stmt"/>
        <line num="300" count="20" type="stmt"/>
      </file>
    </package>
    <package name="src.components.BookingPage">
      <metrics statements="356" coveredstatements="177" conditionals="101" coveredconditionals="38" methods="116" coveredmethods="68"/>
      <file name="BookingPage.tsx" path="/home/lenovo/Desktop/IBE/GitRepo/IBE-Frontend/src/components/BookingPage/BookingPage.tsx">
        <metrics statements="32" coveredstatements="15" conditionals="10" coveredconditionals="4" methods="9" coveredmethods="6"/>
        <line num="1" count="180" type="cond" truecount="3" falsecount="0"/>
        <line num="22" count="20" type="stmt"/>
        <line num="23" count="6" type="stmt"/>
        <line num="28" count="6" type="stmt"/>
        <line num="29" count="15" type="stmt"/>
        <line num="31" count="4" type="stmt"/>
        <line num="32" count="4" type="stmt"/>
        <line num="34" count="4" type="cond" truecount="0" falsecount="1"/>
        <line num="35" count="0" type="stmt"/>
        <line num="36" count="0" type="stmt"/>
        <line num="39" count="4" type="stmt"/>
        <line num="40" count="0" type="cond" truecount="0" falsecount="4"/>
        <line num="42" count="0" type="stmt"/>
        <line num="43" count="0" type="stmt"/>
        <line num="44" count="0" type="stmt"/>
        <line num="45" count="0" type="stmt"/>
        <line num="47" count="0" type="stmt"/>
        <line num="48" count="0" type="stmt"/>
        <line num="49" count="0" type="stmt"/>
        <line num="51" count="0" type="stmt"/>
        <line num="52" count="0" type="stmt"/>
        <line num="54" count="0" type="stmt"/>
        <line num="57" count="20" type="stmt"/>
        <line num="58" count="15" type="stmt"/>
        <line num="61" count="4" type="stmt"/>
        <line num="62" count="0" type="stmt"/>
        <line num="63" count="0" type="stmt"/>
        <line num="64" count="0" type="stmt"/>
        <line num="65" count="0" type="stmt"/>
        <line num="110" count="4" type="stmt"/>
        <line num="117" count="12" type="stmt"/>
        <line num="193" count="20" type="stmt"/>
      </file>
      <file name="FeedbackModal.tsx" path="/home/lenovo/Desktop/IBE/GitRepo/IBE-Frontend/src/components/BookingPage/FeedbackModal.tsx">
        <metrics statements="36" coveredstatements="21" conditionals="21" coveredconditionals="9" methods="14" coveredmethods="7"/>
        <line num="1" count="160" type="cond" truecount="4" falsecount="1"/>
        <line num="13" count="20" type="stmt"/>
        <line num="14" count="4" type="stmt"/>
        <line num="15" count="4" type="stmt"/>
        <line num="16" count="15" type="stmt"/>
        <line num="18" count="4" type="stmt"/>
        <line num="19" count="4" type="stmt"/>
        <line num="20" count="4" type="stmt"/>
        <line num="21" count="4" type="stmt"/>
        <line num="22" count="4" type="stmt"/>
        <line num="23" count="4" type="stmt"/>
        <line num="25" count="4" type="stmt"/>
        <line num="26" count="15" type="stmt"/>
        <line num="28" count="20" type="stmt"/>
        <line num="29" count="4" type="stmt"/>
        <line num="30" count="4" type="cond" truecount="0" falsecount="1"/>
        <line num="31" count="0" type="stmt"/>
        <line num="32" count="0" type="stmt"/>
        <line num="33" count="0" type="stmt"/>
        <line num="34" count="0" type="stmt"/>
        <line num="35" count="0" type="stmt"/>
        <line num="39" count="4" type="stmt"/>
        <line num="40" count="0" type="stmt"/>
        <line num="43" count="4" type="stmt"/>
        <line num="44" count="0" type="cond" truecount="0" falsecount="3"/>
        <line num="45" count="0" type="stmt"/>
        <line num="55" count="0" type="cond" truecount="0" falsecount="2"/>
        <line num="56" count="0" type="stmt"/>
        <line num="58" count="0" type="stmt"/>
        <line num="62" count="0" type="stmt"/>
        <line num="67" count="4" type="stmt"/>
        <line num="75" count="4" type="stmt"/>
        <line num="101" count="0" type="cond" truecount="0" falsecount="2"/>
        <line num="104" count="0" type="stmt"/>
        <line num="121" count="0" type="stmt"/>
        <line num="135" count="20" type="stmt"/>
      </file>
      <file name="Form.tsx" path="/home/lenovo/Desktop/IBE/GitRepo/IBE-Frontend/src/components/BookingPage/Form.tsx">
        <metrics statements="220" coveredstatements="79" conditionals="44" coveredconditionals="4" methods="58" coveredmethods="24"/>
        <line num="1" count="160" type="cond" truecount="4" falsecount="1"/>
        <line num="22" count="20" type="stmt"/>
        <line num="29" count="20" type="stmt"/>
        <line num="30" count="8" type="stmt"/>
        <line num="32" count="8" type="stmt"/>
        <line num="33" count="8" type="stmt"/>
        <line num="35" count="8" type="stmt"/>
        <line num="38" count="8" type="stmt"/>
        <line num="41" count="8" type="stmt"/>
        <line num="42" count="8" type="stmt"/>
        <line num="43" count="4" type="stmt"/>
        <line num="44" count="0" type="stmt"/>
        <line num="48" count="8" type="stmt"/>
        <line num="49" count="8" type="stmt"/>
        <line num="50" count="8" type="stmt"/>
        <line num="51" count="8" type="stmt"/>
        <line num="53" count="8" type="stmt"/>
        <line num="54" count="8" type="stmt"/>
        <line num="55" count="8" type="stmt"/>
        <line num="56" count="8" type="stmt"/>
        <line num="57" count="8" type="stmt"/>
        <line num="58" count="8" type="stmt"/>
        <line num="59" count="8" type="stmt"/>
        <line num="60" count="8" type="stmt"/>
        <line num="61" count="8" type="stmt"/>
        <line num="62" count="8" type="stmt"/>
        <line num="64" count="8" type="stmt"/>
        <line num="65" count="8" type="stmt"/>
        <line num="66" count="8" type="stmt"/>
        <line num="67" count="8" type="stmt"/>
        <line num="68" count="8" type="stmt"/>
        <line num="69" count="8" type="stmt"/>
        <line num="71" count="8" type="stmt"/>
        <line num="72" count="0" type="cond" truecount="0" falsecount="1"/>
        <line num="73" count="0" type="stmt"/>
        <line num="74" count="0" type="stmt"/>
        <line num="75" count="0" type="stmt"/>
        <line num="76" count="0" type="stmt"/>
        <line num="77" count="0" type="stmt"/>
        <line num="78" count="0" type="cond" truecount="0" falsecount="1"/>
        <line num="79" count="0" type="stmt"/>
        <line num="82" count="0" type="stmt"/>
        <line num="86" count="0" type="cond" truecount="0" falsecount="3"/>
        <line num="87" count="0" type="stmt"/>
        <line num="88" count="0" type="stmt"/>
        <line num="93" count="0" type="stmt"/>
        <line num="95" count="8" type="stmt"/>
        <line num="96" count="0" type="stmt"/>
        <line num="99" count="0" type="stmt"/>
        <line num="101" count="0" type="cond" truecount="0" falsecount="3"/>
        <line num="102" count="0" type="stmt"/>
        <line num="103" count="0" type="stmt"/>
        <line num="106" count="8" type="stmt"/>
        <line num="108" count="8" type="stmt"/>
        <line num="109" count="0" type="cond" truecount="0" falsecount="1"/>
        <line num="110" count="0" type="stmt"/>
        <line num="111" count="0" type="stmt"/>
        <line num="112" count="0" type="stmt"/>
        <line num="113" count="0" type="stmt"/>
        <line num="114" count="0" type="stmt"/>
        <line num="115" count="0" type="stmt"/>
        <line num="116" count="0" type="stmt"/>
        <line num="117" count="0" type="stmt"/>
        <line num="118" count="0" type="cond" truecount="0" falsecount="1"/>
        <line num="119" count="0" type="stmt"/>
        <line num="122" count="0" type="stmt"/>
        <line num="126" count="0" type="cond" truecount="0" falsecount="3"/>
        <line num="127" count="0" type="stmt"/>
        <line num="128" count="0" type="stmt"/>
        <line num="133" count="0" type="stmt"/>
        <line num="148" count="8" type="stmt"/>
        <line num="149" count="0" type="stmt"/>
        <line num="150" count="0" type="stmt"/>
        <line num="152" count="0" type="cond" truecount="0" falsecount="3"/>
        <line num="153" count="0" type="stmt"/>
        <line num="154" count="0" type="stmt"/>
        <line num="158" count="8" type="stmt"/>
        <line num="159" count="8" type="stmt"/>
        <line num="163" count="8" type="stmt"/>
        <line num="164" count="47" type="stmt"/>
        <line num="166" count="8" type="stmt"/>
        <line num="167" count="47" type="stmt"/>
        <line num="169" count="8" type="stmt"/>
        <line num="170" count="47" type="stmt"/>
        <line num="172" count="8" type="stmt"/>
        <line num="173" count="47" type="stmt"/>
        <line num="175" count="47" type="stmt"/>
        <line num="177" count="8" type="stmt"/>
        <line num="178" count="47" type="stmt"/>
        <line num="180" count="8" type="stmt"/>
        <line num="181" count="27" type="stmt"/>
        <line num="183" count="8" type="stmt"/>
        <line num="184" count="47" type="stmt"/>
        <line num="186" count="8" type="stmt"/>
        <line num="187" count="47" type="stmt"/>
        <line num="189" count="47" type="stmt"/>
        <line num="190" count="47" type="stmt"/>
        <line num="191" count="8" type="stmt"/>
        <line num="192" count="47" type="stmt"/>
        <line num="195" count="8" type="stmt"/>
        <line num="196" count="0" type="stmt"/>
        <line num="197" count="0" type="stmt"/>
        <line num="198" count="0" type="stmt"/>
        <line num="199" count="0" type="stmt"/>
        <line num="200" count="0" type="stmt"/>
        <line num="201" count="0" type="stmt"/>
        <line num="204" count="8" type="stmt"/>
        <line num="205" count="47" type="stmt"/>
        <line num="208" count="8" type="stmt"/>
        <line num="209" count="8" type="stmt"/>
        <line num="216" count="0" type="cond" truecount="0" falsecount="1"/>
        <line num="217" count="0" type="stmt"/>
        <line num="218" count="0" type="cond" truecount="0" falsecount="1"/>
        <line num="223" count="0" type="stmt"/>
        <line num="224" count="0" type="stmt"/>
        <line num="237" count="0" type="stmt"/>
        <line num="246" count="0" type="stmt"/>
        <line num="248" count="0" type="stmt"/>
        <line num="302" count="0" type="stmt"/>
        <line num="303" count="0" type="stmt"/>
        <line num="305" count="0" type="stmt"/>
        <line num="306" count="0" type="stmt"/>
        <line num="318" count="0" type="cond" truecount="0" falsecount="1"/>
        <line num="319" count="0" type="stmt"/>
        <line num="323" count="0" type="stmt"/>
        <line num="324" count="0" type="stmt"/>
        <line num="325" count="0" type="stmt"/>
        <line num="327" count="0" type="stmt"/>
        <line num="329" count="0" type="cond" truecount="0" falsecount="1"/>
        <line num="330" count="0" type="stmt"/>
        <line num="331" count="0" type="stmt"/>
        <line num="335" count="0" type="stmt"/>
        <line num="337" count="0" type="stmt"/>
        <line num="338" count="0" type="stmt"/>
        <line num="339" count="0" type="stmt"/>
        <line num="340" count="0" type="stmt"/>
        <line num="345" count="8" type="stmt"/>
        <line num="347" count="0" type="stmt"/>
        <line num="350" count="8" type="stmt"/>
        <line num="351" count="0" type="stmt"/>
        <line num="352" count="0" type="stmt"/>
        <line num="353" count="0" type="stmt"/>
        <line num="354" count="0" type="stmt"/>
        <line num="361" count="0" type="stmt"/>
        <line num="362" count="0" type="stmt"/>
        <line num="363" count="0" type="stmt"/>
        <line num="366" count="0" type="stmt"/>
        <line num="368" count="0" type="cond" truecount="0" falsecount="2"/>
        <line num="371" count="0" type="stmt"/>
        <line num="374" count="0" type="stmt"/>
        <line num="376" count="0" type="stmt"/>
        <line num="377" count="0" type="stmt"/>
        <line num="381" count="8" type="stmt"/>
        <line num="382" count="0" type="stmt"/>
        <line num="383" count="0" type="stmt"/>
        <line num="384" count="0" type="stmt"/>
        <line num="385" count="0" type="stmt"/>
        <line num="387" count="0" type="stmt"/>
        <line num="388" count="0" type="stmt"/>
        <line num="389" count="0" type="stmt"/>
        <line num="392" count="0" type="cond" truecount="0" falsecount="1"/>
        <line num="393" count="0" type="stmt"/>
        <line num="394" count="0" type="stmt"/>
        <line num="397" count="0" type="stmt"/>
        <line num="398" count="0" type="stmt"/>
        <line num="399" count="0" type="stmt"/>
        <line num="402" count="0" type="cond" truecount="0" falsecount="1"/>
        <line num="403" count="0" type="stmt"/>
        <line num="404" count="0" type="stmt"/>
        <line num="409" count="8" type="stmt"/>
        <line num="410" count="4" type="stmt"/>
        <line num="411" count="0" type="stmt"/>
        <line num="416" count="8" type="stmt"/>
        <line num="417" count="4" type="cond" truecount="0" falsecount="1"/>
        <line num="418" count="0" type="stmt"/>
        <line num="419" count="0" type="stmt"/>
        <line num="425" count="8" type="stmt"/>
        <line num="426" count="4" type="cond" truecount="0" falsecount="1"/>
        <line num="427" count="0" type="stmt"/>
        <line num="428" count="0" type="stmt"/>
        <line num="432" count="47" type="stmt"/>
        <line num="434" count="47" type="stmt"/>
        <line num="436" count="8" type="stmt"/>
        <line num="470" count="0" type="stmt"/>
        <line num="471" count="0" type="stmt"/>
        <line num="472" count="0" type="stmt"/>
        <line num="476" count="4" type="stmt"/>
        <line num="579" count="0" type="stmt"/>
        <line num="590" count="0" type="stmt"/>
        <line num="591" count="0" type="stmt"/>
        <line num="604" count="0" type="stmt"/>
        <line num="609" count="4" type="stmt"/>
        <line num="686" count="0" type="stmt"/>
        <line num="687" count="0" type="stmt"/>
        <line num="688" count="0" type="stmt"/>
        <line num="689" count="0" type="stmt"/>
        <line num="694" count="0" type="stmt"/>
        <line num="719" count="0" type="stmt"/>
        <line num="720" count="0" type="stmt"/>
        <line num="721" count="0" type="stmt"/>
        <line num="722" count="0" type="stmt"/>
        <line num="727" count="0" type="stmt"/>
        <line num="757" count="0" type="stmt"/>
        <line num="776" count="0" type="stmt"/>
        <line num="777" count="0" type="stmt"/>
        <line num="778" count="0" type="stmt"/>
        <line num="779" count="0" type="stmt"/>
        <line num="863" count="0" type="stmt"/>
        <line num="864" count="0" type="stmt"/>
        <line num="865" count="0" type="stmt"/>
        <line num="866" count="0" type="stmt"/>
        <line num="867" count="0" type="cond" truecount="0" falsecount="1"/>
        <line num="872" count="0" type="stmt"/>
        <line num="874" count="0" type="stmt"/>
        <line num="891" count="0" type="stmt"/>
        <line num="892" count="0" type="stmt"/>
        <line num="910" count="0" type="cond" truecount="0" falsecount="1"/>
        <line num="914" count="0" type="stmt"/>
        <line num="967" count="0" type="stmt"/>
        <line num="1074" count="20" type="stmt"/>
      </file>
      <file name="PriceBreakdownModal.tsx" path="/home/lenovo/Desktop/IBE/GitRepo/IBE-Frontend/src/components/BookingPage/PriceBreakdownModal.tsx">
        <metrics statements="29" coveredstatements="28" conditionals="7" coveredconditionals="6" methods="17" coveredmethods="16"/>
        <line num="1" count="160" type="cond" truecount="4" falsecount="1"/>
        <line num="9" count="208" type="stmt"/>
        <line num="10" count="632" type="stmt"/>
        <line num="11" count="208" type="stmt"/>
        <line num="12" count="208" type="stmt"/>
        <line num="13" count="0" type="stmt"/>
        <line num="17" count="208" type="stmt"/>
        <line num="18" count="632" type="stmt"/>
        <line num="22" count="208" type="stmt"/>
        <line num="23" count="138" type="stmt"/>
        <line num="29" count="138" type="stmt"/>
        <line num="30" count="138" type="stmt"/>
        <line num="33" count="208" type="stmt"/>
        <line num="34" count="632" type="stmt"/>
        <line num="36" count="208" type="stmt"/>
        <line num="37" count="632" type="stmt"/>
        <line num="39" count="568" type="stmt"/>
        <line num="41" count="208" type="stmt"/>
        <line num="42" count="632" type="stmt"/>
        <line num="44" count="632" type="stmt"/>
        <line num="45" count="208" type="stmt"/>
        <line num="46" count="632" type="stmt"/>
        <line num="48" count="632" type="stmt"/>
        <line num="50" count="632" type="stmt"/>
        <line num="52" count="632" type="stmt"/>
        <line num="56" count="208" type="stmt"/>
        <line num="99" count="138" type="stmt"/>
        <line num="240" count="20" type="stmt"/>
        <line num="242" count="20" type="stmt"/>
      </file>
      <file name="PromotionModal.tsx" path="/home/lenovo/Desktop/IBE/GitRepo/IBE-Frontend/src/components/BookingPage/PromotionModal.tsx">
        <metrics statements="14" coveredstatements="13" conditionals="5" coveredconditionals="4" methods="9" coveredmethods="8"/>
        <line num="1" count="160" type="cond" truecount="4" falsecount="1"/>
        <line num="9" count="194" type="stmt"/>
        <line num="10" count="618" type="stmt"/>
        <line num="11" count="194" type="stmt"/>
        <line num="12" count="194" type="stmt"/>
        <line num="13" count="0" type="stmt"/>
        <line num="15" count="194" type="stmt"/>
        <line num="16" count="618" type="stmt"/>
        <line num="18" count="554" type="stmt"/>
        <line num="20" count="618" type="stmt"/>
        <line num="22" count="618" type="stmt"/>
        <line num="24" count="194" type="stmt"/>
        <line num="54" count="20" type="stmt"/>
        <line num="56" count="20" type="stmt"/>
      </file>
      <file name="Terms.tsx" path="/home/lenovo/Desktop/IBE/GitRepo/IBE-Frontend/src/components/BookingPage/Terms.tsx">
        <metrics statements="9" coveredstatements="8" conditionals="5" coveredconditionals="4" methods="5" coveredmethods="4"/>
        <line num="1" count="160" type="cond" truecount="4" falsecount="1"/>
        <line num="8" count="20" type="stmt"/>
        <line num="9" count="43" type="stmt"/>
        <line num="10" count="20" type="stmt"/>
        <line num="11" count="4" type="stmt"/>
        <line num="12" count="0" type="stmt"/>
        <line num="15" count="4" type="stmt"/>
        <line num="94" count="20" type="stmt"/>
        <line num="96" count="20" type="stmt"/>
      </file>
      <file name="Timer.tsx" path="/home/lenovo/Desktop/IBE/GitRepo/IBE-Frontend/src/components/BookingPage/Timer.tsx">
        <metrics statements="16" coveredstatements="13" conditionals="9" coveredconditionals="7" methods="4" coveredmethods="3"/>
        <line num="1" count="180" type="cond" truecount="3" falsecount="0"/>
        <line num="68" count="20" type="stmt"/>
        <line num="69" count="4" type="stmt"/>
        <line num="70" count="4" type="stmt"/>
        <line num="71" count="4" type="stmt"/>
        <line num="72" count="4" type="stmt"/>
        <line num="73" count="4" type="stmt"/>
        <line num="74" count="4" type="stmt"/>
        <line num="75" count="4" type="stmt"/>
        <line num="76" count="4" type="stmt"/>
        <line num="77" count="20" type="stmt"/>
        <line num="80" count="0" type="stmt"/>
        <line num="81" count="0" type="stmt"/>
        <line num="82" count="0" type="stmt"/>
        <line num="86" count="4" type="stmt"/>
        <line num="111" count="20" type="stmt"/>
      </file>
    </package>
    <package name="src.components.CarousalCard">
      <metrics statements="39" coveredstatements="39" conditionals="30" coveredconditionals="22" methods="19" coveredmethods="19"/>
      <file name="CarosalComponent.tsx" path="/home/lenovo/Desktop/IBE/GitRepo/IBE-Frontend/src/components/CarousalCard/CarosalComponent.tsx">
        <metrics statements="8" coveredstatements="8" conditionals="3" coveredconditionals="3" methods="4" coveredmethods="4"/>
        <line num="1" count="160" type="cond" truecount="3" falsecount="0"/>
        <line num="10" count="20" type="stmt"/>
        <line num="11" count="336" type="stmt"/>
        <line num="14" count="600" type="stmt"/>
        <line num="24" count="336" type="stmt"/>
        <line num="27" count="600" type="stmt"/>
        <line num="35" count="336" type="stmt"/>
        <line num="56" count="20" type="stmt"/>
      </file>
      <file name="RoomTypeDetail.tsx" path="/home/lenovo/Desktop/IBE/GitRepo/IBE-Frontend/src/components/CarousalCard/RoomTypeDetail.tsx">
        <metrics statements="31" coveredstatements="31" conditionals="27" coveredconditionals="19" methods="15" coveredmethods="15"/>
        <line num="1" count="160" type="cond" truecount="4" falsecount="1"/>
        <line num="18" count="191" type="stmt"/>
        <line num="19" count="510" type="stmt"/>
        <line num="20" count="510" type="stmt"/>
        <line num="21" count="190" type="stmt"/>
        <line num="22" count="510" type="stmt"/>
        <line num="24" count="190" type="stmt"/>
        <line num="26" count="190" type="stmt"/>
        <line num="27" count="340" type="stmt"/>
        <line num="30" count="190" type="stmt"/>
        <line num="31" count="510" type="stmt"/>
        <line num="34" count="190" type="stmt"/>
        <line num="35" count="510" type="stmt"/>
        <line num="38" count="190" type="stmt"/>
        <line num="39" count="510" type="stmt"/>
        <line num="43" count="190" type="stmt"/>
        <line num="45" count="190" type="stmt"/>
        <line num="46" count="190" type="stmt"/>
        <line num="51" count="510" type="stmt"/>
        <line num="53" count="190" type="stmt"/>
        <line num="54" count="510" type="stmt"/>
        <line num="57" count="190" type="stmt"/>
        <line num="59" count="190" type="stmt"/>
        <line num="60" count="7" type="stmt"/>
        <line num="61" count="7" type="stmt"/>
        <line num="62" count="7" type="stmt"/>
        <line num="63" count="7" type="stmt"/>
        <line num="66" count="190" type="stmt"/>
        <line num="87" count="340" type="stmt"/>
        <line num="219" count="7" type="stmt"/>
        <line num="235" count="20" type="stmt"/>
      </file>
    </package>
    <package name="src.components.Footer">
      <metrics statements="6" coveredstatements="6" conditionals="3" coveredconditionals="3" methods="5" coveredmethods="5"/>
      <file name="Footer.tsx" path="/home/lenovo/Desktop/IBE/GitRepo/IBE-Frontend/src/components/Footer/Footer.tsx">
        <metrics statements="6" coveredstatements="6" conditionals="3" coveredconditionals="3" methods="5" coveredmethods="5"/>
        <line num="1" count="180" type="cond" truecount="3" falsecount="0"/>
        <line num="6" count="86" type="stmt"/>
        <line num="7" count="727" type="stmt"/>
        <line num="8" count="730" type="stmt"/>
        <line num="9" count="86" type="stmt"/>
        <line num="27" count="20" type="stmt"/>
      </file>
    </package>
    <package name="src.components.Header">
      <metrics statements="78" coveredstatements="52" conditionals="19" coveredconditionals="18" methods="32" coveredmethods="19"/>
      <file name="Header.tsx" path="/home/lenovo/Desktop/IBE/GitRepo/IBE-Frontend/src/components/Header/Header.tsx">
        <metrics statements="78" coveredstatements="52" conditionals="19" coveredconditionals="18" methods="32" coveredmethods="19"/>
        <line num="1" count="180" type="cond" truecount="3" falsecount="0"/>
        <line num="22" count="20" type="stmt"/>
        <line num="44" count="256" type="stmt"/>
        <line num="45" count="256" type="stmt"/>
        <line num="46" count="256" type="stmt"/>
        <line num="48" count="256" type="stmt"/>
        <line num="49" count="0" type="stmt"/>
        <line num="50" count="0" type="stmt"/>
        <line num="51" count="0" type="stmt"/>
        <line num="52" count="0" type="stmt"/>
        <line num="53" count="0" type="stmt"/>
        <line num="54" count="0" type="stmt"/>
        <line num="55" count="0" type="stmt"/>
        <line num="58" count="0" type="stmt"/>
        <line num="59" count="0" type="stmt"/>
        <line num="61" count="0" type="stmt"/>
        <line num="64" count="0" type="stmt"/>
        <line num="68" count="256" type="stmt"/>
        <line num="69" count="0" type="stmt"/>
        <line num="70" count="0" type="stmt"/>
        <line num="71" count="0" type="stmt"/>
        <line num="72" count="0" type="stmt"/>
        <line num="73" count="0" type="stmt"/>
        <line num="75" count="0" type="stmt"/>
        <line num="78" count="256" type="stmt"/>
        <line num="80" count="256" type="stmt"/>
        <line num="81" count="1017" type="stmt"/>
        <line num="84" count="1042" type="stmt"/>
        <line num="85" count="1044" type="stmt"/>
        <line num="86" count="256" type="stmt"/>
        <line num="89" count="1" type="stmt"/>
        <line num="90" count="1" type="stmt"/>
        <line num="93" count="256" type="stmt"/>
        <line num="96" count="1" type="stmt"/>
        <line num="97" count="1" type="stmt"/>
        <line num="100" count="256" type="stmt"/>
        <line num="103" count="0" type="stmt"/>
        <line num="105" count="256" type="stmt"/>
        <line num="108" count="0" type="stmt"/>
        <line num="111" count="256" type="stmt"/>
        <line num="112" count="256" type="stmt"/>
        <line num="114" count="256" type="stmt"/>
        <line num="115" count="256" type="stmt"/>
        <line num="116" count="3" type="stmt"/>
        <line num="117" count="3" type="stmt"/>
        <line num="121" count="1" type="stmt"/>
        <line num="122" count="1" type="stmt"/>
        <line num="126" count="1" type="stmt"/>
        <line num="127" count="1" type="stmt"/>
        <line num="130" count="256" type="stmt"/>
        <line num="131" count="256" type="stmt"/>
        <line num="133" count="256" type="stmt"/>
        <line num="134" count="21" type="cond" truecount="1" falsecount="0"/>
        <line num="138" count="19" type="stmt"/>
        <line num="140" count="21" type="cond" truecount="1" falsecount="0"/>
        <line num="144" count="19" type="stmt"/>
        <line num="148" count="256" type="stmt"/>
        <line num="149" count="40" type="stmt"/>
        <line num="150" count="40" type="stmt"/>
        <line num="151" count="21" type="stmt"/>
        <line num="155" count="256" type="stmt"/>
        <line num="157" count="0" type="stmt"/>
        <line num="160" count="256" type="stmt"/>
        <line num="161" count="256" type="stmt"/>
        <line num="162" count="1039" type="stmt"/>
        <line num="164" count="256" type="stmt"/>
        <line num="207" count="1" type="stmt"/>
        <line num="224" count="0" type="stmt"/>
        <line num="231" count="1" type="stmt"/>
        <line num="240" count="1" type="stmt"/>
        <line num="256" count="0" type="stmt"/>
        <line num="263" count="0" type="stmt"/>
        <line num="270" count="1" type="stmt"/>
        <line num="281" count="0" type="stmt"/>
        <line num="290" count="0" type="stmt"/>
        <line num="336" count="0" type="stmt"/>
        <line num="347" count="20" type="stmt"/>
        <line num="349" count="20" type="stmt"/>
      </file>
    </package>
    <package name="src.components.LandingPage">
      <metrics statements="314" coveredstatements="180" conditionals="147" coveredconditionals="74" methods="114" coveredmethods="72"/>
      <file name="ConfigurableFields.tsx" path="/home/lenovo/Desktop/IBE/GitRepo/IBE-Frontend/src/components/LandingPage/ConfigurableFields.tsx">
        <metrics statements="120" coveredstatements="45" conditionals="58" coveredconditionals="18" methods="43" coveredmethods="15"/>
        <line num="1" count="160" type="cond" truecount="4" falsecount="1"/>
        <line num="20" count="124" type="stmt"/>
        <line num="21" count="332" type="stmt"/>
        <line num="22" count="332" type="stmt"/>
        <line num="23" count="124" type="stmt"/>
        <line num="24" count="124" type="stmt"/>
        <line num="25" count="332" type="stmt"/>
        <line num="28" count="332" type="stmt"/>
        <line num="29" count="124" type="stmt"/>
        <line num="30" count="332" type="stmt"/>
        <line num="32" count="124" type="stmt"/>
        <line num="34" count="124" type="stmt"/>
        <line num="36" count="124" type="stmt"/>
        <line num="37" count="22" type="stmt"/>
        <line num="38" count="22" type="stmt"/>
        <line num="39" count="22" type="stmt"/>
        <line num="40" count="0" type="stmt"/>
        <line num="43" count="22" type="stmt"/>
        <line num="44" count="0" type="stmt"/>
        <line num="45" count="0" type="cond" truecount="0" falsecount="2"/>
        <line num="46" count="0" type="stmt"/>
        <line num="49" count="0" type="stmt"/>
        <line num="52" count="0" type="cond" truecount="0" falsecount="1"/>
        <line num="53" count="0" type="stmt"/>
        <line num="57" count="22" type="stmt"/>
        <line num="60" count="124" type="stmt"/>
        <line num="61" count="22" type="stmt"/>
        <line num="62" count="22" type="stmt"/>
        <line num="63" count="0" type="cond" truecount="0" falsecount="2"/>
        <line num="64" count="0" type="stmt"/>
        <line num="66" count="0" type="stmt"/>
        <line num="70" count="124" type="stmt"/>
        <line num="71" count="0" type="stmt"/>
        <line num="73" count="124" type="stmt"/>
        <line num="77" count="0" type="stmt"/>
        <line num="78" count="0" type="cond" truecount="0" falsecount="1"/>
        <line num="79" count="0" type="stmt"/>
        <line num="82" count="0" type="stmt"/>
        <line num="84" count="124" type="stmt"/>
        <line num="88" count="0" type="stmt"/>
        <line num="89" count="0" type="cond" truecount="0" falsecount="1"/>
        <line num="90" count="0" type="stmt"/>
        <line num="93" count="0" type="stmt"/>
        <line num="96" count="124" type="stmt"/>
        <line num="97" count="0" type="stmt"/>
        <line num="103" count="124" type="stmt"/>
        <line num="105" count="0" type="cond" truecount="0" falsecount="1"/>
        <line num="106" count="0" type="cond" truecount="0" falsecount="1"/>
        <line num="107" count="0" type="stmt"/>
        <line num="110" count="0" type="stmt"/>
        <line num="118" count="124" type="stmt"/>
        <line num="133" count="124" type="stmt"/>
        <line num="135" count="124" type="stmt"/>
        <line num="136" count="332" type="stmt"/>
        <line num="140" count="0" type="stmt"/>
        <line num="141" count="0" type="stmt"/>
        <line num="142" count="0" type="stmt"/>
        <line num="143" count="0" type="stmt"/>
        <line num="144" count="0" type="stmt"/>
        <line num="150" count="0" type="cond" truecount="0" falsecount="2"/>
        <line num="154" count="0" type="cond" truecount="0" falsecount="2"/>
        <line num="155" count="0" type="stmt"/>
        <line num="157" count="0" type="stmt"/>
        <line num="159" count="0" type="stmt"/>
        <line num="161" count="0" type="stmt"/>
        <line num="168" count="0" type="cond" truecount="0" falsecount="2"/>
        <line num="169" count="0" type="cond" truecount="0" falsecount="1"/>
        <line num="170" count="0" type="stmt"/>
        <line num="171" count="0" type="stmt"/>
        <line num="173" count="0" type="cond" truecount="0" falsecount="1"/>
        <line num="174" count="0" type="stmt"/>
        <line num="175" count="0" type="stmt"/>
        <line num="180" count="0" type="stmt"/>
        <line num="181" count="0" type="stmt"/>
        <line num="182" count="0" type="stmt"/>
        <line num="183" count="0" type="stmt"/>
        <line num="184" count="0" type="stmt"/>
        <line num="208" count="0" type="stmt"/>
        <line num="209" count="0" type="stmt"/>
        <line num="212" count="0" type="stmt"/>
        <line num="215" count="0" type="stmt"/>
        <line num="216" count="0" type="stmt"/>
        <line num="217" count="0" type="stmt"/>
        <line num="221" count="0" type="stmt"/>
        <line num="224" count="0" type="stmt"/>
        <line num="225" count="0" type="stmt"/>
        <line num="226" count="0" type="stmt"/>
        <line num="229" count="0" type="stmt"/>
        <line num="230" count="0" type="stmt"/>
        <line num="235" count="0" type="cond" truecount="0" falsecount="2"/>
        <line num="236" count="0" type="stmt"/>
        <line num="239" count="0" type="stmt"/>
        <line num="243" count="124" type="stmt"/>
        <line num="245" count="124" type="stmt"/>
        <line num="247" count="124" type="stmt"/>
        <line num="248" count="12" type="cond" truecount="3" falsecount="0"/>
        <line num="249" count="12" type="stmt"/>
        <line num="251" count="12" type="cond" truecount="3" falsecount="0"/>
        <line num="252" count="12" type="stmt"/>
        <line num="256" count="124" type="stmt"/>
        <line num="257" count="22" type="stmt"/>
        <line num="258" count="22" type="stmt"/>
        <line num="259" count="11" type="stmt"/>
        <line num="263" count="124" type="stmt"/>
        <line num="283" count="0" type="cond" truecount="0" falsecount="2"/>
        <line num="294" count="0" type="cond" truecount="0" falsecount="2"/>
        <line num="299" count="0" type="cond" truecount="0" falsecount="2"/>
        <line num="321" count="0" type="stmt"/>
        <line num="327" count="0" type="stmt"/>
        <line num="328" count="0" type="stmt"/>
        <line num="337" count="0" type="stmt"/>
        <line num="345" count="0" type="stmt"/>
        <line num="364" count="0" type="cond" truecount="0" falsecount="2"/>
        <line num="369" count="0" type="cond" truecount="0" falsecount="2"/>
        <line num="394" count="372" type="stmt"/>
        <line num="397" count="0" type="stmt"/>
        <line num="410" count="0" type="cond" truecount="0" falsecount="2"/>
        <line num="416" count="0" type="stmt"/>
        <line num="426" count="20" type="stmt"/>
        <line num="428" count="20" type="stmt"/>
      </file>
      <file name="DateRangePickerComponent.tsx" path="/home/lenovo/Desktop/IBE/GitRepo/IBE-Frontend/src/components/LandingPage/DateRangePickerComponent.tsx">
        <metrics statements="68" coveredstatements="44" conditionals="26" coveredconditionals="18" methods="18" coveredmethods="14"/>
        <line num="1" count="160" type="cond" truecount="4" falsecount="1"/>
        <line num="25" count="342" type="stmt"/>
        <line num="26" count="838" type="stmt"/>
        <line num="27" count="843" type="stmt"/>
        <line num="28" count="836" type="stmt"/>
        <line num="29" count="342" type="stmt"/>
        <line num="34" count="342" type="stmt"/>
        <line num="35" count="843" type="stmt"/>
        <line num="36" count="342" type="stmt"/>
        <line num="40" count="342" type="stmt"/>
        <line num="50" count="342" type="stmt"/>
        <line num="51" count="40" type="stmt"/>
        <line num="52" count="40" type="stmt"/>
        <line num="55" count="3" type="stmt"/>
        <line num="58" count="3" type="stmt"/>
        <line num="62" count="342" type="stmt"/>
        <line num="70" count="342" type="stmt"/>
        <line num="71" count="0" type="stmt"/>
        <line num="72" count="0" type="cond" truecount="0" falsecount="1"/>
        <line num="73" count="0" type="stmt"/>
        <line num="74" count="0" type="stmt"/>
        <line num="75" count="0" type="stmt"/>
        <line num="76" count="0" type="stmt"/>
        <line num="77" count="0" type="stmt"/>
        <line num="81" count="342" type="stmt"/>
        <line num="82" count="0" type="stmt"/>
        <line num="83" count="0" type="stmt"/>
        <line num="84" count="0" type="stmt"/>
        <line num="86" count="342" type="stmt"/>
        <line num="87" count="0" type="stmt"/>
        <line num="88" count="0" type="stmt"/>
        <line num="89" count="0" type="stmt"/>
        <line num="90" count="0" type="cond" truecount="0" falsecount="1"/>
        <line num="91" count="0" type="stmt"/>
        <line num="93" count="0" type="stmt"/>
        <line num="96" count="342" type="stmt"/>
        <line num="97" count="342" type="stmt"/>
        <line num="98" count="342" type="stmt"/>
        <line num="99" count="342" type="stmt"/>
        <line num="100" count="342" type="stmt"/>
        <line num="101" count="342" type="stmt"/>
        <line num="102" count="342" type="stmt"/>
        <line num="103" count="0" type="stmt"/>
        <line num="104" count="0" type="stmt"/>
        <line num="106" count="342" type="stmt"/>
        <line num="121" count="0" type="stmt"/>
        <line num="122" count="0" type="stmt"/>
        <line num="123" count="0" type="stmt"/>
        <line num="126" count="0" type="stmt"/>
        <line num="128" count="0" type="stmt"/>
        <line num="129" count="0" type="stmt"/>
        <line num="132" count="342" type="stmt"/>
        <line num="133" count="833" type="stmt"/>
        <line num="136" count="342" type="stmt"/>
        <line num="137" count="342" type="stmt"/>
        <line num="138" count="342" type="stmt"/>
        <line num="140" count="342" type="stmt"/>
        <line num="142" count="342" type="stmt"/>
        <line num="143" count="342" type="stmt"/>
        <line num="147" count="1026" type="stmt"/>
        <line num="148" count="1026" type="cond" truecount="1" falsecount="0"/>
        <line num="149" count="8" type="stmt"/>
        <line num="153" count="342" type="stmt"/>
        <line num="155" count="342" type="cond" truecount="2" falsecount="0"/>
        <line num="157" count="342" type="stmt"/>
        <line num="184" count="15050" type="stmt"/>
        <line num="266" count="20" type="stmt"/>
        <line num="268" count="20" type="stmt"/>
      </file>
      <file name="LandingPage.tsx" path="/home/lenovo/Desktop/IBE/GitRepo/IBE-Frontend/src/components/LandingPage/LandingPage.tsx">
        <metrics statements="52" coveredstatements="38" conditionals="25" coveredconditionals="13" methods="21" coveredmethods="19"/>
        <line num="1" count="160" type="cond" truecount="4" falsecount="1"/>
        <line num="30" count="20" type="stmt"/>
        <line num="37" count="186" type="stmt"/>
        <line num="38" count="186" type="stmt"/>
        <line num="39" count="376" type="stmt"/>
        <line num="41" count="379" type="stmt"/>
        <line num="42" count="178" type="stmt"/>
        <line num="43" count="178" type="stmt"/>
        <line num="44" count="22" type="stmt"/>
        <line num="45" count="22" type="stmt"/>
        <line num="47" count="178" type="stmt"/>
        <line num="48" count="354" type="stmt"/>
        <line num="50" count="178" type="stmt"/>
        <line num="51" count="370" type="stmt"/>
        <line num="53" count="178" type="stmt"/>
        <line num="54" count="386" type="stmt"/>
        <line num="56" count="386" type="stmt"/>
        <line num="57" count="178" type="stmt"/>
        <line num="58" count="386" type="stmt"/>
        <line num="61" count="178" type="stmt"/>
        <line num="62" count="386" type="stmt"/>
        <line num="65" count="178" type="stmt"/>
        <line num="66" count="386" type="stmt"/>
        <line num="68" count="178" type="stmt"/>
        <line num="69" count="386" type="stmt"/>
        <line num="71" count="178" type="stmt"/>
        <line num="73" count="178" type="stmt"/>
        <line num="74" count="354" type="stmt"/>
        <line num="77" count="178" type="stmt"/>
        <line num="78" count="38" type="cond" truecount="1" falsecount="0"/>
        <line num="79" count="38" type="stmt"/>
        <line num="80" count="288" type="stmt"/>
        <line num="83" count="38" type="cond" truecount="0" falsecount="1"/>
        <line num="84" count="0" type="stmt"/>
        <line num="85" count="0" type="stmt"/>
        <line num="90" count="386" type="stmt"/>
        <line num="91" count="386" type="stmt"/>
        <line num="94" count="0" type="stmt"/>
        <line num="95" count="0" type="stmt"/>
        <line num="96" count="0" type="stmt"/>
        <line num="98" count="0" type="stmt"/>
        <line num="112" count="0" type="stmt"/>
        <line num="113" count="0" type="stmt"/>
        <line num="116" count="0" type="stmt"/>
        <line num="117" count="0" type="stmt"/>
        <line num="124" count="0" type="stmt"/>
        <line num="125" count="0" type="stmt"/>
        <line num="126" count="0" type="stmt"/>
        <line num="127" count="0" type="stmt"/>
        <line num="135" count="178" type="stmt"/>
        <line num="142" count="178" type="stmt"/>
        <line num="199" count="20" type="stmt"/>
      </file>
      <file name="PropertContainer.tsx" path="/home/lenovo/Desktop/IBE/GitRepo/IBE-Frontend/src/components/LandingPage/PropertContainer.tsx">
        <metrics statements="49" coveredstatements="28" conditionals="24" coveredconditionals="14" methods="21" coveredmethods="13"/>
        <line num="1" count="160" type="cond" truecount="4" falsecount="1"/>
        <line num="16" count="104" type="stmt"/>
        <line num="18" count="304" type="stmt"/>
        <line num="19" count="104" type="stmt"/>
        <line num="20" count="312" type="stmt"/>
        <line num="22" count="104" type="stmt"/>
        <line num="23" count="104" type="stmt"/>
        <line num="24" count="280" type="stmt"/>
        <line num="26" count="104" type="stmt"/>
        <line num="27" count="280" type="stmt"/>
        <line num="30" count="104" type="stmt"/>
        <line num="32" count="104" type="stmt"/>
        <line num="33" count="12" type="cond" truecount="3" falsecount="0"/>
        <line num="34" count="11" type="stmt"/>
        <line num="38" count="104" type="stmt"/>
        <line num="39" count="22" type="stmt"/>
        <line num="40" count="22" type="stmt"/>
        <line num="41" count="11" type="stmt"/>
        <line num="45" count="104" type="stmt"/>
        <line num="47" count="1" type="stmt"/>
        <line num="48" count="1" type="stmt"/>
        <line num="49" count="1" type="stmt"/>
        <line num="50" count="1" type="stmt"/>
        <line num="51" count="1" type="stmt"/>
        <line num="54" count="0" type="stmt"/>
        <line num="55" count="0" type="stmt"/>
        <line num="56" count="0" type="cond" truecount="0" falsecount="2"/>
        <line num="57" count="0" type="stmt"/>
        <line num="62" count="0" type="stmt"/>
        <line num="65" count="0" type="stmt"/>
        <line num="66" count="0" type="stmt"/>
        <line num="68" count="0" type="cond" truecount="0" falsecount="1"/>
        <line num="69" count="0" type="stmt"/>
        <line num="76" count="0" type="stmt"/>
        <line num="85" count="0" type="stmt"/>
        <line num="86" count="0" type="stmt"/>
        <line num="87" count="0" type="cond" truecount="0" falsecount="2"/>
        <line num="88" count="0" type="stmt"/>
        <line num="93" count="0" type="stmt"/>
        <line num="96" count="0" type="stmt"/>
        <line num="98" count="0" type="cond" truecount="0" falsecount="1"/>
        <line num="99" count="0" type="stmt"/>
        <line num="106" count="0" type="stmt"/>
        <line num="116" count="104" type="stmt"/>
        <line num="155" count="1080" type="cond" truecount="2" falsecount="0"/>
        <line num="163" count="0" type="stmt"/>
        <line num="165" count="0" type="stmt"/>
        <line num="172" count="20" type="stmt"/>
        <line num="174" count="20" type="stmt"/>
      </file>
      <file name="SelectDatesContainer.tsx" path="/home/lenovo/Desktop/IBE/GitRepo/IBE-Frontend/src/components/LandingPage/SelectDatesContainer.tsx">
        <metrics statements="25" coveredstatements="25" conditionals="14" coveredconditionals="11" methods="11" coveredmethods="11"/>
        <line num="1" count="180" type="cond" truecount="3" falsecount="0"/>
        <line num="8" count="106" type="stmt"/>
        <line num="9" count="314" type="stmt"/>
        <line num="10" count="106" type="stmt"/>
        <line num="11" count="106" type="stmt"/>
        <line num="12" count="302" type="stmt"/>
        <line num="16" count="2" type="stmt"/>
        <line num="17" count="2" type="stmt"/>
        <line num="18" count="2" type="stmt"/>
        <line num="19" count="2" type="stmt"/>
        <line num="20" count="2" type="stmt"/>
        <line num="23" count="106" type="stmt"/>
        <line num="25" count="106" type="stmt"/>
        <line num="26" count="12" type="cond" truecount="3" falsecount="0"/>
        <line num="27" count="10" type="stmt"/>
        <line num="28" count="10" type="stmt"/>
        <line num="32" count="106" type="stmt"/>
        <line num="33" count="22" type="stmt"/>
        <line num="34" count="22" type="stmt"/>
        <line num="35" count="11" type="stmt"/>
        <line num="39" count="314" type="stmt"/>
        <line num="40" count="314" type="stmt"/>
        <line num="42" count="106" type="stmt"/>
        <line num="106" count="20" type="stmt"/>
        <line num="108" count="20" type="stmt"/>
      </file>
    </package>
    <package name="src.components.MyBookingPage">
      <metrics statements="21" coveredstatements="4" conditionals="14" coveredconditionals="3" methods="10" coveredmethods="1"/>
      <file name="MyBookingPage.tsx" path="/home/lenovo/Desktop/IBE/GitRepo/IBE-Frontend/src/components/MyBookingPage/MyBookingPage.tsx">
        <metrics statements="21" coveredstatements="4" conditionals="14" coveredconditionals="3" methods="10" coveredmethods="1"/>
        <line num="1" count="180" type="cond" truecount="3" falsecount="0"/>
        <line num="10" count="0" type="stmt"/>
        <line num="11" count="0" type="stmt"/>
        <line num="13" count="0" type="stmt"/>
        <line num="14" count="0" type="stmt"/>
        <line num="17" count="0" type="stmt"/>
        <line num="19" count="0" type="stmt"/>
        <line num="20" count="0" type="stmt"/>
        <line num="21" count="0" type="stmt"/>
        <line num="22" count="0" type="cond" truecount="0" falsecount="1"/>
        <line num="23" count="0" type="stmt"/>
        <line num="27" count="0" type="stmt"/>
        <line num="33" count="0" type="stmt"/>
        <line num="34" count="0" type="stmt"/>
        <line num="36" count="0" type="stmt"/>
        <line num="38" count="20" type="stmt"/>
        <line num="40" count="0" type="stmt"/>
        <line num="53" count="0" type="stmt"/>
        <line num="58" count="0" type="stmt"/>
        <line num="183" count="20" type="stmt"/>
        <line num="185" count="20" type="stmt"/>
      </file>
    </package>
    <package name="src.components.ReviewsPage">
      <metrics statements="41" coveredstatements="8" conditionals="30" coveredconditionals="7" methods="12" coveredmethods="2"/>
      <file name="CircleCheck.tsx" path="/home/lenovo/Desktop/IBE/GitRepo/IBE-Frontend/src/components/ReviewsPage/CircleCheck.tsx">
        <metrics statements="5" coveredstatements="4" conditionals="3" coveredconditionals="3" methods="2" coveredmethods="1"/>
        <line num="1" count="160" type="cond" truecount="3" falsecount="0"/>
        <line num="3" count="20" type="stmt"/>
        <line num="4" count="0" type="stmt"/>
        <line num="12" count="20" type="stmt"/>
        <line num="14" count="20" type="stmt"/>
      </file>
      <file name="Reviews.tsx" path="/home/lenovo/Desktop/IBE/GitRepo/IBE-Frontend/src/components/ReviewsPage/Reviews.tsx">
        <metrics statements="36" coveredstatements="4" conditionals="27" coveredconditionals="4" methods="10" coveredmethods="1"/>
        <line num="1" count="160" type="cond" truecount="4" falsecount="1"/>
        <line num="13" count="0" type="stmt"/>
        <line num="14" count="0" type="stmt"/>
        <line num="15" count="0" type="stmt"/>
        <line num="16" count="0" type="stmt"/>
        <line num="17" count="0" type="stmt"/>
        <line num="18" count="0" type="stmt"/>
        <line num="19" count="0" type="stmt"/>
        <line num="20" count="0" type="stmt"/>
        <line num="21" count="0" type="stmt"/>
        <line num="22" count="0" type="stmt"/>
        <line num="23" count="0" type="stmt"/>
        <line num="30" count="0" type="stmt"/>
        <line num="32" count="0" type="stmt"/>
        <line num="33" count="0" type="cond" truecount="0" falsecount="6"/>
        <line num="39" count="0" type="stmt"/>
        <line num="49" count="0" type="cond" truecount="0" falsecount="2"/>
        <line num="50" count="0" type="stmt"/>
        <line num="52" count="0" type="stmt"/>
        <line num="56" count="0" type="stmt"/>
        <line num="59" count="0" type="stmt"/>
        <line num="61" count="20" type="stmt"/>
        <line num="62" count="0" type="stmt"/>
        <line num="63" count="0" type="stmt"/>
        <line num="64" count="0" type="stmt"/>
        <line num="65" count="0" type="stmt"/>
        <line num="67" count="0" type="cond" truecount="0" falsecount="1"/>
        <line num="72" count="0" type="stmt"/>
        <line num="73" count="0" type="stmt"/>
        <line num="74" count="0" type="stmt"/>
        <line num="77" count="0" type="stmt"/>
        <line num="124" count="0" type="cond" truecount="0" falsecount="2"/>
        <line num="127" count="0" type="stmt"/>
        <line num="144" count="0" type="stmt"/>
        <line num="156" count="20" type="stmt"/>
        <line num="158" count="20" type="stmt"/>
      </file>
    </package>
    <package name="src.components.RoomModal">
      <metrics statements="123" coveredstatements="111" conditionals="41" coveredconditionals="31" methods="39" coveredmethods="35"/>
      <file name="DealCard.tsx" path="/home/lenovo/Desktop/IBE/GitRepo/IBE-Frontend/src/components/RoomModal/DealCard.tsx">
        <metrics statements="8" coveredstatements="8" conditionals="10" coveredconditionals="10" methods="5" coveredmethods="5"/>
        <line num="1" count="180" type="cond" truecount="3" falsecount="0"/>
        <line num="16" count="20" type="stmt"/>
        <line num="23" count="122" type="stmt"/>
        <line num="24" count="388" type="stmt"/>
        <line num="26" count="388" type="stmt"/>
        <line num="27" count="122" type="stmt"/>
        <line num="76" count="20" type="stmt"/>
        <line num="78" count="20" type="stmt"/>
      </file>
      <file name="RoomModal.tsx" path="/home/lenovo/Desktop/IBE/GitRepo/IBE-Frontend/src/components/RoomModal/RoomModal.tsx">
        <metrics statements="115" coveredstatements="103" conditionals="31" coveredconditionals="21" methods="34" coveredmethods="30"/>
        <line num="1" count="160" type="cond" truecount="4" falsecount="1"/>
        <line num="32" count="20" type="stmt"/>
        <line num="39" count="20" type="stmt"/>
        <line num="53" count="228" type="stmt"/>
        <line num="55" count="228" type="stmt"/>
        <line num="56" count="527" type="stmt"/>
        <line num="58" count="520" type="stmt"/>
        <line num="59" count="228" type="stmt"/>
        <line num="60" count="527" type="stmt"/>
        <line num="63" count="228" type="stmt"/>
        <line num="64" count="527" type="stmt"/>
        <line num="67" count="228" type="stmt"/>
        <line num="70" count="228" type="stmt"/>
        <line num="71" count="527" type="stmt"/>
        <line num="74" count="228" type="stmt"/>
        <line num="75" count="527" type="stmt"/>
        <line num="78" count="527" type="stmt"/>
        <line num="79" count="518" type="stmt"/>
        <line num="80" count="228" type="stmt"/>
        <line num="82" count="228" type="stmt"/>
        <line num="83" count="25" type="stmt"/>
        <line num="85" count="25" type="cond" truecount="1" falsecount="0"/>
        <line num="87" count="7" type="stmt"/>
        <line num="89" count="7" type="stmt"/>
        <line num="91" count="7" type="stmt"/>
        <line num="92" count="7" type="stmt"/>
        <line num="93" count="7" type="stmt"/>
        <line num="94" count="7" type="cond" truecount="3" falsecount="0"/>
        <line num="95" count="7" type="stmt"/>
        <line num="96" count="7" type="stmt"/>
        <line num="97" count="7" type="stmt"/>
        <line num="99" count="7" type="stmt"/>
        <line num="101" count="7" type="cond" truecount="0" falsecount="1"/>
        <line num="102" count="0" type="stmt"/>
        <line num="112" count="7" type="stmt"/>
        <line num="120" count="7" type="stmt"/>
        <line num="133" count="228" type="stmt"/>
        <line num="134" count="0" type="stmt"/>
        <line num="137" count="228" type="stmt"/>
        <line num="138" count="548" type="stmt"/>
        <line num="141" count="228" type="stmt"/>
        <line num="142" count="58" type="stmt"/>
        <line num="145" count="228" type="stmt"/>
        <line num="150" count="228" type="stmt"/>
        <line num="151" count="25" type="stmt"/>
        <line num="154" count="228" type="stmt"/>
        <line num="155" count="548" type="stmt"/>
        <line num="156" count="548" type="stmt"/>
        <line num="157" count="539" type="stmt"/>
        <line num="159" count="228" type="stmt"/>
        <line num="163" count="2" type="stmt"/>
        <line num="164" count="2" type="stmt"/>
        <line num="167" count="2" type="stmt"/>
        <line num="170" count="2" type="stmt"/>
        <line num="173" count="2" type="stmt"/>
        <line num="176" count="228" type="stmt"/>
        <line num="177" count="548" type="stmt"/>
        <line num="179" count="228" type="stmt"/>
        <line num="180" count="4" type="stmt"/>
        <line num="181" count="4" type="cond" truecount="1" falsecount="0"/>
        <line num="182" count="4" type="stmt"/>
        <line num="183" count="12" type="stmt"/>
        <line num="186" count="4" type="stmt"/>
        <line num="189" count="228" type="stmt"/>
        <line num="190" count="2" type="stmt"/>
        <line num="191" count="2" type="stmt"/>
        <line num="192" count="2" type="stmt"/>
        <line num="193" count="2" type="stmt"/>
        <line num="194" count="2" type="stmt"/>
        <line num="195" count="2" type="stmt"/>
        <line num="196" count="2" type="stmt"/>
        <line num="197" count="2" type="stmt"/>
        <line num="198" count="2" type="stmt"/>
        <line num="199" count="2" type="stmt"/>
        <line num="200" count="2" type="stmt"/>
        <line num="201" count="2" type="stmt"/>
        <line num="202" count="2" type="stmt"/>
        <line num="203" count="2" type="cond" truecount="1" falsecount="0"/>
        <line num="204" count="2" type="stmt"/>
        <line num="206" count="2" type="stmt"/>
        <line num="208" count="2" type="stmt"/>
        <line num="209" count="2" type="stmt"/>
        <line num="214" count="2" type="cond" truecount="1" falsecount="1"/>
        <line num="215" count="0" type="stmt"/>
        <line num="216" count="0" type="stmt"/>
        <line num="218" count="2" type="stmt"/>
        <line num="219" count="2" type="stmt"/>
        <line num="224" count="2" type="stmt"/>
        <line num="225" count="2" type="stmt"/>
        <line num="226" count="2" type="stmt"/>
        <line num="227" count="2" type="stmt"/>
        <line num="228" count="2" type="stmt"/>
        <line num="229" count="2" type="stmt"/>
        <line num="230" count="2" type="stmt"/>
        <line num="234" count="228" type="stmt"/>
        <line num="235" count="4" type="stmt"/>
        <line num="241" count="228" type="stmt"/>
        <line num="242" count="4" type="stmt"/>
        <line num="249" count="228" type="stmt"/>
        <line num="252" count="0" type="stmt"/>
        <line num="253" count="0" type="stmt"/>
        <line num="254" count="0" type="cond" truecount="0" falsecount="1"/>
        <line num="255" count="0" type="stmt"/>
        <line num="257" count="0" type="stmt"/>
        <line num="258" count="0" type="stmt"/>
        <line num="262" count="548" type="stmt"/>
        <line num="264" count="228" type="stmt"/>
        <line num="296" count="6" type="stmt"/>
        <line num="378" count="352" type="stmt"/>
        <line num="400" count="2" type="stmt"/>
        <line num="410" count="64" type="stmt"/>
        <line num="417" count="0" type="stmt"/>
        <line num="435" count="0" type="stmt"/>
        <line num="448" count="20" type="stmt"/>
        <line num="450" count="20" type="stmt"/>
      </file>
    </package>
    <package name="src.components.RoomResults">
      <metrics statements="451" coveredstatements="312" conditionals="208" coveredconditionals="122" methods="152" coveredmethods="101"/>
      <file name="FilterContainer.tsx" path="/home/lenovo/Desktop/IBE/GitRepo/IBE-Frontend/src/components/RoomResults/FilterContainer.tsx">
        <metrics statements="31" coveredstatements="16" conditionals="27" coveredconditionals="18" methods="25" coveredmethods="10"/>
        <line num="1" count="180" type="cond" truecount="3" falsecount="0"/>
        <line num="7" count="237" type="stmt"/>
        <line num="9" count="237" type="stmt"/>
        <line num="10" count="236" type="stmt"/>
        <line num="11" count="236" type="stmt"/>
        <line num="13" count="236" type="stmt"/>
        <line num="16" count="0" type="stmt"/>
        <line num="20" count="0" type="stmt"/>
        <line num="24" count="0" type="stmt"/>
        <line num="28" count="0" type="stmt"/>
        <line num="31" count="0" type="stmt"/>
        <line num="34" count="834" type="stmt"/>
        <line num="37" count="0" type="stmt"/>
        <line num="40" count="834" type="stmt"/>
        <line num="42" count="834" type="stmt"/>
        <line num="45" count="0" type="stmt"/>
        <line num="49" count="0" type="stmt"/>
        <line num="53" count="0" type="stmt"/>
        <line num="56" count="834" type="stmt"/>
        <line num="57" count="236" type="stmt"/>
        <line num="69" count="8" type="stmt"/>
        <line num="73" count="0" type="stmt"/>
        <line num="75" count="0" type="stmt"/>
        <line num="90" count="8" type="stmt"/>
        <line num="94" count="0" type="stmt"/>
        <line num="96" count="0" type="stmt"/>
        <line num="111" count="12" type="stmt"/>
        <line num="115" count="0" type="stmt"/>
        <line num="117" count="0" type="stmt"/>
        <line num="125" count="20" type="stmt"/>
        <line num="127" count="20" type="stmt"/>
      </file>
      <file name="IteanaryContainer.tsx" path="/home/lenovo/Desktop/IBE/GitRepo/IBE-Frontend/src/components/RoomResults/IteanaryContainer.tsx">
        <metrics statements="93" coveredstatements="87" conditionals="21" coveredconditionals="18" methods="31" coveredmethods="28"/>
        <line num="1" count="180" type="cond" truecount="4" falsecount="1"/>
        <line num="28" count="20" type="stmt"/>
        <line num="29" count="186" type="stmt"/>
        <line num="35" count="20" type="stmt"/>
        <line num="41" count="20" type="stmt"/>
        <line num="44" count="230" type="stmt"/>
        <line num="45" count="230" type="stmt"/>
        <line num="46" count="654" type="stmt"/>
        <line num="48" count="230" type="stmt"/>
        <line num="51" count="0" type="stmt"/>
        <line num="52" count="0" type="stmt"/>
        <line num="55" count="230" type="stmt"/>
        <line num="56" count="654" type="stmt"/>
        <line num="59" count="230" type="stmt"/>
        <line num="60" count="654" type="stmt"/>
        <line num="63" count="230" type="stmt"/>
        <line num="64" count="654" type="stmt"/>
        <line num="66" count="230" type="stmt"/>
        <line num="67" count="654" type="stmt"/>
        <line num="70" count="230" type="stmt"/>
        <line num="71" count="654" type="stmt"/>
        <line num="74" count="230" type="stmt"/>
        <line num="75" count="230" type="stmt"/>
        <line num="76" count="654" type="stmt"/>
        <line num="78" count="230" type="stmt"/>
        <line num="81" count="0" type="stmt"/>
        <line num="84" count="0" type="stmt"/>
        <line num="86" count="230" type="stmt"/>
        <line num="90" count="230" type="stmt"/>
        <line num="91" count="230" type="stmt"/>
        <line num="93" count="230" type="stmt"/>
        <line num="94" count="230" type="stmt"/>
        <line num="95" count="230" type="stmt"/>
        <line num="96" count="230" type="stmt"/>
        <line num="97" count="230" type="stmt"/>
        <line num="99" count="230" type="stmt"/>
        <line num="102" count="230" type="stmt"/>
        <line num="103" count="230" type="stmt"/>
        <line num="105" count="230" type="stmt"/>
        <line num="106" count="74" type="cond" truecount="1" falsecount="1"/>
        <line num="108" count="230" type="stmt"/>
        <line num="109" count="654" type="stmt"/>
        <line num="112" count="230" type="stmt"/>
        <line num="113" count="230" type="stmt"/>
        <line num="115" count="230" type="stmt"/>
        <line num="116" count="654" type="stmt"/>
        <line num="119" count="230" type="stmt"/>
        <line num="120" count="34" type="stmt"/>
        <line num="121" count="34" type="cond" truecount="1" falsecount="0"/>
        <line num="122" count="16" type="stmt"/>
        <line num="123" count="48" type="stmt"/>
        <line num="126" count="34" type="stmt"/>
        <line num="129" count="230" type="stmt"/>
        <line num="130" count="26" type="stmt"/>
        <line num="132" count="26" type="stmt"/>
        <line num="133" count="26" type="stmt"/>
        <line num="136" count="230" type="stmt"/>
        <line num="140" count="26" type="stmt"/>
        <line num="141" count="26" type="stmt"/>
        <line num="144" count="26" type="stmt"/>
        <line num="147" count="26" type="stmt"/>
        <line num="150" count="26" type="stmt"/>
        <line num="152" count="648" type="stmt"/>
        <line num="153" count="648" type="stmt"/>
        <line num="154" count="648" type="stmt"/>
        <line num="155" count="230" type="stmt"/>
        <line num="156" count="648" type="stmt"/>
        <line num="158" count="648" type="stmt"/>
        <line num="159" count="586" type="stmt"/>
        <line num="161" count="230" type="stmt"/>
        <line num="162" count="26" type="stmt"/>
        <line num="163" count="26" type="stmt"/>
        <line num="164" count="26" type="stmt"/>
        <line num="166" count="26" type="cond" truecount="1" falsecount="0"/>
        <line num="167" count="8" type="stmt"/>
        <line num="169" count="8" type="stmt"/>
        <line num="171" count="8" type="stmt"/>
        <line num="177" count="8" type="cond" truecount="1" falsecount="1"/>
        <line num="178" count="0" type="stmt"/>
        <line num="179" count="0" type="stmt"/>
        <line num="181" count="8" type="stmt"/>
        <line num="183" count="8" type="stmt"/>
        <line num="187" count="8" type="stmt"/>
        <line num="188" count="8" type="stmt"/>
        <line num="189" count="8" type="stmt"/>
        <line num="190" count="8" type="stmt"/>
        <line num="191" count="8" type="stmt"/>
        <line num="192" count="8" type="stmt"/>
        <line num="195" count="600" type="stmt"/>
        <line num="197" count="600" type="stmt"/>
        <line num="199" count="230" type="stmt"/>
        <line num="411" count="20" type="stmt"/>
        <line num="413" count="40" type="stmt"/>
      </file>
      <file name="MobileFilterComponent.tsx" path="/home/lenovo/Desktop/IBE/GitRepo/IBE-Frontend/src/components/RoomResults/MobileFilterComponent.tsx">
        <metrics statements="7" coveredstatements="6" conditionals="7" coveredconditionals="5" methods="3" coveredmethods="2"/>
        <line num="1" count="180" type="cond" truecount="3" falsecount="0"/>
        <line num="5" count="117" type="stmt"/>
        <line num="7" count="117" type="stmt"/>
        <line num="10" count="0" type="stmt"/>
        <line num="12" count="116" type="stmt"/>
        <line num="28" count="20" type="stmt"/>
        <line num="30" count="20" type="stmt"/>
      </file>
      <file name="MobileItenary.tsx" path="/home/lenovo/Desktop/IBE/GitRepo/IBE-Frontend/src/components/RoomResults/MobileItenary.tsx">
        <metrics statements="7" coveredstatements="6" conditionals="7" coveredconditionals="5" methods="3" coveredmethods="2"/>
        <line num="1" count="180" type="cond" truecount="3" falsecount="0"/>
        <line num="10" count="20" type="stmt"/>
        <line num="11" count="4" type="stmt"/>
        <line num="14" count="0" type="stmt"/>
        <line num="17" count="4" type="stmt"/>
        <line num="44" count="20" type="stmt"/>
        <line num="46" count="20" type="stmt"/>
      </file>
      <file name="RoomResults.tsx" path="/home/lenovo/Desktop/IBE/GitRepo/IBE-Frontend/src/components/RoomResults/RoomResults.tsx">
        <metrics statements="141" coveredstatements="97" conditionals="63" coveredconditionals="30" methods="40" coveredmethods="28"/>
        <line num="1" count="180" type="cond" truecount="3" falsecount="0"/>
        <line num="33" count="20" type="stmt"/>
        <line num="40" count="139" type="stmt"/>
        <line num="41" count="139" type="stmt"/>
        <line num="46" count="139" type="stmt"/>
        <line num="47" count="450" type="stmt"/>
        <line num="51" count="130" type="stmt"/>
        <line num="55" count="0" type="stmt"/>
        <line num="56" count="0" type="cond" truecount="0" falsecount="1"/>
        <line num="57" count="0" type="stmt"/>
        <line num="60" count="0" type="stmt"/>
        <line num="63" count="130" type="stmt"/>
        <line num="64" count="450" type="stmt"/>
        <line num="66" count="130" type="stmt"/>
        <line num="67" count="450" type="stmt"/>
        <line num="69" count="130" type="stmt"/>
        <line num="70" count="130" type="stmt"/>
        <line num="71" count="130" type="stmt"/>
        <line num="72" count="450" type="stmt"/>
        <line num="75" count="0" type="stmt"/>
        <line num="81" count="0" type="stmt"/>
        <line num="82" count="0" type="stmt"/>
        <line num="85" count="130" type="stmt"/>
        <line num="86" count="450" type="stmt"/>
        <line num="89" count="130" type="stmt"/>
        <line num="90" count="450" type="stmt"/>
        <line num="92" count="130" type="stmt"/>
        <line num="93" count="450" type="stmt"/>
        <line num="95" count="130" type="stmt"/>
        <line num="96" count="450" type="stmt"/>
        <line num="99" count="130" type="stmt"/>
        <line num="100" count="450" type="stmt"/>
        <line num="106" count="130" type="stmt"/>
        <line num="107" count="450" type="stmt"/>
        <line num="110" count="130" type="stmt"/>
        <line num="111" count="450" type="stmt"/>
        <line num="114" count="130" type="stmt"/>
        <line num="116" count="130" type="stmt"/>
        <line num="117" count="450" type="stmt"/>
        <line num="119" count="130" type="stmt"/>
        <line num="120" count="450" type="stmt"/>
        <line num="123" count="450" type="stmt"/>
        <line num="124" count="441" type="stmt"/>
        <line num="128" count="36" type="stmt"/>
        <line num="129" count="36" type="stmt"/>
        <line num="134" count="18" type="stmt"/>
        <line num="139" count="18" type="stmt"/>
        <line num="140" count="18" type="stmt"/>
        <line num="144" count="18" type="stmt"/>
        <line num="149" count="130" type="stmt"/>
        <line num="150" count="450" type="stmt"/>
        <line num="153" count="130" type="stmt"/>
        <line num="154" count="450" type="stmt"/>
        <line num="156" count="130" type="stmt"/>
        <line num="157" count="18" type="stmt"/>
        <line num="158" count="18" type="stmt"/>
        <line num="160" count="18" type="stmt"/>
        <line num="162" count="18" type="cond" truecount="3" falsecount="2"/>
        <line num="166" count="0" type="stmt"/>
        <line num="167" count="0" type="stmt"/>
        <line num="170" count="18" type="cond" truecount="3" falsecount="1"/>
        <line num="171" count="0" type="stmt"/>
        <line num="172" count="0" type="stmt"/>
        <line num="176" count="18" type="stmt"/>
        <line num="177" count="18" type="stmt"/>
        <line num="178" count="18" type="stmt"/>
        <line num="180" count="18" type="stmt"/>
        <line num="181" count="18" type="cond" truecount="0" falsecount="1"/>
        <line num="186" count="0" type="stmt"/>
        <line num="187" count="0" type="stmt"/>
        <line num="192" count="18" type="cond" truecount="0" falsecount="1"/>
        <line num="199" count="0" type="stmt"/>
        <line num="202" count="18" type="cond" truecount="0" falsecount="1"/>
        <line num="203" count="0" type="stmt"/>
        <line num="206" count="18" type="cond" truecount="1" falsecount="1"/>
        <line num="207" count="18" type="stmt"/>
        <line num="209" count="0" type="stmt"/>
        <line num="214" count="18" type="cond" truecount="1" falsecount="1"/>
        <line num="215" count="18" type="stmt"/>
        <line num="220" count="0" type="stmt"/>
        <line num="223" count="18" type="cond" truecount="2" falsecount="1"/>
        <line num="224" count="0" type="stmt"/>
        <line num="238" count="18" type="cond" truecount="0" falsecount="1"/>
        <line num="239" count="0" type="cond" truecount="0" falsecount="3"/>
        <line num="240" count="0" type="stmt"/>
        <line num="244" count="18" type="cond" truecount="0" falsecount="1"/>
        <line num="245" count="0" type="cond" truecount="0" falsecount="3"/>
        <line num="246" count="0" type="stmt"/>
        <line num="250" count="18" type="stmt"/>
        <line num="251" count="18" type="stmt"/>
        <line num="252" count="18" type="stmt"/>
        <line num="253" count="18" type="cond" truecount="2" falsecount="1"/>
        <line num="254" count="0" type="stmt"/>
        <line num="256" count="18" type="stmt"/>
        <line num="257" count="18" type="stmt"/>
        <line num="258" count="18" type="cond" truecount="1" falsecount="0"/>
        <line num="259" count="18" type="stmt"/>
        <line num="261" count="18" type="stmt"/>
        <line num="262" count="18" type="stmt"/>
        <line num="264" count="18" type="cond" truecount="0" falsecount="1"/>
        <line num="265" count="0" type="stmt"/>
        <line num="270" count="18" type="stmt"/>
        <line num="272" count="18" type="stmt"/>
        <line num="289" count="18" type="stmt"/>
        <line num="291" count="18" type="cond" truecount="0" falsecount="1"/>
        <line num="292" count="0" type="stmt"/>
        <line num="295" count="18" type="stmt"/>
        <line num="297" count="18" type="stmt"/>
        <line num="315" count="130" type="stmt"/>
        <line num="316" count="450" type="stmt"/>
        <line num="321" count="130" type="stmt"/>
        <line num="322" count="130" type="stmt"/>
        <line num="323" count="450" type="stmt"/>
        <line num="325" count="130" type="stmt"/>
        <line num="326" count="0" type="stmt"/>
        <line num="329" count="130" type="stmt"/>
        <line num="331" count="0" type="cond" truecount="0" falsecount="4"/>
        <line num="333" count="0" type="stmt"/>
        <line num="334" count="0" type="stmt"/>
        <line num="336" count="0" type="stmt"/>
        <line num="337" count="0" type="stmt"/>
        <line num="339" count="0" type="cond" truecount="0" falsecount="1"/>
[...]
        <line num="142" count="20" type="stmt"/>
        <line num="144" count="9" type="stmt"/>
        <line num="145" count="9" type="stmt"/>
        <line num="148" count="9" type="stmt"/>
        <line num="149" count="9" type="stmt"/>
        <line num="150" count="9" type="stmt"/>
        <line num="153" count="0" type="stmt"/>
        <line num="154" count="0" type="cond" truecount="0" falsecount="2"/>
        <line num="179" count="20" type="stmt"/>
        <line num="181" count="20" type="stmt"/>
      </file>
      <file name="LandingPageSlice.ts" path="/home/lenovo/Desktop/IBE/GitRepo/IBE-Frontend/src/redux/slice/LandingPageSlice.ts">
        <metrics statements="39" coveredstatements="32" conditionals="0" coveredconditionals="0" methods="27" coveredmethods="20"/>
        <line num="18" count="20" type="stmt"/>
        <line num="67" count="20" type="stmt"/>
        <line num="72" count="1" type="stmt"/>
        <line num="75" count="1" type="stmt"/>
        <line num="78" count="0" type="stmt"/>
        <line num="81" count="0" type="stmt"/>
        <line num="84" count="13" type="stmt"/>
        <line num="87" count="31" type="stmt"/>
        <line num="93" count="27" type="stmt"/>
        <line num="99" count="9" type="stmt"/>
        <line num="102" count="0" type="stmt"/>
        <line num="108" count="2" type="stmt"/>
        <line num="109" count="2" type="stmt"/>
        <line num="112" count="0" type="stmt"/>
        <line num="115" count="14" type="stmt"/>
        <line num="118" count="13" type="stmt"/>
        <line num="121" count="15" type="stmt"/>
        <line num="124" count="15" type="stmt"/>
        <line num="127" count="0" type="stmt"/>
        <line num="130" count="9" type="stmt"/>
        <line num="133" count="9" type="stmt"/>
        <line num="137" count="20" type="stmt"/>
        <line num="139" count="40" type="stmt"/>
        <line num="144" count="21" type="stmt"/>
        <line num="145" count="21" type="stmt"/>
        <line num="149" count="0" type="stmt"/>
        <line num="152" count="20" type="stmt"/>
        <line num="155" count="34" type="stmt"/>
        <line num="159" count="20" type="stmt"/>
        <line num="162" count="34" type="stmt"/>
        <line num="163" count="34" type="stmt"/>
        <line num="167" count="20" type="stmt"/>
        <line num="170" count="21" type="stmt"/>
        <line num="174" count="20" type="stmt"/>
        <line num="177" count="34" type="stmt"/>
        <line num="181" count="20" type="stmt"/>
        <line num="184" count="0" type="stmt"/>
        <line num="209" count="20" type="stmt"/>
        <line num="210" count="20" type="stmt"/>
      </file>
      <file name="RoomPageSlice.ts" path="/home/lenovo/Desktop/IBE/GitRepo/IBE-Frontend/src/redux/slice/RoomPageSlice.ts">
        <metrics statements="52" coveredstatements="25" conditionals="2" coveredconditionals="0" methods="22" coveredmethods="9"/>
        <line num="56" count="20" type="stmt"/>
        <line num="89" count="20" type="stmt"/>
        <line num="94" count="0" type="stmt"/>
        <line num="95" count="0" type="stmt"/>
        <line num="98" count="0" type="stmt"/>
        <line num="99" count="0" type="stmt"/>
        <line num="102" count="0" type="stmt"/>
        <line num="105" count="0" type="stmt"/>
        <line num="108" count="0" type="stmt"/>
        <line num="111" count="7" type="stmt"/>
        <line num="112" count="7" type="stmt"/>
        <line num="116" count="0" type="stmt"/>
        <line num="117" count="0" type="stmt"/>
        <line num="122" count="0" type="stmt"/>
        <line num="125" count="0" type="stmt"/>
        <line num="131" count="0" type="stmt"/>
        <line num="134" count="14" type="stmt"/>
        <line num="138" count="20" type="stmt"/>
        <line num="140" count="18" type="stmt"/>
        <line num="143" count="18" type="stmt"/>
        <line num="144" count="18" type="stmt"/>
        <line num="145" count="18" type="stmt"/>
        <line num="146" count="18" type="stmt"/>
        <line num="149" count="0" type="stmt"/>
        <line num="150" count="0" type="stmt"/>
        <line num="153" count="20" type="stmt"/>
        <line num="154" count="7" type="stmt"/>
        <line num="155" count="7" type="stmt"/>
        <line num="157" count="20" type="stmt"/>
        <line num="158" count="7" type="stmt"/>
        <line num="161" count="20" type="stmt"/>
        <line num="164" count="7" type="stmt"/>
        <line num="169" count="20" type="stmt"/>
        <line num="170" count="18" type="stmt"/>
        <line num="171" count="18" type="stmt"/>
        <line num="174" count="20" type="stmt"/>
        <line num="175" count="0" type="stmt"/>
        <line num="177" count="0" type="stmt"/>
        <line num="179" count="0" type="stmt"/>
        <line num="182" count="0" type="cond" truecount="0" falsecount="2"/>
        <line num="183" count="0" type="stmt"/>
        <line num="198" count="0" type="stmt"/>
        <line num="199" count="0" type="stmt"/>
        <line num="201" count="0" type="stmt"/>
        <line num="202" count="0" type="stmt"/>
        <line num="205" count="0" type="stmt"/>
        <line num="208" count="20" type="stmt"/>
        <line num="209" count="0" type="stmt"/>
        <line num="210" count="0" type="stmt"/>
        <line num="211" count="0" type="stmt"/>
        <line num="228" count="20" type="stmt"/>
        <line num="229" count="20" type="stmt"/>
      </file>
      <file name="RoomSearchSlice.ts" path="/home/lenovo/Desktop/IBE/GitRepo/IBE-Frontend/src/redux/slice/RoomSearchSlice.ts">
        <metrics statements="25" coveredstatements="9" conditionals="6" coveredconditionals="0" methods="15" coveredmethods="5"/>
        <line num="19" count="20" type="stmt"/>
        <line num="34" count="20" type="stmt"/>
        <line num="39" count="0" type="stmt"/>
        <line num="42" count="9" type="stmt"/>
        <line num="45" count="24" type="stmt"/>
        <line num="48" count="2" type="stmt"/>
        <line num="51" count="0" type="cond" truecount="0" falsecount="2"/>
        <line num="52" count="0" type="stmt"/>
        <line num="55" count="0" type="stmt"/>
        <line num="57" count="0" type="stmt"/>
        <line num="60" count="0" type="cond" truecount="0" falsecount="2"/>
        <line num="61" count="0" type="stmt"/>
        <line num="64" count="0" type="stmt"/>
        <line num="68" count="0" type="cond" truecount="0" falsecount="2"/>
        <line num="69" count="0" type="stmt"/>
        <line num="72" count="0" type="stmt"/>
        <line num="76" count="0" type="stmt"/>
        <line num="77" count="0" type="stmt"/>
        <line num="80" count="0" type="stmt"/>
        <line num="83" count="0" type="stmt"/>
        <line num="86" count="0" type="stmt"/>
        <line num="89" count="9" type="stmt"/>
        <line num="92" count="7" type="stmt"/>
        <line num="111" count="20" type="stmt"/>
        <line num="112" count="20" type="stmt"/>
      </file>
    </package>
    <package name="src.redux.store">
      <metrics statements="2" coveredstatements="2" conditionals="0" coveredconditionals="0" methods="1" coveredmethods="1"/>
      <file name="store.ts" path="/home/lenovo/Desktop/IBE/GitRepo/IBE-Frontend/src/redux/store/store.ts">
        <metrics statements="2" coveredstatements="2" conditionals="0" coveredconditionals="0" methods="1" coveredmethods="1"/>
        <line num="12" count="20" type="stmt"/>
        <line num="21" count="20" type="stmt"/>
      </file>
    </package>
    <package name="src.redux.thunk">
      <metrics statements="143" coveredstatements="66" conditionals="15" coveredconditionals="0" methods="21" coveredmethods="12"/>
      <file name="cancelBooking.ts" path="/home/lenovo/Desktop/IBE/GitRepo/IBE-Frontend/src/redux/thunk/cancelBooking.ts">
        <metrics statements="9" coveredstatements="1" conditionals="3" coveredconditionals="0" methods="1" coveredmethods="0"/>
        <line num="3" count="20" type="stmt"/>
        <line num="6" count="0" type="stmt"/>
        <line num="7" count="0" type="stmt"/>
        <line num="17" count="0" type="stmt"/>
        <line num="18" count="0" type="stmt"/>
        <line num="19" count="0" type="cond" truecount="0" falsecount="3"/>
        <line num="20" count="0" type="stmt"/>
        <line num="22" count="0" type="stmt"/>
        <line num="24" count="0" type="stmt"/>
      </file>
      <file name="cancelBookingViaMail.ts" path="/home/lenovo/Desktop/IBE/GitRepo/IBE-Frontend/src/redux/thunk/cancelBookingViaMail.ts">
        <metrics statements="9" coveredstatements="1" conditionals="3" coveredconditionals="0" methods="1" coveredmethods="0"/>
        <line num="3" count="20" type="stmt"/>
        <line num="6" count="0" type="stmt"/>
        <line num="7" count="0" type="stmt"/>
        <line num="17" count="0" type="stmt"/>
        <line num="18" count="0" type="stmt"/>
        <line num="19" count="0" type="cond" truecount="0" falsecount="3"/>
        <line num="20" count="0" type="stmt"/>
        <line num="22" count="0" type="stmt"/>
        <line num="24" count="0" type="stmt"/>
      </file>
      <file name="getBestPromotion.ts" path="/home/lenovo/Desktop/IBE/GitRepo/IBE-Frontend/src/redux/thunk/getBestPromotion.ts">
        <metrics statements="8" coveredstatements="7" conditionals="0" coveredconditionals="0" methods="1" coveredmethods="1"/>
        <line num="4" count="20" type="stmt"/>
        <line num="19" count="18" type="stmt"/>
        <line num="27" count="18" type="stmt"/>
        <line num="28" count="18" type="stmt"/>
        <line num="38" count="18" type="stmt"/>
        <line num="39" count="18" type="stmt"/>
        <line num="40" count="18" type="stmt"/>
        <line num="42" count="0" type="stmt"/>
      </file>
      <file name="getBooking.ts" path="/home/lenovo/Desktop/IBE/GitRepo/IBE-Frontend/src/redux/thunk/getBooking.ts">
        <metrics statements="9" coveredstatements="1" conditionals="1" coveredconditionals="0" methods="1" coveredmethods="0"/>
        <line num="3" count="20" type="stmt"/>
        <line num="6" count="0" type="stmt"/>
        <line num="7" count="0" type="stmt"/>
        <line num="9" count="0" type="cond" truecount="0" falsecount="1"/>
        <line num="10" count="0" type="stmt"/>
        <line num="12" count="0" type="stmt"/>
        <line num="13" count="0" type="stmt"/>
        <line num="15" count="0" type="stmt"/>
        <line num="16" count="0" type="stmt"/>
      </file>
      <file name="getCurrentRoomConfigDetails.ts" path="/home/lenovo/Desktop/IBE/GitRepo/IBE-Frontend/src/redux/thunk/getCurrentRoomConfigDetails.ts">
        <metrics statements="7" coveredstatements="6" conditionals="0" coveredconditionals="0" methods="1" coveredmethods="1"/>
        <line num="5" count="20" type="stmt"/>
        <line num="8" count="7" type="stmt"/>
        <line num="9" count="7" type="stmt"/>
        <line num="13" count="7" type="stmt"/>
        <line num="14" count="7" type="stmt"/>
        <line num="15" count="7" type="stmt"/>
        <line num="17" count="0" type="stmt"/>
      </file>
      <file name="getCurrentRoomPromotionDetails.ts" path="/home/lenovo/Desktop/IBE/GitRepo/IBE-Frontend/src/redux/thunk/getCurrentRoomPromotionDetails.ts">
        <metrics statements="8" coveredstatements="7" conditionals="0" coveredconditionals="0" methods="1" coveredmethods="1"/>
        <line num="3" count="20" type="stmt"/>
        <line num="18" count="7" type="stmt"/>
        <line num="26" count="7" type="stmt"/>
        <line num="27" count="7" type="stmt"/>
        <line num="37" count="7" type="stmt"/>
        <line num="38" count="7" type="stmt"/>
        <line num="39" count="7" type="stmt"/>
        <line num="41" count="0" type="stmt"/>
      </file>
      <file name="getCustomPromotion.ts" path="/home/lenovo/Desktop/IBE/GitRepo/IBE-Frontend/src/redux/thunk/getCustomPromotion.ts">
        <metrics statements="10" coveredstatements="1" conditionals="1" coveredconditionals="0" methods="1" coveredmethods="0"/>
        <line num="5" count="20" type="stmt"/>
        <line num="7" count="0" type="stmt"/>
        <line num="8" count="0" type="stmt"/>
        <line num="9" count="0" type="stmt"/>
        <line num="10" count="0" type="stmt"/>
        <line num="11" count="0" type="cond" truecount="0" falsecount="1"/>
        <line num="12" count="0" type="stmt"/>
        <line num="13" count="0" type="stmt"/>
        <line num="15" count="0" type="stmt"/>
        <line num="18" count="0" type="stmt"/>
      </file>
      <file name="getDailyRates.ts" path="/home/lenovo/Desktop/IBE/GitRepo/IBE-Frontend/src/redux/thunk/getDailyRates.ts">
        <metrics statements="6" coveredstatements="5" conditionals="1" coveredconditionals="0" methods="1" coveredmethods="1"/>
        <line num="2" count="20" type="stmt"/>
        <line num="5" count="9" type="stmt"/>
        <line num="13" count="9" type="cond" truecount="0" falsecount="1"/>
        <line num="14" count="0" type="stmt"/>
        <line num="16" count="9" type="stmt"/>
        <line num="18" count="9" type="stmt"/>
      </file>
      <file name="getExchangeRates.ts" path="/home/lenovo/Desktop/IBE/GitRepo/IBE-Frontend/src/redux/thunk/getExchangeRates.ts">
        <metrics statements="6" coveredstatements="5" conditionals="0" coveredconditionals="0" methods="1" coveredmethods="1"/>
        <line num="4" count="20" type="stmt"/>
        <line num="6" count="40" type="stmt"/>
        <line num="7" count="40" type="stmt"/>
        <line num="8" count="21" type="stmt"/>
        <line num="9" count="21" type="stmt"/>
        <line num="12" count="0" type="stmt"/>
      </file>
      <file name="getFeedback.ts" path="/home/lenovo/Desktop/IBE/GitRepo/IBE-Frontend/src/redux/thunk/getFeedback.ts">
        <metrics statements="7" coveredstatements="1" conditionals="1" coveredconditionals="0" methods="1" coveredmethods="0"/>
        <line num="7" count="20" type="stmt"/>
        <line num="35" count="0" type="stmt"/>
        <line num="36" count="0" type="stmt"/>
        <line num="50" count="0" type="cond" truecount="0" falsecount="1"/>
        <line num="51" count="0" type="stmt"/>
        <line num="54" count="0" type="stmt"/>
        <line num="56" count="0" type="stmt"/>
      </file>
      <file name="getMyBookings.ts" path="/home/lenovo/Desktop/IBE/GitRepo/IBE-Frontend/src/redux/thunk/getMyBookings.ts">
        <metrics statements="9" coveredstatements="1" conditionals="1" coveredconditionals="0" methods="1" coveredmethods="0"/>
        <line num="3" count="20" type="stmt"/>
        <line num="6" count="0" type="stmt"/>
        <line num="7" count="0" type="stmt"/>
        <line num="9" count="0" type="cond" truecount="0" falsecount="1"/>
        <line num="10" count="0" type="stmt"/>
        <line num="12" count="0" type="stmt"/>
        <line num="13" count="0" type="stmt"/>
        <line num="15" count="0" type="stmt"/>
        <line num="16" count="0" type="stmt"/>
      </file>
      <file name="getNightlyRates.ts" path="/home/lenovo/Desktop/IBE/GitRepo/IBE-Frontend/src/redux/thunk/getNightlyRates.ts">
        <metrics statements="6" coveredstatements="5" conditionals="0" coveredconditionals="0" methods="1" coveredmethods="1"/>
        <line num="4" count="20" type="stmt"/>
        <line num="5" count="40" type="stmt"/>
        <line num="6" count="40" type="stmt"/>
        <line num="7" count="34" type="stmt"/>
        <line num="8" count="34" type="stmt"/>
        <line num="10" count="0" type="stmt"/>
      </file>
      <file name="getProperties.ts" path="/home/lenovo/Desktop/IBE/GitRepo/IBE-Frontend/src/redux/thunk/getProperties.ts">
        <metrics statements="6" coveredstatements="5" conditionals="0" coveredconditionals="0" methods="1" coveredmethods="1"/>
        <line num="5" count="20" type="stmt"/>
        <line num="7" count="40" type="stmt"/>
        <line num="8" count="40" type="stmt"/>
        <line num="9" count="35" type="stmt"/>
        <line num="10" count="34" type="stmt"/>
        <line num="13" count="0" type="stmt"/>
      </file>
      <file name="getPropertyConfiguration.ts" path="/home/lenovo/Desktop/IBE/GitRepo/IBE-Frontend/src/redux/thunk/getPropertyConfiguration.ts">
        <metrics statements="6" coveredstatements="1" conditionals="0" coveredconditionals="0" methods="1" coveredmethods="0"/>
        <line num="5" count="20" type="stmt"/>
        <line num="7" count="0" type="stmt"/>
        <line num="8" count="0" type="stmt"/>
        <line num="9" count="0" type="stmt"/>
        <line num="10" count="0" type="stmt"/>
        <line num="13" count="0" type="stmt"/>
      </file>
      <file name="getRoomDetails.ts" path="/home/lenovo/Desktop/IBE/GitRepo/IBE-Frontend/src/redux/thunk/getRoomDetails.ts">
        <metrics statements="9" coveredstatements="7" conditionals="1" coveredconditionals="0" methods="1" coveredmethods="1"/>
        <line num="3" count="20" type="stmt"/>
        <line num="32" count="18" type="stmt"/>
        <line num="33" count="18" type="stmt"/>
        <line num="48" count="18" type="stmt"/>
        <line num="60" count="18" type="cond" truecount="0" falsecount="1"/>
        <line num="61" count="0" type="stmt"/>
        <line num="64" count="18" type="stmt"/>
        <line num="65" count="18" type="stmt"/>
        <line num="67" count="0" type="stmt"/>
      </file>
      <file name="getTenantConfiguration.ts" path="/home/lenovo/Desktop/IBE/GitRepo/IBE-Frontend/src/redux/thunk/getTenantConfiguration.ts">
        <metrics statements="6" coveredstatements="5" conditionals="0" coveredconditionals="0" methods="1" coveredmethods="1"/>
        <line num="6" count="20" type="stmt"/>
        <line num="8" count="40" type="stmt"/>
        <line num="9" count="40" type="stmt"/>
        <line num="10" count="37" type="stmt"/>
        <line num="11" count="34" type="stmt"/>
        <line num="14" count="0" type="stmt"/>
      </file>
      <file name="getTranslations.ts" path="/home/lenovo/Desktop/IBE/GitRepo/IBE-Frontend/src/redux/thunk/getTranslations.ts">
        <metrics statements="6" coveredstatements="5" conditionals="0" coveredconditionals="0" methods="3" coveredmethods="3"/>
        <line num="4" count="20" type="stmt"/>
        <line num="5" count="40" type="stmt"/>
        <line num="6" count="40" type="stmt"/>
        <line num="8" count="21" type="stmt"/>
        <line num="11" count="21" type="stmt"/>
        <line num="15" count="0" type="stmt"/>
      </file>
      <file name="mailBookingConfirmation.ts" path="/home/lenovo/Desktop/IBE/GitRepo/IBE-Frontend/src/redux/thunk/mailBookingConfirmation.ts">
        <metrics statements="10" coveredstatements="1" conditionals="3" coveredconditionals="0" methods="1" coveredmethods="0"/>
        <line num="4" count="20" type="stmt"/>
        <line num="7" count="0" type="stmt"/>
        <line num="225" count="0" type="stmt"/>
        <line num="227" count="0" type="stmt"/>
        <line num="234" count="0" type="stmt"/>
        <line num="235" count="0" type="stmt"/>
        <line num="237" count="0" type="cond" truecount="0" falsecount="3"/>
        <line num="238" count="0" type="stmt"/>
        <line num="240" count="0" type="stmt"/>
        <line num="242" count="0" type="stmt"/>
      </file>
      <file name="sendBookingCancellationMail.ts" path="/home/lenovo/Desktop/IBE/GitRepo/IBE-Frontend/src/redux/thunk/sendBookingCancellationMail.ts">
        <metrics statements="6" coveredstatements="1" conditionals="0" coveredconditionals="0" methods="1" coveredmethods="0"/>
        <line num="4" count="20" type="stmt"/>
        <line num="5" count="0" type="stmt"/>
        <line num="6" count="0" type="stmt"/>
        <line num="10" count="0" type="stmt"/>
        <line num="11" count="0" type="stmt"/>
        <line num="14" count="0" type="stmt"/>
      </file>
    </package>
  </project>
</coverage>
