{"total": {"lines":{"total":1912,"covered":1105,"skipped":0,"pct":57.79},"statements":{"total":2074,"covered":1246,"skipped":0,"pct":60.07},"functions":{"total":674,"covered":395,"skipped":0,"pct":58.6},"branches":{"total":700,"covered":331,"skipped":0,"pct":47.28},"branchesTrue":{"total":0,"covered":0,"skipped":0,"pct":100}}
,"/home/lenovo/Desktop/IBE/GitRepo/IBE-Frontend/src/App.tsx": {"lines":{"total":13,"covered":13,"skipped":0,"pct":100},"functions":{"total":7,"covered":7,"skipped":0,"pct":100},"statements":{"total":19,"covered":19,"skipped":0,"pct":100},"branches":{"total":7,"covered":6,"skipped":0,"pct":85.71}}
,"/home/lenovo/Desktop/IBE/GitRepo/IBE-Frontend/src/main.tsx": {"lines":{"total":2,"covered":2,"skipped":0,"pct":100},"functions":{"total":0,"covered":0,"skipped":0,"pct":100},"statements":{"total":2,"covered":2,"skipped":0,"pct":100},"branches":{"total":0,"covered":0,"skipped":0,"pct":100}}
,"/home/lenovo/Desktop/IBE/GitRepo/IBE-Frontend/src/components/BookingConfirmation/BookingConfirmation.tsx": {"lines":{"total":59,"covered":4,"skipped":0,"pct":6.77},"functions":{"total":27,"covered":1,"skipped":0,"pct":3.7},"statements":{"total":65,"covered":5,"skipped":0,"pct":7.69},"branches":{"total":53,"covered":4,"skipped":0,"pct":7.54}}
,"/home/lenovo/Desktop/IBE/GitRepo/IBE-Frontend/src/components/BookingConfirmation/CancelModal.tsx": {"lines":{"total":41,"covered":6,"skipped":0,"pct":14.63},"functions":{"total":12,"covered":1,"skipped":0,"pct":8.33},"statements":{"total":45,"covered":6,"skipped":0,"pct":13.33},"branches":{"total":22,"covered":3,"skipped":0,"pct":13.63}}
,"/home/lenovo/Desktop/IBE/GitRepo/IBE-Frontend/src/components/BookingPage/BookingPage.tsx": {"lines":{"total":32,"covered":15,"skipped":0,"pct":46.87},"functions":{"total":9,"covered":6,"skipped":0,"pct":66.66},"statements":{"total":36,"covered":18,"skipped":0,"pct":50},"branches":{"total":10,"covered":4,"skipped":0,"pct":40}}
,"/home/lenovo/Desktop/IBE/GitRepo/IBE-Frontend/src/components/BookingPage/FeedbackModal.tsx": {"lines":{"total":36,"covered":21,"skipped":0,"pct":58.33},"functions":{"total":14,"covered":7,"skipped":0,"pct":50},"statements":{"total":41,"covered":26,"skipped":0,"pct":63.41},"branches":{"total":21,"covered":9,"skipped":0,"pct":42.85}}
,"/home/lenovo/Desktop/IBE/GitRepo/IBE-Frontend/src/components/BookingPage/Form.tsx": {"lines":{"total":220,"covered":79,"skipped":0,"pct":35.9},"functions":{"total":58,"covered":24,"skipped":0,"pct":41.37},"statements":{"total":229,"covered":88,"skipped":0,"pct":38.42},"branches":{"total":44,"covered":4,"skipped":0,"pct":9.09}}
,"/home/lenovo/Desktop/IBE/GitRepo/IBE-Frontend/src/components/BookingPage/PriceBreakdownModal.tsx": {"lines":{"total":29,"covered":28,"skipped":0,"pct":96.55},"functions":{"total":17,"covered":16,"skipped":0,"pct":94.11},"statements":{"total":39,"covered":38,"skipped":0,"pct":97.43},"branches":{"total":7,"covered":6,"skipped":0,"pct":85.71}}
,"/home/lenovo/Desktop/IBE/GitRepo/IBE-Frontend/src/components/BookingPage/PromotionModal.tsx": {"lines":{"total":14,"covered":13,"skipped":0,"pct":92.85},"functions":{"total":9,"covered":8,"skipped":0,"pct":88.88},"statements":{"total":22,"covered":21,"skipped":0,"pct":95.45},"branches":{"total":5,"covered":4,"skipped":0,"pct":80}}
,"/home/lenovo/Desktop/IBE/GitRepo/IBE-Frontend/src/components/BookingPage/Terms.tsx": {"lines":{"total":9,"covered":8,"skipped":0,"pct":88.88},"functions":{"total":5,"covered":4,"skipped":0,"pct":80},"statements":{"total":14,"covered":13,"skipped":0,"pct":92.85},"branches":{"total":5,"covered":4,"skipped":0,"pct":80}}
,"/home/lenovo/Desktop/IBE/GitRepo/IBE-Frontend/src/components/BookingPage/Timer.tsx": {"lines":{"total":16,"covered":13,"skipped":0,"pct":81.25},"functions":{"total":4,"covered":3,"skipped":0,"pct":75},"statements":{"total":19,"covered":16,"skipped":0,"pct":84.21},"branches":{"total":9,"covered":7,"skipped":0,"pct":77.77}}
,"/home/lenovo/Desktop/IBE/GitRepo/IBE-Frontend/src/components/CarousalCard/CarosalComponent.tsx": {"lines":{"total":8,"covered":8,"skipped":0,"pct":100},"functions":{"total":4,"covered":4,"skipped":0,"pct":100},"statements":{"total":8,"covered":8,"skipped":0,"pct":100},"branches":{"total":3,"covered":3,"skipped":0,"pct":100}}
,"/home/lenovo/Desktop/IBE/GitRepo/IBE-Frontend/src/components/CarousalCard/RoomTypeDetail.tsx": {"lines":{"total":31,"covered":31,"skipped":0,"pct":100},"functions":{"total":15,"covered":15,"skipped":0,"pct":100},"statements":{"total":38,"covered":38,"skipped":0,"pct":100},"branches":{"total":27,"covered":19,"skipped":0,"pct":70.37}}
,"/home/lenovo/Desktop/IBE/GitRepo/IBE-Frontend/src/components/Footer/Footer.tsx": {"lines":{"total":6,"covered":6,"skipped":0,"pct":100},"functions":{"total":5,"covered":5,"skipped":0,"pct":100},"statements":{"total":11,"covered":11,"skipped":0,"pct":100},"branches":{"total":3,"covered":3,"skipped":0,"pct":100}}
,"/home/lenovo/Desktop/IBE/GitRepo/IBE-Frontend/src/components/Header/Header.tsx": {"lines":{"total":78,"covered":52,"skipped":0,"pct":66.66},"functions":{"total":32,"covered":19,"skipped":0,"pct":59.37},"statements":{"total":82,"covered":56,"skipped":0,"pct":68.29},"branches":{"total":19,"covered":18,"skipped":0,"pct":94.73}}
,"/home/lenovo/Desktop/IBE/GitRepo/IBE-Frontend/src/components/LandingPage/ConfigurableFields.tsx": {"lines":{"total":120,"covered":45,"skipped":0,"pct":37.5},"functions":{"total":43,"covered":15,"skipped":0,"pct":34.88},"statements":{"total":127,"covered":51,"skipped":0,"pct":40.15},"branches":{"total":58,"covered":18,"skipped":0,"pct":31.03}}
,"/home/lenovo/Desktop/IBE/GitRepo/IBE-Frontend/src/components/LandingPage/DateRangePickerComponent.tsx": {"lines":{"total":68,"covered":44,"skipped":0,"pct":64.7},"functions":{"total":18,"covered":14,"skipped":0,"pct":77.77},"statements":{"total":75,"covered":51,"skipped":0,"pct":68},"branches":{"total":26,"covered":18,"skipped":0,"pct":69.23}}
,"/home/lenovo/Desktop/IBE/GitRepo/IBE-Frontend/src/components/LandingPage/LandingPage.tsx": {"lines":{"total":52,"covered":38,"skipped":0,"pct":73.07},"functions":{"total":21,"covered":19,"skipped":0,"pct":90.47},"statements":{"total":60,"covered":46,"skipped":0,"pct":76.66},"branches":{"total":25,"covered":13,"skipped":0,"pct":52}}
,"/home/lenovo/Desktop/IBE/GitRepo/IBE-Frontend/src/components/LandingPage/PropertContainer.tsx": {"lines":{"total":49,"covered":28,"skipped":0,"pct":57.14},"functions":{"total":21,"covered":13,"skipped":0,"pct":61.9},"statements":{"total":53,"covered":32,"skipped":0,"pct":60.37},"branches":{"total":24,"covered":14,"skipped":0,"pct":58.33}}
,"/home/lenovo/Desktop/IBE/GitRepo/IBE-Frontend/src/components/LandingPage/SelectDatesContainer.tsx": {"lines":{"total":25,"covered":25,"skipped":0,"pct":100},"functions":{"total":11,"covered":11,"skipped":0,"pct":100},"statements":{"total":30,"covered":30,"skipped":0,"pct":100},"branches":{"total":14,"covered":11,"skipped":0,"pct":78.57}}
,"/home/lenovo/Desktop/IBE/GitRepo/IBE-Frontend/src/components/MyBookingPage/MyBookingPage.tsx": {"lines":{"total":21,"covered":4,"skipped":0,"pct":19.04},"functions":{"total":10,"covered":1,"skipped":0,"pct":10},"statements":{"total":25,"covered":4,"skipped":0,"pct":16},"branches":{"total":14,"covered":3,"skipped":0,"pct":21.42}}
,"/home/lenovo/Desktop/IBE/GitRepo/IBE-Frontend/src/components/ReviewsPage/CircleCheck.tsx": {"lines":{"total":5,"covered":4,"skipped":0,"pct":80},"functions":{"total":2,"covered":1,"skipped":0,"pct":50},"statements":{"total":5,"covered":4,"skipped":0,"pct":80},"branches":{"total":3,"covered":3,"skipped":0,"pct":100}}
,"/home/lenovo/Desktop/IBE/GitRepo/IBE-Frontend/src/components/ReviewsPage/Reviews.tsx": {"lines":{"total":36,"covered":4,"skipped":0,"pct":11.11},"functions":{"total":10,"covered":1,"skipped":0,"pct":10},"statements":{"total":39,"covered":5,"skipped":0,"pct":12.82},"branches":{"total":27,"covered":4,"skipped":0,"pct":14.81}}
,"/home/lenovo/Desktop/IBE/GitRepo/IBE-Frontend/src/components/RoomModal/DealCard.tsx": {"lines":{"total":8,"covered":8,"skipped":0,"pct":100},"functions":{"total":5,"covered":5,"skipped":0,"pct":100},"statements":{"total":12,"covered":12,"skipped":0,"pct":100},"branches":{"total":10,"covered":10,"skipped":0,"pct":100}}
,"/home/lenovo/Desktop/IBE/GitRepo/IBE-Frontend/src/components/RoomModal/RoomModal.tsx": {"lines":{"total":115,"covered":103,"skipped":0,"pct":89.56},"functions":{"total":34,"covered":30,"skipped":0,"pct":88.23},"statements":{"total":127,"covered":115,"skipped":0,"pct":90.55},"branches":{"total":31,"covered":21,"skipped":0,"pct":67.74}}
,"/home/lenovo/Desktop/IBE/GitRepo/IBE-Frontend/src/components/RoomResults/FilterContainer.tsx": {"lines":{"total":31,"covered":16,"skipped":0,"pct":51.61},"functions":{"total":25,"covered":10,"skipped":0,"pct":40},"statements":{"total":37,"covered":22,"skipped":0,"pct":59.45},"branches":{"total":27,"covered":18,"skipped":0,"pct":66.66}}
,"/home/lenovo/Desktop/IBE/GitRepo/IBE-Frontend/src/components/RoomResults/IteanaryContainer.tsx": {"lines":{"total":93,"covered":87,"skipped":0,"pct":93.54},"functions":{"total":31,"covered":28,"skipped":0,"pct":90.32},"statements":{"total":103,"covered":97,"skipped":0,"pct":94.17},"branches":{"total":21,"covered":18,"skipped":0,"pct":85.71}}
,"/home/lenovo/Desktop/IBE/GitRepo/IBE-Frontend/src/components/RoomResults/MobileFilterComponent.tsx": {"lines":{"total":7,"covered":6,"skipped":0,"pct":85.71},"functions":{"total":3,"covered":2,"skipped":0,"pct":66.66},"statements":{"total":8,"covered":7,"skipped":0,"pct":87.5},"branches":{"total":7,"covered":5,"skipped":0,"pct":71.42}}
,"/home/lenovo/Desktop/IBE/GitRepo/IBE-Frontend/src/components/RoomResults/MobileItenary.tsx": {"lines":{"total":7,"covered":6,"skipped":0,"pct":85.71},"functions":{"total":3,"covered":2,"skipped":0,"pct":66.66},"statements":{"total":9,"covered":8,"skipped":0,"pct":88.88},"branches":{"total":7,"covered":5,"skipped":0,"pct":71.42}}
,"/home/lenovo/Desktop/IBE/GitRepo/IBE-Frontend/src/components/RoomResults/RoomResults.tsx": {"lines":{"total":141,"covered":97,"skipped":0,"pct":68.79},"functions":{"total":40,"covered":28,"skipped":0,"pct":70},"statements":{"total":146,"covered":101,"skipped":0,"pct":69.17},"branches":{"total":63,"covered":30,"skipped":0,"pct":47.61}}
,"/home/lenovo/Desktop/IBE/GitRepo/IBE-Frontend/src/components/RoomResults/SearchComponent.tsx": {"lines":{"total":172,"covered":100,"skipped":0,"pct":58.13},"functions":{"total":50,"covered":31,"skipped":0,"pct":62},"statements":{"total":177,"covered":105,"skipped":0,"pct":59.32},"branches":{"total":83,"covered":46,"skipped":0,"pct":55.42}}
,"/home/lenovo/Desktop/IBE/GitRepo/IBE-Frontend/src/config/msalConfig.tsx": {"lines":{"total":1,"covered":1,"skipped":0,"pct":100},"functions":{"total":0,"covered":0,"skipped":0,"pct":100},"statements":{"total":1,"covered":1,"skipped":0,"pct":100},"branches":{"total":0,"covered":0,"skipped":0,"pct":100}}
,"/home/lenovo/Desktop/IBE/GitRepo/IBE-Frontend/src/constants/routes/routes.ts": {"lines":{"total":13,"covered":13,"skipped":0,"pct":100},"functions":{"total":1,"covered":0,"skipped":0,"pct":0},"statements":{"total":14,"covered":13,"skipped":0,"pct":92.85},"branches":{"total":0,"covered":0,"skipped":0,"pct":100}}
,"/home/lenovo/Desktop/IBE/GitRepo/IBE-Frontend/src/redux/slice/BookingSlice.ts": {"lines":{"total":62,"covered":20,"skipped":0,"pct":32.25},"functions":{"total":19,"covered":1,"skipped":0,"pct":5.26},"statements":{"total":62,"covered":20,"skipped":0,"pct":32.25},"branches":{"total":0,"covered":0,"skipped":0,"pct":100}}
,"/home/lenovo/Desktop/IBE/GitRepo/IBE-Frontend/src/redux/slice/ItineararySlice.ts": {"lines":{"total":31,"covered":23,"skipped":0,"pct":74.19},"functions":{"total":23,"covered":16,"skipped":0,"pct":69.56},"statements":{"total":31,"covered":23,"skipped":0,"pct":74.19},"branches":{"total":2,"covered":0,"skipped":0,"pct":0}}
,"/home/lenovo/Desktop/IBE/GitRepo/IBE-Frontend/src/redux/slice/LandingPageSlice.ts": {"lines":{"total":39,"covered":32,"skipped":0,"pct":82.05},"functions":{"total":27,"covered":20,"skipped":0,"pct":74.07},"statements":{"total":39,"covered":32,"skipped":0,"pct":82.05},"branches":{"total":0,"covered":0,"skipped":0,"pct":100}}
,"/home/lenovo/Desktop/IBE/GitRepo/IBE-Frontend/src/redux/slice/RoomPageSlice.ts": {"lines":{"total":52,"covered":25,"skipped":0,"pct":48.07},"functions":{"total":22,"covered":9,"skipped":0,"pct":40.9},"statements":{"total":52,"covered":25,"skipped":0,"pct":48.07},"branches":{"total":2,"covered":0,"skipped":0,"pct":0}}
,"/home/lenovo/Desktop/IBE/GitRepo/IBE-Frontend/src/redux/slice/RoomSearchSlice.ts": {"lines":{"total":25,"covered":9,"skipped":0,"pct":36},"functions":{"total":15,"covered":5,"skipped":0,"pct":33.33},"statements":{"total":27,"covered":9,"skipped":0,"pct":33.33},"branches":{"total":6,"covered":0,"skipped":0,"pct":0}}
,"/home/lenovo/Desktop/IBE/GitRepo/IBE-Frontend/src/redux/store/store.ts": {"lines":{"total":2,"covered":2,"skipped":0,"pct":100},"functions":{"total":1,"covered":1,"skipped":0,"pct":100},"statements":{"total":2,"covered":2,"skipped":0,"pct":100},"branches":{"total":0,"covered":0,"skipped":0,"pct":100}}
,"/home/lenovo/Desktop/IBE/GitRepo/IBE-Frontend/src/redux/thunk/cancelBooking.ts": {"lines":{"total":9,"covered":1,"skipped":0,"pct":11.11},"functions":{"total":1,"covered":0,"skipped":0,"pct":0},"statements":{"total":9,"covered":1,"skipped":0,"pct":11.11},"branches":{"total":3,"covered":0,"skipped":0,"pct":0}}
,"/home/lenovo/Desktop/IBE/GitRepo/IBE-Frontend/src/redux/thunk/cancelBookingViaMail.ts": {"lines":{"total":9,"covered":1,"skipped":0,"pct":11.11},"functions":{"total":1,"covered":0,"skipped":0,"pct":0},"statements":{"total":9,"covered":1,"skipped":0,"pct":11.11},"branches":{"total":3,"covered":0,"skipped":0,"pct":0}}
,"/home/lenovo/Desktop/IBE/GitRepo/IBE-Frontend/src/redux/thunk/getBestPromotion.ts": {"lines":{"total":8,"covered":7,"skipped":0,"pct":87.5},"functions":{"total":1,"covered":1,"skipped":0,"pct":100},"statements":{"total":8,"covered":7,"skipped":0,"pct":87.5},"branches":{"total":0,"covered":0,"skipped":0,"pct":100}}
,"/home/lenovo/Desktop/IBE/GitRepo/IBE-Frontend/src/redux/thunk/getBooking.ts": {"lines":{"total":9,"covered":1,"skipped":0,"pct":11.11},"functions":{"total":1,"covered":0,"skipped":0,"pct":0},"statements":{"total":9,"covered":1,"skipped":0,"pct":11.11},"branches":{"total":1,"covered":0,"skipped":0,"pct":0}}
,"/home/lenovo/Desktop/IBE/GitRepo/IBE-Frontend/src/redux/thunk/getCurrentRoomConfigDetails.ts": {"lines":{"total":7,"covered":6,"skipped":0,"pct":85.71},"functions":{"total":1,"covered":1,"skipped":0,"pct":100},"statements":{"total":7,"covered":6,"skipped":0,"pct":85.71},"branches":{"total":0,"covered":0,"skipped":0,"pct":100}}
,"/home/lenovo/Desktop/IBE/GitRepo/IBE-Frontend/src/redux/thunk/getCurrentRoomPromotionDetails.ts": {"lines":{"total":8,"covered":7,"skipped":0,"pct":87.5},"functions":{"total":1,"covered":1,"skipped":0,"pct":100},"statements":{"total":8,"covered":7,"skipped":0,"pct":87.5},"branches":{"total":0,"covered":0,"skipped":0,"pct":100}}
,"/home/lenovo/Desktop/IBE/GitRepo/IBE-Frontend/src/redux/thunk/getCustomPromotion.ts": {"lines":{"total":10,"covered":1,"skipped":0,"pct":10},"functions":{"total":1,"covered":0,"skipped":0,"pct":0},"statements":{"total":10,"covered":1,"skipped":0,"pct":10},"branches":{"total":1,"covered":0,"skipped":0,"pct":0}}
,"/home/lenovo/Desktop/IBE/GitRepo/IBE-Frontend/src/redux/thunk/getDailyRates.ts": {"lines":{"total":6,"covered":5,"skipped":0,"pct":83.33},"functions":{"total":1,"covered":1,"skipped":0,"pct":100},"statements":{"total":6,"covered":5,"skipped":0,"pct":83.33},"branches":{"total":1,"covered":0,"skipped":0,"pct":0}}
,"/home/lenovo/Desktop/IBE/GitRepo/IBE-Frontend/src/redux/thunk/getExchangeRates.ts": {"lines":{"total":6,"covered":5,"skipped":0,"pct":83.33},"functions":{"total":1,"covered":1,"skipped":0,"pct":100},"statements":{"total":6,"covered":5,"skipped":0,"pct":83.33},"branches":{"total":0,"covered":0,"skipped":0,"pct":100}}
,"/home/lenovo/Desktop/IBE/GitRepo/IBE-Frontend/src/redux/thunk/getFeedback.ts": {"lines":{"total":7,"covered":1,"skipped":0,"pct":14.28},"functions":{"total":1,"covered":0,"skipped":0,"pct":0},"statements":{"total":7,"covered":1,"skipped":0,"pct":14.28},"branches":{"total":1,"covered":0,"skipped":0,"pct":0}}
,"/home/lenovo/Desktop/IBE/GitRepo/IBE-Frontend/src/redux/thunk/getMyBookings.ts": {"lines":{"total":9,"covered":1,"skipped":0,"pct":11.11},"functions":{"total":1,"covered":0,"skipped":0,"pct":0},"statements":{"total":9,"covered":1,"skipped":0,"pct":11.11},"branches":{"total":1,"covered":0,"skipped":0,"pct":0}}
,"/home/lenovo/Desktop/IBE/GitRepo/IBE-Frontend/src/redux/thunk/getNightlyRates.ts": {"lines":{"total":6,"covered":5,"skipped":0,"pct":83.33},"functions":{"total":1,"covered":1,"skipped":0,"pct":100},"statements":{"total":6,"covered":5,"skipped":0,"pct":83.33},"branches":{"total":0,"covered":0,"skipped":0,"pct":100}}
,"/home/lenovo/Desktop/IBE/GitRepo/IBE-Frontend/src/redux/thunk/getProperties.ts": {"lines":{"total":6,"covered":5,"skipped":0,"pct":83.33},"functions":{"total":1,"covered":1,"skipped":0,"pct":100},"statements":{"total":6,"covered":5,"skipped":0,"pct":83.33},"branches":{"total":0,"covered":0,"skipped":0,"pct":100}}
,"/home/lenovo/Desktop/IBE/GitRepo/IBE-Frontend/src/redux/thunk/getPropertyConfiguration.ts": {"lines":{"total":6,"covered":1,"skipped":0,"pct":16.66},"functions":{"total":1,"covered":0,"skipped":0,"pct":0},"statements":{"total":6,"covered":1,"skipped":0,"pct":16.66},"branches":{"total":0,"covered":0,"skipped":0,"pct":100}}
,"/home/lenovo/Desktop/IBE/GitRepo/IBE-Frontend/src/redux/thunk/getRoomDetails.ts": {"lines":{"total":9,"covered":7,"skipped":0,"pct":77.77},"functions":{"total":1,"covered":1,"skipped":0,"pct":100},"statements":{"total":9,"covered":7,"skipped":0,"pct":77.77},"branches":{"total":1,"covered":0,"skipped":0,"pct":0}}
,"/home/lenovo/Desktop/IBE/GitRepo/IBE-Frontend/src/redux/thunk/getTenantConfiguration.ts": {"lines":{"total":6,"covered":5,"skipped":0,"pct":83.33},"functions":{"total":1,"covered":1,"skipped":0,"pct":100},"statements":{"total":6,"covered":5,"skipped":0,"pct":83.33},"branches":{"total":0,"covered":0,"skipped":0,"pct":100}}
,"/home/lenovo/Desktop/IBE/GitRepo/IBE-Frontend/src/redux/thunk/getTranslations.ts": {"lines":{"total":6,"covered":5,"skipped":0,"pct":83.33},"functions":{"total":3,"covered":3,"skipped":0,"pct":100},"statements":{"total":6,"covered":5,"skipped":0,"pct":83.33},"branches":{"total":0,"covered":0,"skipped":0,"pct":100}}
,"/home/lenovo/Desktop/IBE/GitRepo/IBE-Frontend/src/redux/thunk/mailBookingConfirmation.ts": {"lines":{"total":10,"covered":1,"skipped":0,"pct":10},"functions":{"total":1,"covered":0,"skipped":0,"pct":0},"statements":{"total":10,"covered":1,"skipped":0,"pct":10},"branches":{"total":3,"covered":0,"skipped":0,"pct":0}}
,"/home/lenovo/Desktop/IBE/GitRepo/IBE-Frontend/src/redux/thunk/sendBookingCancellationMail.ts": {"lines":{"total":6,"covered":1,"skipped":0,"pct":16.66},"functions":{"total":1,"covered":0,"skipped":0,"pct":0},"statements":{"total":6,"covered":1,"skipped":0,"pct":16.66},"branches":{"total":0,"covered":0,"skipped":0,"pct":100}}
}
