{"/home/lenovo/Desktop/IBE/GitRepo/IBE-Frontend/src/App.tsx": {"path":"/home/lenovo/Desktop/IBE/GitRepo/IBE-Frontend/src/App.tsx","statementMap":{"0":{"start":{"line":1,"column":41},"end":{"line":1,"column":null}},"1":{"start":{"line":1,"column":54},"end":{"line":1,"column":null}},"2":{"start":{"line":22,"column":31},"end":{"line":22,"column":null}},"3":{"start":{"line":25,"column":24},"end":{"line":25,"column":null}},"4":{"start":{"line":26,"column":23},"end":{"line":26,"column":null}},"5":{"start":{"line":26,"column":54},"end":{"line":26,"column":80}},"6":{"start":{"line":27,"column":2},"end":{"line":31,"column":null}},"7":{"start":{"line":28,"column":4},"end":{"line":28,"column":null}},"8":{"start":{"line":29,"column":4},"end":{"line":29,"column":null}},"9":{"start":{"line":30,"column":4},"end":{"line":30,"column":null}},"10":{"start":{"line":33,"column":19},"end":{"line":33,"column":null}},"11":{"start":{"line":33,"column":53},"end":{"line":33,"column":82}},"12":{"start":{"line":34,"column":19},"end":{"line":34,"column":null}},"13":{"start":{"line":34,"column":53},"end":{"line":34,"column":75}},"14":{"start":{"line":35,"column":2},"end":{"line":59,"column":null}},"15":{"start":{"line":61,"column":1},"end":{"line":34,"column":31}},"16":{"start":{"line":22,"column":12},"end":{"line":34,"column":31}},"17":{"start":{"line":34,"column":30},"end":{"line":22,"column":12}},"18":{"start":{"line":63,"column":19},"end":{"line":63,"column":null}}},"fnMap":{"0":{"name":"(anonymous_0)","decl":{"start":{"line":1,"column":54},"end":{"line":1,"column":null}},"loc":{"start":{"line":1,"column":54},"end":{"line":1,"column":null}}},"1":{"name":"App","decl":{"start":{"line":22,"column":9},"end":{"line":22,"column":12}},"loc":{"start":{"line":22,"column":31},"end":{"line":61,"column":1}}},"2":{"name":"(anonymous_2)","decl":{"start":{"line":26,"column":35},"end":{"line":26,"column":36}},"loc":{"start":{"line":26,"column":54},"end":{"line":26,"column":80}}},"3":{"name":"(anonymous_3)","decl":{"start":{"line":27,"column":12},"end":{"line":27,"column":18}},"loc":{"start":{"line":27,"column":18},"end":{"line":31,"column":5}}},"4":{"name":"(anonymous_4)","decl":{"start":{"line":33,"column":31},"end":{"line":33,"column":32}},"loc":{"start":{"line":33,"column":53},"end":{"line":33,"column":82}}},"5":{"name":"(anonymous_5)","decl":{"start":{"line":34,"column":31},"end":{"line":34,"column":32}},"loc":{"start":{"line":34,"column":53},"end":{"line":34,"column":75}}},"6":{"name":"(anonymous_6)","decl":{"start":{"line":22,"column":12},"end":{"line":22,"column":13}},"loc":{"start":{"line":22,"column":12},"end":{"line":34,"column":31}}}},"branchMap":{"0":{"loc":{"start":{"line":1,"column":41},"end":{"line":1,"column":null}},"type":"binary-expr","locations":[{"start":{"line":1,"column":41},"end":{"line":1,"column":null}},{"start":{"line":1,"column":54},"end":{"line":1,"column":null}}]},"1":{"loc":{"start":{"line":1,"column":54},"end":{"line":1,"column":null}},"type":"if","locations":[{"start":{"line":1,"column":54},"end":{"line":1,"column":null}}]},"2":{"loc":{"start":{"line":1,"column":54},"end":{"line":1,"column":null}},"type":"binary-expr","locations":[{"start":{"line":1,"column":54},"end":{"line":1,"column":null}},{"start":{"line":1,"column":54},"end":{"line":1,"column":null}}]},"3":{"loc":{"start":{"line":41,"column":9},"end":{"line":41,"column":null}},"type":"binary-expr","locations":[{"start":{"line":41,"column":9},"end":{"line":41,"column":25}},{"start":{"line":41,"column":25},"end":{"line":41,"column":null}}]}},"s":{"0":20,"1":160,"2":102,"3":102,"4":102,"5":841,"6":102,"7":40,"8":40,"9":40,"10":102,"11":785,"12":102,"13":778,"14":102,"15":20,"16":20,"17":20,"18":20},"f":{"0":20,"1":102,"2":841,"3":40,"4":785,"5":778,"6":20},"b":{"0":[20,0],"1":[20],"2":[20,20],"3":[102,8]}}
,"/home/lenovo/Desktop/IBE/GitRepo/IBE-Frontend/src/main.tsx": {"path":"/home/lenovo/Desktop/IBE/GitRepo/IBE-Frontend/src/main.tsx","statementMap":{"0":{"start":{"line":30,"column":21},"end":{"line":30,"column":null}},"1":{"start":{"line":32,"column":0},"end":{"line":38,"column":null}}},"fnMap":{},"branchMap":{},"s":{"0":20,"1":20},"f":{},"b":{}}
,"/home/lenovo/Desktop/IBE/GitRepo/IBE-Frontend/src/components/BookingConfirmation/BookingConfirmation.tsx": {"path":"/home/lenovo/Desktop/IBE/GitRepo/IBE-Frontend/src/components/BookingConfirmation/BookingConfirmation.tsx","statementMap":{"0":{"start":{"line":1,"column":36},"end":{"line":1,"column":null}},"1":{"start":{"line":1,"column":51},"end":{"line":1,"column":null}},"2":{"start":{"line":21,"column":31},"end":{"line":21,"column":null}},"3":{"start":{"line":22,"column":24},"end":{"line":22,"column":null}},"4":{"start":{"line":24,"column":36},"end":{"line":24,"column":null}},"5":{"start":{"line":27,"column":4},"end":{"line":31,"column":null}},"6":{"start":{"line":28,"column":6},"end":{"line":28,"column":null}},"7":{"start":{"line":30,"column":6},"end":{"line":30,"column":null}},"8":{"start":{"line":34,"column":23},"end":{"line":40,"column":null}},"9":{"start":{"line":35,"column":4},"end":{"line":35,"column":null}},"10":{"start":{"line":37,"column":4},"end":{"line":39,"column":null}},"11":{"start":{"line":38,"column":6},"end":{"line":38,"column":null}},"12":{"start":{"line":38,"column":30},"end":{"line":38,"column":51}},"13":{"start":{"line":42,"column":22},"end":{"line":49,"column":null}},"14":{"start":{"line":44,"column":25},"end":{"line":44,"column":null}},"15":{"start":{"line":46,"column":6},"end":{"line":46,"column":null}},"16":{"start":{"line":51,"column":19},"end":{"line":51,"column":null}},"17":{"start":{"line":52,"column":28},"end":{"line":54,"column":null}},"18":{"start":{"line":53,"column":4},"end":{"line":53,"column":null}},"19":{"start":{"line":56,"column":22},"end":{"line":58,"column":null}},"20":{"start":{"line":57,"column":26},"end":{"line":57,"column":null}},"21":{"start":{"line":76,"column":2},"end":{"line":107,"column":null}},"22":{"start":{"line":77,"column":4},"end":{"line":77,"column":null}},"23":{"start":{"line":78,"column":22},"end":{"line":78,"column":null}},"24":{"start":{"line":79,"column":27},"end":{"line":79,"column":null}},"25":{"start":{"line":80,"column":4},"end":{"line":82,"column":null}},"26":{"start":{"line":81,"column":6},"end":{"line":81,"column":null}},"27":{"start":{"line":83,"column":22},"end":{"line":83,"column":null}},"28":{"start":{"line":84,"column":4},"end":{"line":84,"column":null}},"29":{"start":{"line":85,"column":4},"end":{"line":85,"column":null}},"30":{"start":{"line":110,"column":18},"end":{"line":110,"column":null}},"31":{"start":{"line":111,"column":4},"end":{"line":130,"column":null}},"32":{"start":{"line":112,"column":6},"end":{"line":119,"column":null}},"33":{"start":{"line":113,"column":8},"end":{"line":115,"column":null}},"34":{"start":{"line":116,"column":8},"end":{"line":116,"column":null}},"35":{"start":{"line":118,"column":8},"end":{"line":118,"column":null}},"36":{"start":{"line":121,"column":6},"end":{"line":129,"column":null}},"37":{"start":{"line":122,"column":8},"end":{"line":127,"column":null}},"38":{"start":{"line":128,"column":8},"end":{"line":128,"column":null}},"39":{"start":{"line":133,"column":31},"end":{"line":135,"column":null}},"40":{"start":{"line":134,"column":26},"end":{"line":134,"column":null}},"41":{"start":{"line":138,"column":4},"end":{"line":138,"column":null}},"42":{"start":{"line":142,"column":4},"end":{"line":142,"column":null}},"43":{"start":{"line":144,"column":31},"end":{"line":146,"column":null}},"44":{"start":{"line":145,"column":26},"end":{"line":145,"column":null}},"45":{"start":{"line":149,"column":4},"end":{"line":151,"column":null}},"46":{"start":{"line":150,"column":6},"end":{"line":150,"column":null}},"47":{"start":{"line":154,"column":37},"end":{"line":156,"column":null}},"48":{"start":{"line":155,"column":26},"end":{"line":155,"column":null}},"49":{"start":{"line":157,"column":36},"end":{"line":159,"column":null}},"50":{"start":{"line":158,"column":26},"end":{"line":158,"column":null}},"51":{"start":{"line":160,"column":24},"end":{"line":160,"column":null}},"52":{"start":{"line":160,"column":58},"end":{"line":160,"column":76}},"53":{"start":{"line":162,"column":19},"end":{"line":162,"column":null}},"54":{"start":{"line":162,"column":53},"end":{"line":162,"column":75}},"55":{"start":{"line":164,"column":2},"end":{"line":744,"column":null}},"56":{"start":{"line":217,"column":18},"end":{"line":217,"column":null}},"57":{"start":{"line":365,"column":18},"end":{"line":365,"column":null}},"58":{"start":{"line":514,"column":18},"end":{"line":514,"column":null}},"59":{"start":{"line":575,"column":18},"end":{"line":575,"column":null}},"60":{"start":{"line":689,"column":18},"end":{"line":689,"column":null}},"61":{"start":{"line":746,"column":1},"end":{"line":162,"column":31}},"62":{"start":{"line":21,"column":28},"end":{"line":162,"column":31}},"63":{"start":{"line":162,"column":30},"end":{"line":21,"column":28}},"64":{"start":{"line":748,"column":35},"end":{"line":748,"column":null}}},"fnMap":{"0":{"name":"(anonymous_0)","decl":{"start":{"line":1,"column":51},"end":{"line":1,"column":null}},"loc":{"start":{"line":1,"column":51},"end":{"line":1,"column":null}}},"1":{"name":"BookingConfirmation","decl":{"start":{"line":21,"column":9},"end":{"line":21,"column":28}},"loc":{"start":{"line":21,"column":31},"end":{"line":746,"column":1}}},"2":{"name":"dropDownClickHandler","decl":{"start":{"line":26,"column":11},"end":{"line":26,"column":32}},"loc":{"start":{"line":26,"column":50},"end":{"line":32,"column":null}}},"3":{"name":"(anonymous_3)","decl":{"start":{"line":34,"column":23},"end":{"line":34,"column":29}},"loc":{"start":{"line":34,"column":29},"end":{"line":40,"column":null}}},"4":{"name":"(anonymous_4)","decl":{"start":{"line":37,"column":15},"end":{"line":37,"column":21}},"loc":{"start":{"line":37,"column":21},"end":{"line":39,"column":7}}},"5":{"name":"(anonymous_5)","decl":{"start":{"line":38,"column":24},"end":{"line":38,"column":30}},"loc":{"start":{"line":38,"column":30},"end":{"line":38,"column":51}}},"6":{"name":"(anonymous_6)","decl":{"start":{"line":44,"column":19},"end":{"line":44,"column":25}},"loc":{"start":{"line":44,"column":25},"end":{"line":44,"column":null}}},"7":{"name":"(anonymous_7)","decl":{"start":{"line":45,"column":18},"end":{"line":45,"column":24}},"loc":{"start":{"line":45,"column":24},"end":{"line":47,"column":null}}},"8":{"name":"(anonymous_8)","decl":{"start":{"line":52,"column":28},"end":{"line":52,"column":34}},"loc":{"start":{"line":52,"column":34},"end":{"line":54,"column":null}}},"9":{"name":"(anonymous_9)","decl":{"start":{"line":57,"column":4},"end":{"line":57,"column":5}},"loc":{"start":{"line":57,"column":26},"end":{"line":57,"column":null}}},"10":{"name":"(anonymous_10)","decl":{"start":{"line":76,"column":12},"end":{"line":76,"column":18}},"loc":{"start":{"line":76,"column":18},"end":{"line":107,"column":5}}},"11":{"name":"handleCancleRoom","decl":{"start":{"line":109,"column":11},"end":{"line":109,"column":30}},"loc":{"start":{"line":109,"column":30},"end":{"line":131,"column":null}}},"12":{"name":"(anonymous_12)","decl":{"start":{"line":134,"column":4},"end":{"line":134,"column":5}},"loc":{"start":{"line":134,"column":26},"end":{"line":134,"column":null}}},"13":{"name":"handleCloseSnackbar","decl":{"start":{"line":137,"column":11},"end":{"line":137,"column":33}},"loc":{"start":{"line":137,"column":33},"end":{"line":139,"column":null}}},"14":{"name":"handleCloseMailConfirmation","decl":{"start":{"line":141,"column":11},"end":{"line":141,"column":41}},"loc":{"start":{"line":141,"column":41},"end":{"line":143,"column":null}}},"15":{"name":"(anonymous_15)","decl":{"start":{"line":145,"column":4},"end":{"line":145,"column":5}},"loc":{"start":{"line":145,"column":26},"end":{"line":145,"column":null}}},"16":{"name":"sendMailForBooking","decl":{"start":{"line":148,"column":11},"end":{"line":148,"column":32}},"loc":{"start":{"line":148,"column":32},"end":{"line":152,"column":null}}},"17":{"name":"(anonymous_17)","decl":{"start":{"line":155,"column":4},"end":{"line":155,"column":5}},"loc":{"start":{"line":155,"column":26},"end":{"line":155,"column":null}}},"18":{"name":"(anonymous_18)","decl":{"start":{"line":158,"column":4},"end":{"line":158,"column":5}},"loc":{"start":{"line":158,"column":26},"end":{"line":158,"column":null}}},"19":{"name":"(anonymous_19)","decl":{"start":{"line":160,"column":36},"end":{"line":160,"column":37}},"loc":{"start":{"line":160,"column":58},"end":{"line":160,"column":76}}},"20":{"name":"(anonymous_20)","decl":{"start":{"line":162,"column":31},"end":{"line":162,"column":32}},"loc":{"start":{"line":162,"column":53},"end":{"line":162,"column":75}}},"21":{"name":"(anonymous_21)","decl":{"start":{"line":216,"column":25},"end":{"line":216,"column":31}},"loc":{"start":{"line":216,"column":31},"end":{"line":218,"column":null}}},"22":{"name":"(anonymous_22)","decl":{"start":{"line":364,"column":25},"end":{"line":364,"column":31}},"loc":{"start":{"line":364,"column":31},"end":{"line":366,"column":null}}},"23":{"name":"(anonymous_23)","decl":{"start":{"line":513,"column":25},"end":{"line":513,"column":31}},"loc":{"start":{"line":513,"column":31},"end":{"line":515,"column":null}}},"24":{"name":"(anonymous_24)","decl":{"start":{"line":574,"column":25},"end":{"line":574,"column":31}},"loc":{"start":{"line":574,"column":31},"end":{"line":576,"column":null}}},"25":{"name":"(anonymous_25)","decl":{"start":{"line":688,"column":25},"end":{"line":688,"column":31}},"loc":{"start":{"line":688,"column":31},"end":{"line":690,"column":null}}},"26":{"name":"(anonymous_26)","decl":{"start":{"line":21,"column":28},"end":{"line":21,"column":31}},"loc":{"start":{"line":21,"column":28},"end":{"line":162,"column":31}}}},"branchMap":{"0":{"loc":{"start":{"line":1,"column":36},"end":{"line":1,"column":null}},"type":"binary-expr","locations":[{"start":{"line":1,"column":36},"end":{"line":1,"column":null}},{"start":{"line":1,"column":51},"end":{"line":1,"column":null}}]},"1":{"loc":{"start":{"line":1,"column":51},"end":{"line":1,"column":null}},"type":"if","locations":[{"start":{"line":1,"column":51},"end":{"line":1,"column":null}}]},"2":{"loc":{"start":{"line":1,"column":51},"end":{"line":1,"column":null}},"type":"binary-expr","locations":[{"start":{"line":1,"column":51},"end":{"line":1,"column":null}},{"start":{"line":1,"column":51},"end":{"line":1,"column":null}}]},"3":{"loc":{"start":{"line":27,"column":4},"end":{"line":31,"column":null}},"type":"if","locations":[{"start":{"line":27,"column":4},"end":{"line":31,"column":null}},{"start":{"line":29,"column":11},"end":{"line":31,"column":null}}]},"4":{"loc":{"start":{"line":80,"column":4},"end":{"line":82,"column":null}},"type":"if","locations":[{"start":{"line":80,"column":4},"end":{"line":82,"column":null}}]},"5":{"loc":{"start":{"line":80,"column":8},"end":{"line":80,"column":65}},"type":"binary-expr","locations":[{"start":{"line":80,"column":8},"end":{"line":80,"column":35}},{"start":{"line":80,"column":35},"end":{"line":80,"column":65}}]},"6":{"loc":{"start":{"line":111,"column":4},"end":{"line":130,"column":null}},"type":"if","locations":[{"start":{"line":111,"column":4},"end":{"line":130,"column":null}},{"start":{"line":120,"column":11},"end":{"line":130,"column":null}}]},"7":{"loc":{"start":{"line":111,"column":8},"end":{"line":111,"column":60}},"type":"binary-expr","locations":[{"start":{"line":111,"column":8},"end":{"line":111,"column":23}},{"start":{"line":111,"column":23},"end":{"line":111,"column":40}},{"start":{"line":111,"column":40},"end":{"line":111,"column":60}}]},"8":{"loc":{"start":{"line":112,"column":6},"end":{"line":119,"column":null}},"type":"if","locations":[{"start":{"line":112,"column":6},"end":{"line":119,"column":null}},{"start":{"line":117,"column":13},"end":{"line":119,"column":null}}]},"9":{"loc":{"start":{"line":121,"column":6},"end":{"line":129,"column":null}},"type":"if","locations":[{"start":{"line":121,"column":6},"end":{"line":129,"column":null}}]},"10":{"loc":{"start":{"line":149,"column":4},"end":{"line":151,"column":null}},"type":"if","locations":[{"start":{"line":149,"column":4},"end":{"line":151,"column":null}}]},"11":{"loc":{"start":{"line":166,"column":7},"end":{"line":741,"column":null}},"type":"cond-expr","locations":[{"start":{"line":167,"column":8},"end":{"line":739,"column":null}},{"start":{"line":741,"column":8},"end":{"line":741,"column":null}}]},"12":{"loc":{"start":{"line":176,"column":24},"end":{"line":176,"column":null}},"type":"cond-expr","locations":[{"start":{"line":176,"column":59},"end":{"line":176,"column":69}},{"start":{"line":176,"column":69},"end":{"line":176,"column":null}}]},"13":{"loc":{"start":{"line":180,"column":15},"end":{"line":182,"column":null}},"type":"cond-expr","locations":[{"start":{"line":181,"column":18},"end":{"line":181,"column":null}},{"start":{"line":182,"column":18},"end":{"line":182,"column":null}}]},"14":{"loc":{"start":{"line":195,"column":16},"end":{"line":195,"column":null}},"type":"cond-expr","locations":[{"start":{"line":195,"column":57},"end":{"line":195,"column":67}},{"start":{"line":195,"column":67},"end":{"line":195,"column":null}}]},"15":{"loc":{"start":{"line":200,"column":15},"end":{"line":202,"column":null}},"type":"cond-expr","locations":[{"start":{"line":201,"column":18},"end":{"line":201,"column":null}},{"start":{"line":202,"column":18},"end":{"line":202,"column":null}}]},"16":{"loc":{"start":{"line":219,"column":32},"end":{"line":219,"column":68}},"type":"cond-expr","locations":[{"start":{"line":219,"column":54},"end":{"line":219,"column":61}},{"start":{"line":219,"column":61},"end":{"line":219,"column":68}}]},"17":{"loc":{"start":{"line":233,"column":82},"end":{"line":233,"column":118}},"type":"cond-expr","locations":[{"start":{"line":233,"column":104},"end":{"line":233,"column":111}},{"start":{"line":233,"column":111},"end":{"line":233,"column":118}}]},"18":{"loc":{"start":{"line":243,"column":19},"end":{"line":243,"column":65}},"type":"cond-expr","locations":[{"start":{"line":243,"column":48},"end":{"line":243,"column":58}},{"start":{"line":243,"column":58},"end":{"line":243,"column":65}}]},"19":{"loc":{"start":{"line":257,"column":15},"end":{"line":262,"column":null}},"type":"cond-expr","locations":[{"start":{"line":258,"column":16},"end":{"line":258,"column":null}},{"start":{"line":260,"column":16},"end":{"line":262,"column":null}}]},"20":{"loc":{"start":{"line":371,"column":22},"end":{"line":373,"column":null}},"type":"cond-expr","locations":[{"start":{"line":372,"column":26},"end":{"line":372,"column":null}},{"start":{"line":373,"column":26},"end":{"line":373,"column":null}}]},"21":{"loc":{"start":{"line":385,"column":15},"end":{"line":506,"column":null}},"type":"binary-expr","locations":[{"start":{"line":385,"column":15},"end":{"line":385,"column":null}},{"start":{"line":386,"column":16},"end":{"line":506,"column":null}}]},"22":{"loc":{"start":{"line":520,"column":22},"end":{"line":522,"column":null}},"type":"cond-expr","locations":[{"start":{"line":521,"column":26},"end":{"line":521,"column":null}},{"start":{"line":522,"column":26},"end":{"line":522,"column":null}}]},"23":{"loc":{"start":{"line":534,"column":15},"end":{"line":568,"column":null}},"type":"binary-expr","locations":[{"start":{"line":534,"column":15},"end":{"line":534,"column":null}},{"start":{"line":535,"column":16},"end":{"line":568,"column":null}}]},"24":{"loc":{"start":{"line":581,"column":22},"end":{"line":583,"column":null}},"type":"cond-expr","locations":[{"start":{"line":582,"column":26},"end":{"line":582,"column":null}},{"start":{"line":583,"column":26},"end":{"line":583,"column":null}}]},"25":{"loc":{"start":{"line":595,"column":15},"end":{"line":682,"column":null}},"type":"binary-expr","locations":[{"start":{"line":595,"column":15},"end":{"line":595,"column":null}},{"start":{"line":596,"column":16},"end":{"line":682,"column":null}}]},"26":{"loc":{"start":{"line":695,"column":22},"end":{"line":697,"column":null}},"type":"cond-expr","locations":[{"start":{"line":696,"column":26},"end":{"line":696,"column":null}},{"start":{"line":697,"column":26},"end":{"line":697,"column":null}}]},"27":{"loc":{"start":{"line":709,"column":15},"end":{"line":735,"column":null}},"type":"binary-expr","locations":[{"start":{"line":709,"column":15},"end":{"line":709,"column":null}},{"start":{"line":710,"column":16},"end":{"line":735,"column":null}}]}},"s":{"0":20,"1":160,"2":0,"3":0,"4":0,"5":0,"6":0,"7":0,"8":0,"9":0,"10":0,"11":0,"12":0,"13":0,"14":0,"15":0,"16":0,"17":0,"18":0,"19":0,"20":0,"21":0,"22":0,"23":0,"24":0,"25":0,"26":0,"27":0,"28":0,"29":0,"30":0,"31":0,"32":0,"33":0,"34":0,"35":0,"36":0,"37":0,"38":0,"39":0,"40":0,"41":0,"42":0,"43":0,"44":0,"45":0,"46":0,"47":0,"48":0,"49":0,"50":0,"51":0,"52":0,"53":0,"54":0,"55":0,"56":0,"57":0,"58":0,"59":0,"60":0,"61":20,"62":0,"63":20,"64":20},"f":{"0":20,"1":0,"2":0,"3":0,"4":0,"5":0,"6":0,"7":0,"8":0,"9":0,"10":0,"11":0,"12":0,"13":0,"14":0,"15":0,"16":0,"17":0,"18":0,"19":0,"20":0,"21":0,"22":0,"23":0,"24":0,"25":0,"26":0},"b":{"0":[20,0],"1":[20],"2":[20,20],"3":[0,0],"4":[0],"5":[0,0],"6":[0,0],"7":[0,0,0],"8":[0,0],"9":[0],"10":[0],"11":[0,0],"12":[0,0],"13":[0,0],"14":[0,0],"15":[0,0],"16":[0,0],"17":[0,0],"18":[0,0],"19":[0,0],"20":[0,0],"21":[0,0],"22":[0,0],"23":[0,0],"24":[0,0],"25":[0,0],"26":[0,0],"27":[0,0]}}
,"/home/lenovo/Desktop/IBE/GitRepo/IBE-Frontend/src/components/BookingConfirmation/CancelModal.tsx": {"path":"/home/lenovo/Desktop/IBE/GitRepo/IBE-Frontend/src/components/BookingConfirmation/CancelModal.tsx","statementMap":{"0":{"start":{"line":1,"column":0},"end":{"line":1,"column":null}},"1":{"start":{"line":148,"column":32},"end":{"line":153,"column":null}},"2":{"start":{"line":154,"column":20},"end":{"line":298,"column":2}},"3":{"start":{"line":154,"column":26},"end":{"line":154,"column":null}},"4":{"start":{"line":155,"column":17},"end":{"line":155,"column":null}},"5":{"start":{"line":155,"column":51},"end":{"line":155,"column":78}},"6":{"start":{"line":156,"column":22},"end":{"line":156,"column":null}},"7":{"start":{"line":157,"column":65},"end":{"line":157,"column":null}},"8":{"start":{"line":159,"column":21},"end":{"line":162,"column":null}},"9":{"start":{"line":160,"column":4},"end":{"line":160,"column":null}},"10":{"start":{"line":161,"column":4},"end":{"line":161,"column":null}},"11":{"start":{"line":164,"column":30},"end":{"line":166,"column":null}},"12":{"start":{"line":165,"column":26},"end":{"line":165,"column":null}},"13":{"start":{"line":167,"column":31},"end":{"line":169,"column":null}},"14":{"start":{"line":168,"column":26},"end":{"line":168,"column":null}},"15":{"start":{"line":172,"column":22},"end":{"line":172,"column":null}},"16":{"start":{"line":173,"column":27},"end":{"line":173,"column":null}},"17":{"start":{"line":174,"column":4},"end":{"line":176,"column":null}},"18":{"start":{"line":175,"column":6},"end":{"line":175,"column":null}},"19":{"start":{"line":177,"column":22},"end":{"line":177,"column":null}},"20":{"start":{"line":178,"column":4},"end":{"line":178,"column":null}},"21":{"start":{"line":179,"column":4},"end":{"line":179,"column":null}},"22":{"start":{"line":180,"column":4},"end":{"line":180,"column":null}},"23":{"start":{"line":181,"column":4},"end":{"line":181,"column":null}},"24":{"start":{"line":183,"column":2},"end":{"line":195,"column":null}},"25":{"start":{"line":184,"column":4},"end":{"line":194,"column":null}},"26":{"start":{"line":185,"column":6},"end":{"line":185,"column":null}},"27":{"start":{"line":186,"column":24},"end":{"line":186,"column":null}},"28":{"start":{"line":187,"column":29},"end":{"line":187,"column":null}},"29":{"start":{"line":188,"column":6},"end":{"line":190,"column":null}},"30":{"start":{"line":189,"column":8},"end":{"line":189,"column":null}},"31":{"start":{"line":191,"column":24},"end":{"line":191,"column":null}},"32":{"start":{"line":192,"column":6},"end":{"line":192,"column":null}},"33":{"start":{"line":193,"column":6},"end":{"line":193,"column":null}},"34":{"start":{"line":197,"column":29},"end":{"line":199,"column":null}},"35":{"start":{"line":198,"column":26},"end":{"line":198,"column":null}},"36":{"start":{"line":200,"column":30},"end":{"line":202,"column":null}},"37":{"start":{"line":201,"column":26},"end":{"line":201,"column":null}},"38":{"start":{"line":204,"column":34},"end":{"line":204,"column":null}},"39":{"start":{"line":207,"column":2},"end":{"line":296,"column":null}},"40":{"start":{"line":230,"column":35},"end":{"line":230,"column":70}},"41":{"start":{"line":298,"column":2},"end":{"line":200,"column":null}},"42":{"start":{"line":154,"column":17},"end":{"line":200,"column":null}},"43":{"start":{"line":200,"column":41},"end":{"line":154,"column":17}},"44":{"start":{"line":300,"column":27},"end":{"line":300,"column":null}}},"fnMap":{"0":{"name":"(anonymous_0)","decl":{"start":{"line":1,"column":0},"end":{"line":1,"column":null}},"loc":{"start":{"line":1,"column":0},"end":{"line":1,"column":null}}},"1":{"name":"(anonymous_1)","decl":{"start":{"line":154,"column":20},"end":{"line":154,"column":26}},"loc":{"start":{"line":154,"column":26},"end":{"line":298,"column":2}}},"2":{"name":"(anonymous_2)","decl":{"start":{"line":155,"column":29},"end":{"line":155,"column":30}},"loc":{"start":{"line":155,"column":51},"end":{"line":155,"column":78}}},"3":{"name":"(anonymous_3)","decl":{"start":{"line":159,"column":21},"end":{"line":159,"column":27}},"loc":{"start":{"line":159,"column":27},"end":{"line":162,"column":null}}},"4":{"name":"(anonymous_4)","decl":{"start":{"line":165,"column":4},"end":{"line":165,"column":5}},"loc":{"start":{"line":165,"column":26},"end":{"line":165,"column":null}}},"5":{"name":"(anonymous_5)","decl":{"start":{"line":168,"column":4},"end":{"line":168,"column":5}},"loc":{"start":{"line":168,"column":26},"end":{"line":168,"column":null}}},"6":{"name":"otpVerificationHandler","decl":{"start":{"line":171,"column":11},"end":{"line":171,"column":36}},"loc":{"start":{"line":171,"column":36},"end":{"line":182,"column":null}}},"7":{"name":"(anonymous_7)","decl":{"start":{"line":183,"column":12},"end":{"line":183,"column":18}},"loc":{"start":{"line":183,"column":18},"end":{"line":195,"column":5}}},"8":{"name":"(anonymous_8)","decl":{"start":{"line":198,"column":4},"end":{"line":198,"column":5}},"loc":{"start":{"line":198,"column":26},"end":{"line":198,"column":null}}},"9":{"name":"(anonymous_9)","decl":{"start":{"line":201,"column":4},"end":{"line":201,"column":5}},"loc":{"start":{"line":201,"column":26},"end":{"line":201,"column":null}}},"10":{"name":"(anonymous_10)","decl":{"start":{"line":230,"column":28},"end":{"line":230,"column":29}},"loc":{"start":{"line":230,"column":35},"end":{"line":230,"column":70}}},"11":{"name":"(anonymous_11)","decl":{"start":{"line":154,"column":17},"end":{"line":154,"column":20}},"loc":{"start":{"line":154,"column":17},"end":{"line":200,"column":null}}}},"branchMap":{"0":{"loc":{"start":{"line":1,"column":0},"end":{"line":1,"column":null}},"type":"binary-expr","locations":[{"start":{"line":1,"column":0},"end":{"line":1,"column":null}},{"start":{"line":1,"column":0},"end":{"line":1,"column":null}}]},"1":{"loc":{"start":{"line":1,"column":0},"end":{"line":1,"column":null}},"type":"if","locations":[{"start":{"line":1,"column":0},"end":{"line":1,"column":null}}]},"2":{"loc":{"start":{"line":174,"column":4},"end":{"line":176,"column":null}},"type":"if","locations":[{"start":{"line":174,"column":4},"end":{"line":176,"column":null}}]},"3":{"loc":{"start":{"line":174,"column":8},"end":{"line":174,"column":65}},"type":"binary-expr","locations":[{"start":{"line":174,"column":8},"end":{"line":174,"column":35}},{"start":{"line":174,"column":35},"end":{"line":174,"column":65}}]},"4":{"loc":{"start":{"line":184,"column":4},"end":{"line":194,"column":null}},"type":"if","locations":[{"start":{"line":184,"column":4},"end":{"line":194,"column":null}}]},"5":{"loc":{"start":{"line":188,"column":6},"end":{"line":190,"column":null}},"type":"if","locations":[{"start":{"line":188,"column":6},"end":{"line":190,"column":null}}]},"6":{"loc":{"start":{"line":188,"column":10},"end":{"line":188,"column":67}},"type":"binary-expr","locations":[{"start":{"line":188,"column":10},"end":{"line":188,"column":37}},{"start":{"line":188,"column":37},"end":{"line":188,"column":67}}]},"7":{"loc":{"start":{"line":210,"column":9},"end":{"line":275,"column":null}},"type":"binary-expr","locations":[{"start":{"line":210,"column":9},"end":{"line":210,"column":null}},{"start":{"line":211,"column":10},"end":{"line":275,"column":null}}]},"8":{"loc":{"start":{"line":241,"column":15},"end":{"line":253,"column":null}},"type":"binary-expr","locations":[{"start":{"line":241,"column":15},"end":{"line":241,"column":null}},{"start":{"line":242,"column":16},"end":{"line":253,"column":null}}]},"9":{"loc":{"start":{"line":246,"column":29},"end":{"line":246,"column":null}},"type":"cond-expr","locations":[{"start":{"line":246,"column":51},"end":{"line":246,"column":60}},{"start":{"line":246,"column":60},"end":{"line":246,"column":null}}]},"10":{"loc":{"start":{"line":247,"column":27},"end":{"line":247,"column":null}},"type":"cond-expr","locations":[{"start":{"line":247,"column":64},"end":{"line":247,"column":74}},{"start":{"line":247,"column":74},"end":{"line":247,"column":null}}]},"11":{"loc":{"start":{"line":250,"column":19},"end":{"line":252,"column":null}},"type":"cond-expr","locations":[{"start":{"line":251,"column":22},"end":{"line":251,"column":null}},{"start":{"line":252,"column":22},"end":{"line":252,"column":null}}]},"12":{"loc":{"start":{"line":278,"column":9},"end":{"line":293,"column":null}},"type":"binary-expr","locations":[{"start":{"line":278,"column":9},"end":{"line":278,"column":null}},{"start":{"line":279,"column":10},"end":{"line":293,"column":null}}]}},"s":{"0":180,"1":20,"2":20,"3":0,"4":0,"5":0,"6":0,"7":0,"8":0,"9":0,"10":0,"11":0,"12":0,"13":0,"14":0,"15":0,"16":0,"17":0,"18":0,"19":0,"20":0,"21":0,"22":0,"23":0,"24":0,"25":0,"26":0,"27":0,"28":0,"29":0,"30":0,"31":0,"32":0,"33":0,"34":0,"35":0,"36":0,"37":0,"38":0,"39":0,"40":0,"41":20,"42":0,"43":20,"44":20},"f":{"0":20,"1":0,"2":0,"3":0,"4":0,"5":0,"6":0,"7":0,"8":0,"9":0,"10":0,"11":0},"b":{"0":[40,20],"1":[20],"2":[0],"3":[0,0],"4":[0],"5":[0],"6":[0,0],"7":[0,0],"8":[0,0],"9":[0,0],"10":[0,0],"11":[0,0],"12":[0,0]}}
,"/home/lenovo/Desktop/IBE/GitRepo/IBE-Frontend/src/components/BookingPage/BookingPage.tsx": {"path":"/home/lenovo/Desktop/IBE/GitRepo/IBE-Frontend/src/components/BookingPage/BookingPage.tsx","statementMap":{"0":{"start":{"line":1,"column":33},"end":{"line":1,"column":null}},"1":{"start":{"line":22,"column":30},"end":{"line":22,"column":null}},"2":{"start":{"line":23,"column":16},"end":{"line":26,"column":null}},"3":{"start":{"line":28,"column":23},"end":{"line":30,"column":null}},"4":{"start":{"line":29,"column":26},"end":{"line":29,"column":null}},"5":{"start":{"line":31,"column":20},"end":{"line":31,"column":null}},"6":{"start":{"line":32,"column":22},"end":{"line":32,"column":null}},"7":{"start":{"line":34,"column":2},"end":{"line":37,"column":null}},"8":{"start":{"line":35,"column":4},"end":{"line":35,"column":null}},"9":{"start":{"line":36,"column":4},"end":{"line":36,"column":null}},"10":{"start":{"line":39,"column":26},"end":{"line":56,"column":null}},"11":{"start":{"line":40,"column":4},"end":{"line":55,"column":null}},"12":{"start":{"line":42,"column":8},"end":{"line":42,"column":null}},"13":{"start":{"line":43,"column":8},"end":{"line":43,"column":null}},"14":{"start":{"line":44,"column":8},"end":{"line":44,"column":null}},"15":{"start":{"line":45,"column":8},"end":{"line":45,"column":null}},"16":{"start":{"line":47,"column":8},"end":{"line":47,"column":null}},"17":{"start":{"line":48,"column":8},"end":{"line":48,"column":null}},"18":{"start":{"line":49,"column":8},"end":{"line":49,"column":null}},"19":{"start":{"line":51,"column":8},"end":{"line":51,"column":null}},"20":{"start":{"line":52,"column":8},"end":{"line":52,"column":null}},"21":{"start":{"line":54,"column":8},"end":{"line":54,"column":null}},"22":{"start":{"line":57,"column":24},"end":{"line":59,"column":null}},"23":{"start":{"line":58,"column":26},"end":{"line":58,"column":null}},"24":{"start":{"line":61,"column":33},"end":{"line":66,"column":null}},"25":{"start":{"line":62,"column":4},"end":{"line":62,"column":null}},"26":{"start":{"line":63,"column":4},"end":{"line":63,"column":null}},"27":{"start":{"line":64,"column":4},"end":{"line":64,"column":null}},"28":{"start":{"line":65,"column":4},"end":{"line":65,"column":null}},"29":{"start":{"line":110,"column":2},"end":{"line":191,"column":null}},"30":{"start":{"line":117,"column":14},"end":{"line":119,"column":null}},"31":{"start":{"line":117,"column":35},"end":{"line":117,"column":null}},"32":{"start":{"line":193,"column":1},"end":{"line":57,"column":null}},"33":{"start":{"line":22,"column":27},"end":{"line":57,"column":null}},"34":{"start":{"line":57,"column":35},"end":{"line":22,"column":27}},"35":{"start":{"line":22,"column":27},"end":{"line":22,"column":30}}},"fnMap":{"0":{"name":"(anonymous_0)","decl":{"start":{"line":1,"column":33},"end":{"line":1,"column":null}},"loc":{"start":{"line":1,"column":33},"end":{"line":1,"column":null}}},"1":{"name":"BookingPage","decl":{"start":{"line":22,"column":16},"end":{"line":22,"column":27}},"loc":{"start":{"line":22,"column":30},"end":{"line":193,"column":1}}},"2":{"name":"(anonymous_2)","decl":{"start":{"line":29,"column":4},"end":{"line":29,"column":5}},"loc":{"start":{"line":29,"column":26},"end":{"line":29,"column":null}}},"3":{"name":"(anonymous_3)","decl":{"start":{"line":39,"column":26},"end":{"line":39,"column":27}},"loc":{"start":{"line":39,"column":49},"end":{"line":56,"column":null}}},"4":{"name":"(anonymous_4)","decl":{"start":{"line":58,"column":4},"end":{"line":58,"column":5}},"loc":{"start":{"line":58,"column":26},"end":{"line":58,"column":null}}},"5":{"name":"(anonymous_5)","decl":{"start":{"line":61,"column":33},"end":{"line":61,"column":39}},"loc":{"start":{"line":61,"column":39},"end":{"line":66,"column":null}}},"6":{"name":"(anonymous_6)","decl":{"start":{"line":115,"column":23},"end":{"line":115,"column":24}},"loc":{"start":{"line":117,"column":14},"end":{"line":119,"column":null}}},"7":{"name":"(anonymous_7)","decl":{"start":{"line":117,"column":29},"end":{"line":117,"column":35}},"loc":{"start":{"line":117,"column":35},"end":{"line":117,"column":null}}},"8":{"name":"(anonymous_8)","decl":{"start":{"line":22,"column":27},"end":{"line":22,"column":30}},"loc":{"start":{"line":22,"column":27},"end":{"line":57,"column":null}}}},"branchMap":{"0":{"loc":{"start":{"line":1,"column":33},"end":{"line":1,"column":null}},"type":"binary-expr","locations":[{"start":{"line":1,"column":33},"end":{"line":1,"column":null}},{"start":{"line":1,"column":33},"end":{"line":1,"column":null}}]},"1":{"loc":{"start":{"line":1,"column":33},"end":{"line":1,"column":null}},"type":"if","locations":[{"start":{"line":1,"column":33},"end":{"line":1,"column":null}}]},"2":{"loc":{"start":{"line":34,"column":2},"end":{"line":37,"column":null}},"type":"if","locations":[{"start":{"line":34,"column":2},"end":{"line":37,"column":null}}]},"3":{"loc":{"start":{"line":40,"column":4},"end":{"line":55,"column":null}},"type":"switch","locations":[{"start":{"line":41,"column":6},"end":{"line":45,"column":null}},{"start":{"line":46,"column":6},"end":{"line":49,"column":null}},{"start":{"line":50,"column":6},"end":{"line":52,"column":null}},{"start":{"line":53,"column":6},"end":{"line":54,"column":null}}]},"4":{"loc":{"start":{"line":132,"column":11},"end":{"line":138,"column":null}},"type":"cond-expr","locations":[{"start":{"line":133,"column":12},"end":{"line":135,"column":null}},{"start":{"line":138,"column":12},"end":{"line":138,"column":null}}]}},"s":{"0":180,"1":6,"2":6,"3":6,"4":15,"5":4,"6":4,"7":4,"8":0,"9":0,"10":4,"11":0,"12":0,"13":0,"14":0,"15":0,"16":0,"17":0,"18":0,"19":0,"20":0,"21":0,"22":4,"23":15,"24":4,"25":0,"26":0,"27":0,"28":0,"29":4,"30":12,"31":0,"32":20,"33":2,"34":20,"35":20},"f":{"0":20,"1":6,"2":15,"3":0,"4":15,"5":0,"6":12,"7":0,"8":2},"b":{"0":[40,20],"1":[20],"2":[0],"3":[0,0,0,0],"4":[4,0]}}
,"/home/lenovo/Desktop/IBE/GitRepo/IBE-Frontend/src/components/BookingPage/FeedbackModal.tsx": {"path":"/home/lenovo/Desktop/IBE/GitRepo/IBE-Frontend/src/components/BookingPage/FeedbackModal.tsx","statementMap":{"0":{"start":{"line":1,"column":36},"end":{"line":1,"column":null}},"1":{"start":{"line":1,"column":43},"end":{"line":1,"column":null}},"2":{"start":{"line":13,"column":32},"end":{"line":13,"column":null}},"3":{"start":{"line":14,"column":15},"end":{"line":14,"column":null}},"4":{"start":{"line":15,"column":17},"end":{"line":17,"column":null}},"5":{"start":{"line":16,"column":26},"end":{"line":16,"column":null}},"6":{"start":{"line":18,"column":32},"end":{"line":18,"column":null}},"7":{"start":{"line":19,"column":28},"end":{"line":19,"column":null}},"8":{"start":{"line":20,"column":28},"end":{"line":20,"column":null}},"9":{"start":{"line":21,"column":38},"end":{"line":21,"column":null}},"10":{"start":{"line":22,"column":36},"end":{"line":22,"column":null}},"11":{"start":{"line":23,"column":28},"end":{"line":23,"column":null}},"12":{"start":{"line":25,"column":21},"end":{"line":27,"column":null}},"13":{"start":{"line":26,"column":26},"end":{"line":26,"column":null}},"14":{"start":{"line":28,"column":21},"end":{"line":28,"column":null}},"15":{"start":{"line":28,"column":55},"end":{"line":28,"column":78}},"16":{"start":{"line":29,"column":2},"end":{"line":37,"column":null}},"17":{"start":{"line":30,"column":4},"end":{"line":36,"column":null}},"18":{"start":{"line":31,"column":6},"end":{"line":31,"column":null}},"19":{"start":{"line":32,"column":6},"end":{"line":32,"column":null}},"20":{"start":{"line":33,"column":6},"end":{"line":33,"column":null}},"21":{"start":{"line":34,"column":6},"end":{"line":34,"column":null}},"22":{"start":{"line":35,"column":6},"end":{"line":35,"column":null}},"23":{"start":{"line":39,"column":27},"end":{"line":41,"column":null}},"24":{"start":{"line":40,"column":4},"end":{"line":40,"column":null}},"25":{"start":{"line":43,"column":23},"end":{"line":65,"column":null}},"26":{"start":{"line":44,"column":4},"end":{"line":64,"column":null}},"27":{"start":{"line":45,"column":6},"end":{"line":63,"column":null}},"28":{"start":{"line":55,"column":10},"end":{"line":59,"column":null}},"29":{"start":{"line":56,"column":12},"end":{"line":56,"column":null}},"30":{"start":{"line":58,"column":12},"end":{"line":58,"column":null}},"31":{"start":{"line":62,"column":10},"end":{"line":62,"column":null}},"32":{"start":{"line":67,"column":44},"end":{"line":73,"column":null}},"33":{"start":{"line":75,"column":2},"end":{"line":133,"column":null}},"34":{"start":{"line":101,"column":20},"end":{"line":101,"column":null}},"35":{"start":{"line":104,"column":20},"end":{"line":104,"column":null}},"36":{"start":{"line":121,"column":33},"end":{"line":121,"column":null}},"37":{"start":{"line":135,"column":1},"end":{"line":28,"column":33}},"38":{"start":{"line":13,"column":29},"end":{"line":28,"column":33}},"39":{"start":{"line":28,"column":32},"end":{"line":13,"column":29}},"40":{"start":{"line":13,"column":29},"end":{"line":13,"column":32}}},"fnMap":{"0":{"name":"(anonymous_0)","decl":{"start":{"line":1,"column":43},"end":{"line":1,"column":null}},"loc":{"start":{"line":1,"column":43},"end":{"line":1,"column":null}}},"1":{"name":"FeedbackModal","decl":{"start":{"line":13,"column":16},"end":{"line":13,"column":29}},"loc":{"start":{"line":13,"column":32},"end":{"line":135,"column":1}}},"2":{"name":"(anonymous_2)","decl":{"start":{"line":16,"column":4},"end":{"line":16,"column":5}},"loc":{"start":{"line":16,"column":26},"end":{"line":16,"column":null}}},"3":{"name":"(anonymous_3)","decl":{"start":{"line":26,"column":4},"end":{"line":26,"column":5}},"loc":{"start":{"line":26,"column":26},"end":{"line":26,"column":null}}},"4":{"name":"(anonymous_4)","decl":{"start":{"line":28,"column":33},"end":{"line":28,"column":34}},"loc":{"start":{"line":28,"column":55},"end":{"line":28,"column":78}}},"5":{"name":"(anonymous_5)","decl":{"start":{"line":29,"column":12},"end":{"line":29,"column":18}},"loc":{"start":{"line":29,"column":18},"end":{"line":37,"column":5}}},"6":{"name":"(anonymous_6)","decl":{"start":{"line":39,"column":27},"end":{"line":39,"column":33}},"loc":{"start":{"line":39,"column":33},"end":{"line":41,"column":null}}},"7":{"name":"(anonymous_7)","decl":{"start":{"line":43,"column":23},"end":{"line":43,"column":29}},"loc":{"start":{"line":43,"column":29},"end":{"line":65,"column":null}}},"8":{"name":"(anonymous_8)","decl":{"start":{"line":54,"column":14},"end":{"line":54,"column":15}},"loc":{"start":{"line":54,"column":28},"end":{"line":60,"column":9}}},"9":{"name":"(anonymous_9)","decl":{"start":{"line":61,"column":15},"end":{"line":61,"column":16}},"loc":{"start":{"line":61,"column":26},"end":{"line":63,"column":9}}},"10":{"name":"(anonymous_10)","decl":{"start":{"line":100,"column":28},"end":{"line":100,"column":29}},"loc":{"start":{"line":100,"column":45},"end":{"line":102,"column":null}}},"11":{"name":"(anonymous_11)","decl":{"start":{"line":103,"column":34},"end":{"line":103,"column":35}},"loc":{"start":{"line":103,"column":51},"end":{"line":105,"column":null}}},"12":{"name":"(anonymous_12)","decl":{"start":{"line":121,"column":26},"end":{"line":121,"column":27}},"loc":{"start":{"line":121,"column":33},"end":{"line":121,"column":null}}},"13":{"name":"(anonymous_13)","decl":{"start":{"line":13,"column":29},"end":{"line":13,"column":32}},"loc":{"start":{"line":13,"column":29},"end":{"line":28,"column":33}}}},"branchMap":{"0":{"loc":{"start":{"line":1,"column":36},"end":{"line":1,"column":null}},"type":"binary-expr","locations":[{"start":{"line":1,"column":36},"end":{"line":1,"column":null}},{"start":{"line":1,"column":43},"end":{"line":1,"column":null}}]},"1":{"loc":{"start":{"line":1,"column":43},"end":{"line":1,"column":null}},"type":"if","locations":[{"start":{"line":1,"column":43},"end":{"line":1,"column":null}}]},"2":{"loc":{"start":{"line":1,"column":43},"end":{"line":1,"column":null}},"type":"binary-expr","locations":[{"start":{"line":1,"column":43},"end":{"line":1,"column":null}},{"start":{"line":1,"column":43},"end":{"line":1,"column":null}}]},"3":{"loc":{"start":{"line":30,"column":4},"end":{"line":36,"column":null}},"type":"if","locations":[{"start":{"line":30,"column":4},"end":{"line":36,"column":null}}]},"4":{"loc":{"start":{"line":44,"column":4},"end":{"line":64,"column":null}},"type":"if","locations":[{"start":{"line":44,"column":4},"end":{"line":64,"column":null}}]},"5":{"loc":{"start":{"line":44,"column":8},"end":{"line":44,"column":52}},"type":"binary-expr","locations":[{"start":{"line":44,"column":8},"end":{"line":44,"column":26}},{"start":{"line":44,"column":26},"end":{"line":44,"column":52}}]},"6":{"loc":{"start":{"line":55,"column":10},"end":{"line":59,"column":null}},"type":"if","locations":[{"start":{"line":55,"column":10},"end":{"line":59,"column":null}},{"start":{"line":57,"column":17},"end":{"line":59,"column":null}}]},"7":{"loc":{"start":{"line":84,"column":11},"end":{"line":129,"column":null}},"type":"cond-expr","locations":[{"start":{"line":85,"column":12},"end":{"line":89,"column":null}},{"start":{"line":91,"column":12},"end":{"line":129,"column":null}}]},"8":{"loc":{"start":{"line":101,"column":29},"end":{"line":101,"column":42}},"type":"binary-expr","locations":[{"start":{"line":101,"column":29},"end":{"line":101,"column":41}},{"start":{"line":101,"column":41},"end":{"line":101,"column":42}}]},"9":{"loc":{"start":{"line":112,"column":17},"end":{"line":112,"column":null}},"type":"binary-expr","locations":[{"start":{"line":112,"column":17},"end":{"line":112,"column":35}},{"start":{"line":112,"column":35},"end":{"line":112,"column":null}}]},"10":{"loc":{"start":{"line":112,"column":42},"end":{"line":112,"column":70}},"type":"cond-expr","locations":[{"start":{"line":112,"column":57},"end":{"line":112,"column":65}},{"start":{"line":112,"column":65},"end":{"line":112,"column":70}}]},"11":{"loc":{"start":{"line":124,"column":15},"end":{"line":124,"column":null}},"type":"binary-expr","locations":[{"start":{"line":124,"column":15},"end":{"line":124,"column":24}},{"start":{"line":124,"column":24},"end":{"line":124,"column":null}}]}},"s":{"0":20,"1":160,"2":4,"3":4,"4":4,"5":15,"6":4,"7":4,"8":4,"9":4,"10":4,"11":4,"12":4,"13":15,"14":4,"15":15,"16":4,"17":4,"18":0,"19":0,"20":0,"21":0,"22":0,"23":4,"24":0,"25":4,"26":0,"27":0,"28":0,"29":0,"30":0,"31":0,"32":4,"33":4,"34":0,"35":0,"36":0,"37":20,"38":2,"39":20,"40":20},"f":{"0":20,"1":4,"2":15,"3":15,"4":15,"5":4,"6":0,"7":0,"8":0,"9":0,"10":0,"11":0,"12":0,"13":2},"b":{"0":[20,0],"1":[20],"2":[20,20],"3":[0],"4":[0],"5":[0,0],"6":[0,0],"7":[0,4],"8":[0,0],"9":[4,4],"10":[0,4],"11":[4,0]}}
,"/home/lenovo/Desktop/IBE/GitRepo/IBE-Frontend/src/components/BookingPage/Form.tsx": {"path":"/home/lenovo/Desktop/IBE/GitRepo/IBE-Frontend/src/components/BookingPage/Form.tsx","statementMap":{"0":{"start":{"line":1,"column":41},"end":{"line":1,"column":null}},"1":{"start":{"line":1,"column":66},"end":{"line":1,"column":null}},"2":{"start":{"line":22,"column":32},"end":{"line":27,"column":null}},"3":{"start":{"line":29,"column":24},"end":{"line":29,"column":null}},"4":{"start":{"line":30,"column":20},"end":{"line":30,"column":null}},"5":{"start":{"line":32,"column":36},"end":{"line":32,"column":null}},"6":{"start":{"line":33,"column":32},"end":{"line":33,"column":null}},"7":{"start":{"line":35,"column":44},"end":{"line":37,"column":null}},"8":{"start":{"line":38,"column":36},"end":{"line":40,"column":null}},"9":{"start":{"line":41,"column":34},"end":{"line":41,"column":null}},"10":{"start":{"line":42,"column":2},"end":{"line":46,"column":null}},"11":{"start":{"line":43,"column":4},"end":{"line":45,"column":null}},"12":{"start":{"line":44,"column":6},"end":{"line":44,"column":null}},"13":{"start":{"line":48,"column":36},"end":{"line":48,"column":null}},"14":{"start":{"line":49,"column":34},"end":{"line":49,"column":null}},"15":{"start":{"line":50,"column":28},"end":{"line":50,"column":null}},"16":{"start":{"line":51,"column":28},"end":{"line":51,"column":null}},"17":{"start":{"line":53,"column":50},"end":{"line":53,"column":null}},"18":{"start":{"line":54,"column":48},"end":{"line":54,"column":null}},"19":{"start":{"line":55,"column":42},"end":{"line":55,"column":null}},"20":{"start":{"line":56,"column":42},"end":{"line":56,"column":null}},"21":{"start":{"line":57,"column":34},"end":{"line":57,"column":null}},"22":{"start":{"line":58,"column":34},"end":{"line":58,"column":null}},"23":{"start":{"line":59,"column":50},"end":{"line":59,"column":null}},"24":{"start":{"line":60,"column":28},"end":{"line":60,"column":null}},"25":{"start":{"line":61,"column":32},"end":{"line":61,"column":null}},"26":{"start":{"line":62,"column":32},"end":{"line":62,"column":null}},"27":{"start":{"line":64,"column":38},"end":{"line":64,"column":null}},"28":{"start":{"line":65,"column":34},"end":{"line":65,"column":null}},"29":{"start":{"line":66,"column":32},"end":{"line":66,"column":null}},"30":{"start":{"line":67,"column":24},"end":{"line":67,"column":null}},"31":{"start":{"line":68,"column":44},"end":{"line":68,"column":null}},"32":{"start":{"line":69,"column":40},"end":{"line":69,"column":null}},"33":{"start":{"line":71,"column":31},"end":{"line":94,"column":null}},"34":{"start":{"line":72,"column":4},"end":{"line":92,"column":null}},"35":{"start":{"line":73,"column":6},"end":{"line":73,"column":null}},"36":{"start":{"line":74,"column":6},"end":{"line":74,"column":null}},"37":{"start":{"line":75,"column":6},"end":{"line":75,"column":null}},"38":{"start":{"line":76,"column":6},"end":{"line":76,"column":null}},"39":{"start":{"line":77,"column":6},"end":{"line":91,"column":null}},"40":{"start":{"line":78,"column":8},"end":{"line":90,"column":null}},"41":{"start":{"line":79,"column":33},"end":{"line":81,"column":null}},"42":{"start":{"line":82,"column":30},"end":{"line":84,"column":null}},"43":{"start":{"line":86,"column":10},"end":{"line":89,"column":null}},"44":{"start":{"line":87,"column":12},"end":{"line":87,"column":null}},"45":{"start":{"line":88,"column":12},"end":{"line":88,"column":null}},"46":{"start":{"line":93,"column":4},"end":{"line":93,"column":null}},"47":{"start":{"line":95,"column":32},"end":{"line":105,"column":null}},"48":{"start":{"line":96,"column":27},"end":{"line":98,"column":null}},"49":{"start":{"line":99,"column":24},"end":{"line":99,"column":null}},"50":{"start":{"line":101,"column":4},"end":{"line":104,"column":null}},"51":{"start":{"line":102,"column":6},"end":{"line":102,"column":null}},"52":{"start":{"line":103,"column":6},"end":{"line":103,"column":null}},"53":{"start":{"line":106,"column":18},"end":{"line":106,"column":null}},"54":{"start":{"line":108,"column":32},"end":{"line":146,"column":null}},"55":{"start":{"line":109,"column":4},"end":{"line":132,"column":null}},"56":{"start":{"line":110,"column":6},"end":{"line":110,"column":null}},"57":{"start":{"line":111,"column":6},"end":{"line":111,"column":null}},"58":{"start":{"line":112,"column":6},"end":{"line":112,"column":null}},"59":{"start":{"line":113,"column":6},"end":{"line":113,"column":null}},"60":{"start":{"line":114,"column":6},"end":{"line":114,"column":null}},"61":{"start":{"line":115,"column":6},"end":{"line":115,"column":null}},"62":{"start":{"line":116,"column":6},"end":{"line":116,"column":null}},"63":{"start":{"line":117,"column":6},"end":{"line":131,"column":null}},"64":{"start":{"line":118,"column":8},"end":{"line":130,"column":null}},"65":{"start":{"line":119,"column":30},"end":{"line":121,"column":null}},"66":{"start":{"line":122,"column":30},"end":{"line":124,"column":null}},"67":{"start":{"line":126,"column":10},"end":{"line":129,"column":null}},"68":{"start":{"line":127,"column":12},"end":{"line":127,"column":null}},"69":{"start":{"line":128,"column":12},"end":{"line":128,"column":null}},"70":{"start":{"line":133,"column":4},"end":{"line":145,"column":null}},"71":{"start":{"line":148,"column":32},"end":{"line":156,"column":null}},"72":{"start":{"line":149,"column":24},"end":{"line":149,"column":null}},"73":{"start":{"line":150,"column":24},"end":{"line":150,"column":null}},"74":{"start":{"line":152,"column":4},"end":{"line":155,"column":null}},"75":{"start":{"line":153,"column":6},"end":{"line":153,"column":null}},"76":{"start":{"line":154,"column":6},"end":{"line":154,"column":null}},"77":{"start":{"line":158,"column":20},"end":{"line":158,"column":null}},"78":{"start":{"line":159,"column":21},"end":{"line":159,"column":null}},"79":{"start":{"line":163,"column":22},"end":{"line":165,"column":null}},"80":{"start":{"line":164,"column":26},"end":{"line":164,"column":null}},"81":{"start":{"line":166,"column":23},"end":{"line":168,"column":null}},"82":{"start":{"line":167,"column":26},"end":{"line":167,"column":null}},"83":{"start":{"line":169,"column":24},"end":{"line":171,"column":null}},"84":{"start":{"line":170,"column":26},"end":{"line":170,"column":null}},"85":{"start":{"line":172,"column":24},"end":{"line":174,"column":null}},"86":{"start":{"line":173,"column":26},"end":{"line":173,"column":null}},"87":{"start":{"line":175,"column":21},"end":{"line":175,"column":null}},"88":{"start":{"line":175,"column":55},"end":{"line":175,"column":78}},"89":{"start":{"line":177,"column":21},"end":{"line":179,"column":null}},"90":{"start":{"line":178,"column":26},"end":{"line":178,"column":null}},"91":{"start":{"line":180,"column":20},"end":{"line":182,"column":null}},"92":{"start":{"line":181,"column":26},"end":{"line":181,"column":null}},"93":{"start":{"line":183,"column":28},"end":{"line":185,"column":null}},"94":{"start":{"line":184,"column":26},"end":{"line":184,"column":null}},"95":{"start":{"line":186,"column":22},"end":{"line":188,"column":null}},"96":{"start":{"line":187,"column":26},"end":{"line":187,"column":null}},"97":{"start":{"line":189,"column":16},"end":{"line":189,"column":null}},"98":{"start":{"line":189,"column":50},"end":{"line":189,"column":71}},"99":{"start":{"line":190,"column":14},"end":{"line":190,"column":null}},"100":{"start":{"line":190,"column":48},"end":{"line":190,"column":67}},"101":{"start":{"line":191,"column":24},"end":{"line":193,"column":null}},"102":{"start":{"line":192,"column":26},"end":{"line":192,"column":null}},"103":{"start":{"line":195,"column":20},"end":{"line":202,"column":null}},"104":{"start":{"line":196,"column":4},"end":{"line":196,"column":null}},"105":{"start":{"line":197,"column":4},"end":{"line":197,"column":null}},"106":{"start":{"line":198,"column":4},"end":{"line":198,"column":null}},"107":{"start":{"line":199,"column":4},"end":{"line":199,"column":null}},"108":{"start":{"line":200,"column":4},"end":{"line":200,"column":null}},"109":{"start":{"line":201,"column":4},"end":{"line":201,"column":null}},"110":{"start":{"line":204,"column":23},"end":{"line":206,"column":null}},"111":{"start":{"line":205,"column":26},"end":{"line":205,"column":null}},"112":{"start":{"line":208,"column":30},"end":{"line":208,"column":null}},"113":{"start":{"line":209,"column":23},"end":{"line":343,"column":null}},"114":{"start":{"line":216,"column":4},"end":{"line":222,"column":null}},"115":{"start":{"line":217,"column":6},"end":{"line":221,"column":null}},"116":{"start":{"line":218,"column":8},"end":{"line":219,"column":null}},"117":{"start":{"line":223,"column":4},"end":{"line":223,"column":null}},"118":{"start":{"line":224,"column":4},"end":{"line":236,"column":null}},"119":{"start":{"line":237,"column":4},"end":{"line":245,"column":null}},"120":{"start":{"line":246,"column":24},"end":{"line":246,"column":null}},"121":{"start":{"line":248,"column":21},"end":{"line":300,"column":null}},"122":{"start":{"line":302,"column":4},"end":{"line":302,"column":null}},"123":{"start":{"line":303,"column":4},"end":{"line":303,"column":null}},"124":{"start":{"line":305,"column":4},"end":{"line":342,"column":null}},"125":{"start":{"line":306,"column":23},"end":{"line":316,"column":null}},"126":{"start":{"line":318,"column":6},"end":{"line":321,"column":null}},"127":{"start":{"line":319,"column":8},"end":{"line":319,"column":null}},"128":{"start":{"line":323,"column":27},"end":{"line":323,"column":null}},"129":{"start":{"line":324,"column":6},"end":{"line":324,"column":null}},"130":{"start":{"line":325,"column":24},"end":{"line":325,"column":null}},"131":{"start":{"line":327,"column":6},"end":{"line":327,"column":null}},"132":{"start":{"line":329,"column":6},"end":{"line":332,"column":null}},"133":{"start":{"line":330,"column":8},"end":{"line":330,"column":null}},"134":{"start":{"line":331,"column":8},"end":{"line":331,"column":null}},"135":{"start":{"line":335,"column":6},"end":{"line":335,"column":null}},"136":{"start":{"line":337,"column":6},"end":{"line":337,"column":null}},"137":{"start":{"line":338,"column":23},"end":{"line":338,"column":null}},"138":{"start":{"line":339,"column":6},"end":{"line":339,"column":null}},"139":{"start":{"line":340,"column":6},"end":{"line":340,"column":null}},"140":{"start":{"line":345,"column":22},"end":{"line":345,"column":null}},"141":{"start":{"line":347,"column":4},"end":{"line":347,"column":null}},"142":{"start":{"line":350,"column":30},"end":{"line":379,"column":null}},"143":{"start":{"line":351,"column":23},"end":{"line":351,"column":null}},"144":{"start":{"line":352,"column":4},"end":{"line":352,"column":null}},"145":{"start":{"line":353,"column":17},"end":{"line":353,"column":null}},"146":{"start":{"line":354,"column":20},"end":{"line":360,"column":null}},"147":{"start":{"line":361,"column":4},"end":{"line":378,"column":null}},"148":{"start":{"line":362,"column":23},"end":{"line":362,"column":null}},"149":{"start":{"line":363,"column":21},"end":{"line":363,"column":null}},"150":{"start":{"line":366,"column":23},"end":{"line":370,"column":null}},"151":{"start":{"line":368,"column":10},"end":{"line":369,"column":null}},"152":{"start":{"line":371,"column":6},"end":{"line":371,"column":null}},"153":{"start":{"line":374,"column":6},"end":{"line":374,"column":null}},"154":{"start":{"line":376,"column":6},"end":{"line":376,"column":null}},"155":{"start":{"line":377,"column":6},"end":{"line":377,"column":null}},"156":{"start":{"line":381,"column":30},"end":{"line":406,"column":null}},"157":{"start":{"line":382,"column":30},"end":{"line":382,"column":null}},"158":{"start":{"line":383,"column":25},"end":{"line":383,"column":null}},"159":{"start":{"line":384,"column":4},"end":{"line":384,"column":null}},"160":{"start":{"line":385,"column":4},"end":{"line":385,"column":null}},"161":{"start":{"line":387,"column":28},"end":{"line":387,"column":null}},"162":{"start":{"line":388,"column":26},"end":{"line":390,"column":null}},"163":{"start":{"line":389,"column":22},"end":{"line":389,"column":null}},"164":{"start":{"line":392,"column":4},"end":{"line":395,"column":null}},"165":{"start":{"line":393,"column":6},"end":{"line":393,"column":null}},"166":{"start":{"line":394,"column":6},"end":{"line":394,"column":null}},"167":{"start":{"line":397,"column":30},"end":{"line":397,"column":null}},"168":{"start":{"line":398,"column":28},"end":{"line":400,"column":null}},"169":{"start":{"line":399,"column":24},"end":{"line":399,"column":null}},"170":{"start":{"line":402,"column":4},"end":{"line":405,"column":null}},"171":{"start":{"line":403,"column":6},"end":{"line":403,"column":null}},"172":{"start":{"line":404,"column":6},"end":{"line":404,"column":null}},"173":{"start":{"line":409,"column":2},"end":{"line":413,"column":null}},"174":{"start":{"line":410,"column":4},"end":{"line":412,"column":null}},"175":{"start":{"line":411,"column":6},"end":{"line":411,"column":null}},"176":{"start":{"line":416,"column":2},"end":{"line":422,"column":null}},"177":{"start":{"line":417,"column":4},"end":{"line":421,"column":null}},"178":{"start":{"line":418,"column":6},"end":{"line":420,"column":null}},"179":{"start":{"line":419,"column":8},"end":{"line":419,"column":null}},"180":{"start":{"line":425,"column":2},"end":{"line":431,"column":null}},"181":{"start":{"line":426,"column":4},"end":{"line":430,"column":null}},"182":{"start":{"line":427,"column":6},"end":{"line":429,"column":null}},"183":{"start":{"line":428,"column":8},"end":{"line":428,"column":null}},"184":{"start":{"line":432,"column":24},"end":{"line":432,"column":null}},"185":{"start":{"line":432,"column":58},"end":{"line":432,"column":76}},"186":{"start":{"line":434,"column":19},"end":{"line":434,"column":null}},"187":{"start":{"line":434,"column":53},"end":{"line":434,"column":75}},"188":{"start":{"line":436,"column":2},"end":{"line":1071,"column":null}},"189":{"start":{"line":470,"column":10},"end":{"line":470,"column":null}},"190":{"start":{"line":471,"column":10},"end":{"line":471,"column":null}},"191":{"start":{"line":472,"column":10},"end":{"line":472,"column":null}},"192":{"start":{"line":476,"column":10},"end":{"line":542,"column":null}},"193":{"start":{"line":579,"column":14},"end":{"line":579,"column":null}},"194":{"start":{"line":590,"column":10},"end":{"line":590,"column":null}},"195":{"start":{"line":591,"column":10},"end":{"line":603,"column":null}},"196":{"start":{"line":604,"column":10},"end":{"line":604,"column":null}},"197":{"start":{"line":609,"column":10},"end":{"line":832,"column":null}},"198":{"start":{"line":686,"column":36},"end":{"line":686,"column":null}},"199":{"start":{"line":687,"column":20},"end":{"line":687,"column":null}},"200":{"start":{"line":688,"column":20},"end":{"line":690,"column":null}},"201":{"start":{"line":689,"column":22},"end":{"line":689,"column":null}},"202":{"start":{"line":694,"column":20},"end":{"line":696,"column":null}},"203":{"start":{"line":719,"column":36},"end":{"line":719,"column":null}},"204":{"start":{"line":720,"column":22},"end":{"line":720,"column":null}},"205":{"start":{"line":721,"column":22},"end":{"line":723,"column":null}},"206":{"start":{"line":722,"column":24},"end":{"line":722,"column":null}},"207":{"start":{"line":727,"column":22},"end":{"line":729,"column":null}},"208":{"start":{"line":757,"column":24},"end":{"line":759,"column":null}},"209":{"start":{"line":776,"column":24},"end":{"line":776,"column":null}},"210":{"start":{"line":777,"column":43},"end":{"line":777,"column":null}},"211":{"start":{"line":778,"column":24},"end":{"line":778,"column":null}},"212":{"start":{"line":779,"column":24},"end":{"line":779,"column":null}},"213":{"start":{"line":863,"column":18},"end":{"line":863,"column":null}},"214":{"start":{"line":864,"column":48},"end":{"line":864,"column":null}},"215":{"start":{"line":865,"column":24},"end":{"line":865,"column":null}},"216":{"start":{"line":866,"column":24},"end":{"line":866,"column":null}},"217":{"start":{"line":867,"column":18},"end":{"line":873,"column":null}},"218":{"start":{"line":872,"column":20},"end":{"line":872,"column":null}},"219":{"start":{"line":874,"column":18},"end":{"line":874,"column":null}},"220":{"start":{"line":891,"column":14},"end":{"line":891,"column":null}},"221":{"start":{"line":892,"column":14},"end":{"line":892,"column":null}},"222":{"start":{"line":910,"column":22},"end":{"line":915,"column":null}},"223":{"start":{"line":914,"column":24},"end":{"line":914,"column":null}},"224":{"start":{"line":967,"column":24},"end":{"line":967,"column":null}},"225":{"start":{"line":1074,"column":1},"end":{"line":434,"column":31}},"226":{"start":{"line":29,"column":21},"end":{"line":434,"column":31}},"227":{"start":{"line":434,"column":30},"end":{"line":29,"column":21}},"228":{"start":{"line":29,"column":21},"end":{"line":29,"column":24}}},"fnMap":{"0":{"name":"(anonymous_0)","decl":{"start":{"line":1,"column":66},"end":{"line":1,"column":null}},"loc":{"start":{"line":1,"column":66},"end":{"line":1,"column":null}}},"1":{"name":"Forms","decl":{"start":{"line":29,"column":16},"end":{"line":29,"column":21}},"loc":{"start":{"line":29,"column":24},"end":{"line":1074,"column":1}}},"2":{"name":"(anonymous_2)","decl":{"start":{"line":42,"column":12},"end":{"line":42,"column":18}},"loc":{"start":{"line":42,"column":18},"end":{"line":46,"column":5}}},"3":{"name":"(anonymous_3)","decl":{"start":{"line":43,"column":24},"end":{"line":43,"column":25}},"loc":{"start":{"line":43,"column":36},"end":{"line":45,"column":5}}},"4":{"name":"(anonymous_4)","decl":{"start":{"line":71,"column":31},"end":{"line":71,"column":37}},"loc":{"start":{"line":71,"column":37},"end":{"line":94,"column":null}}},"5":{"name":"(anonymous_5)","decl":{"start":{"line":77,"column":42},"end":{"line":77,"column":48}},"loc":{"start":{"line":77,"column":48},"end":{"line":91,"column":7}}},"6":{"name":"(anonymous_6)","decl":{"start":{"line":95,"column":32},"end":{"line":95,"column":38}},"loc":{"start":{"line":95,"column":38},"end":{"line":105,"column":null}}},"7":{"name":"(anonymous_7)","decl":{"start":{"line":108,"column":32},"end":{"line":108,"column":38}},"loc":{"start":{"line":108,"column":38},"end":{"line":146,"column":null}}},"8":{"name":"(anonymous_8)","decl":{"start":{"line":117,"column":40},"end":{"line":117,"column":46}},"loc":{"start":{"line":117,"column":46},"end":{"line":131,"column":7}}},"9":{"name":"(anonymous_9)","decl":{"start":{"line":148,"column":32},"end":{"line":148,"column":38}},"loc":{"start":{"line":148,"column":38},"end":{"line":156,"column":null}}},"10":{"name":"(anonymous_10)","decl":{"start":{"line":164,"column":4},"end":{"line":164,"column":5}},"loc":{"start":{"line":164,"column":26},"end":{"line":164,"column":null}}},"11":{"name":"(anonymous_11)","decl":{"start":{"line":167,"column":4},"end":{"line":167,"column":5}},"loc":{"start":{"line":167,"column":26},"end":{"line":167,"column":null}}},"12":{"name":"(anonymous_12)","decl":{"start":{"line":170,"column":4},"end":{"line":170,"column":5}},"loc":{"start":{"line":170,"column":26},"end":{"line":170,"column":null}}},"13":{"name":"(anonymous_13)","decl":{"start":{"line":173,"column":4},"end":{"line":173,"column":5}},"loc":{"start":{"line":173,"column":26},"end":{"line":173,"column":null}}},"14":{"name":"(anonymous_14)","decl":{"start":{"line":175,"column":33},"end":{"line":175,"column":34}},"loc":{"start":{"line":175,"column":55},"end":{"line":175,"column":78}}},"15":{"name":"(anonymous_15)","decl":{"start":{"line":178,"column":4},"end":{"line":178,"column":5}},"loc":{"start":{"line":178,"column":26},"end":{"line":178,"column":null}}},"16":{"name":"(anonymous_16)","decl":{"start":{"line":181,"column":4},"end":{"line":181,"column":5}},"loc":{"start":{"line":181,"column":26},"end":{"line":181,"column":null}}},"17":{"name":"(anonymous_17)","decl":{"start":{"line":184,"column":4},"end":{"line":184,"column":5}},"loc":{"start":{"line":184,"column":26},"end":{"line":184,"column":null}}},"18":{"name":"(anonymous_18)","decl":{"start":{"line":187,"column":4},"end":{"line":187,"column":5}},"loc":{"start":{"line":187,"column":26},"end":{"line":187,"column":null}}},"19":{"name":"(anonymous_19)","decl":{"start":{"line":189,"column":28},"end":{"line":189,"column":29}},"loc":{"start":{"line":189,"column":50},"end":{"line":189,"column":71}}},"20":{"name":"(anonymous_20)","decl":{"start":{"line":190,"column":26},"end":{"line":190,"column":27}},"loc":{"start":{"line":190,"column":48},"end":{"line":190,"column":67}}},"21":{"name":"(anonymous_21)","decl":{"start":{"line":192,"column":4},"end":{"line":192,"column":5}},"loc":{"start":{"line":192,"column":26},"end":{"line":192,"column":null}}},"22":{"name":"(anonymous_22)","decl":{"start":{"line":195,"column":20},"end":{"line":195,"column":26}},"loc":{"start":{"line":195,"column":26},"end":{"line":202,"column":null}}},"23":{"name":"(anonymous_23)","decl":{"start":{"line":205,"column":4},"end":{"line":205,"column":5}},"loc":{"start":{"line":205,"column":26},"end":{"line":205,"column":null}}},"24":{"name":"(anonymous_24)","decl":{"start":{"line":209,"column":23},"end":{"line":209,"column":35}},"loc":{"start":{"line":209,"column":35},"end":{"line":343,"column":null}}},"25":{"name":"(anonymous_25)","decl":{"start":{"line":217,"column":43},"end":{"line":217,"column":49}},"loc":{"start":{"line":217,"column":49},"end":{"line":221,"column":7}}},"26":{"name":"handlePriceClick","decl":{"start":{"line":346,"column":11},"end":{"line":346,"column":30}},"loc":{"start":{"line":346,"column":30},"end":{"line":348,"column":null}}},"27":{"name":"(anonymous_27)","decl":{"start":{"line":350,"column":30},"end":{"line":350,"column":37}},"loc":{"start":{"line":350,"column":58},"end":{"line":379,"column":null}}},"28":{"name":"(anonymous_28)","decl":{"start":{"line":367,"column":8},"end":{"line":367,"column":9}},"loc":{"start":{"line":368,"column":10},"end":{"line":369,"column":null}}},"29":{"name":"(anonymous_29)","decl":{"start":{"line":381,"column":30},"end":{"line":381,"column":31}},"loc":{"start":{"line":381,"column":75},"end":{"line":406,"column":null}}},"30":{"name":"(anonymous_30)","decl":{"start":{"line":389,"column":6},"end":{"line":389,"column":7}},"loc":{"start":{"line":389,"column":22},"end":{"line":389,"column":null}}},"31":{"name":"(anonymous_31)","decl":{"start":{"line":399,"column":6},"end":{"line":399,"column":7}},"loc":{"start":{"line":399,"column":24},"end":{"line":399,"column":null}}},"32":{"name":"(anonymous_32)","decl":{"start":{"line":409,"column":12},"end":{"line":409,"column":18}},"loc":{"start":{"line":409,"column":18},"end":{"line":413,"column":5}}},"33":{"name":"(anonymous_33)","decl":{"start":{"line":410,"column":24},"end":{"line":410,"column":25}},"loc":{"start":{"line":410,"column":36},"end":{"line":412,"column":5}}},"34":{"name":"(anonymous_34)","decl":{"start":{"line":416,"column":12},"end":{"line":416,"column":18}},"loc":{"start":{"line":416,"column":18},"end":{"line":422,"column":5}}},"35":{"name":"(anonymous_35)","decl":{"start":{"line":418,"column":31},"end":{"line":418,"column":32}},"loc":{"start":{"line":418,"column":43},"end":{"line":420,"column":7}}},"36":{"name":"(anonymous_36)","decl":{"start":{"line":425,"column":12},"end":{"line":425,"column":18}},"loc":{"start":{"line":425,"column":18},"end":{"line":431,"column":5}}},"37":{"name":"(anonymous_37)","decl":{"start":{"line":427,"column":39},"end":{"line":427,"column":40}},"loc":{"start":{"line":427,"column":51},"end":{"line":429,"column":7}}},"38":{"name":"(anonymous_38)","decl":{"start":{"line":432,"column":36},"end":{"line":432,"column":37}},"loc":{"start":{"line":432,"column":58},"end":{"line":432,"column":76}}},"39":{"name":"(anonymous_39)","decl":{"start":{"line":434,"column":31},"end":{"line":434,"column":32}},"loc":{"start":{"line":434,"column":53},"end":{"line":434,"column":75}}},"40":{"name":"(anonymous_40)","decl":{"start":{"line":465,"column":18},"end":{"line":465,"column":19}},"loc":{"start":{"line":465,"column":49},"end":{"line":473,"column":null}}},"41":{"name":"(anonymous_41)","decl":{"start":{"line":475,"column":9},"end":{"line":475,"column":null}},"loc":{"start":{"line":476,"column":10},"end":{"line":542,"column":null}}},"42":{"name":"(anonymous_42)","decl":{"start":{"line":578,"column":52},"end":{"line":578,"column":59}},"loc":{"start":{"line":578,"column":77},"end":{"line":580,"column":13}}},"43":{"name":"(anonymous_43)","decl":{"start":{"line":582,"column":18},"end":{"line":582,"column":19}},"loc":{"start":{"line":582,"column":68},"end":{"line":605,"column":null}}},"44":{"name":"(anonymous_44)","decl":{"start":{"line":608,"column":9},"end":{"line":608,"column":10}},"loc":{"start":{"line":609,"column":10},"end":{"line":832,"column":null}}},"45":{"name":"(anonymous_45)","decl":{"start":{"line":685,"column":28},"end":{"line":685,"column":29}},"loc":{"start":{"line":685,"column":35},"end":{"line":691,"column":null}}},"46":{"name":"(anonymous_46)","decl":{"start":{"line":688,"column":46},"end":{"line":688,"column":47}},"loc":{"start":{"line":688,"column":58},"end":{"line":690,"column":21}}},"47":{"name":"(anonymous_47)","decl":{"start":{"line":693,"column":37},"end":{"line":693,"column":38}},"loc":{"start":{"line":694,"column":20},"end":{"line":696,"column":null}}},"48":{"name":"(anonymous_48)","decl":{"start":{"line":718,"column":30},"end":{"line":718,"column":31}},"loc":{"start":{"line":718,"column":37},"end":{"line":724,"column":null}}},"49":{"name":"(anonymous_49)","decl":{"start":{"line":721,"column":56},"end":{"line":721,"column":57}},"loc":{"start":{"line":721,"column":68},"end":{"line":723,"column":23}}},"50":{"name":"(anonymous_50)","decl":{"start":{"line":726,"column":35},"end":{"line":726,"column":36}},"loc":{"start":{"line":727,"column":22},"end":{"line":729,"column":null}}},"51":{"name":"(anonymous_51)","decl":{"start":{"line":756,"column":36},"end":{"line":756,"column":37}},"loc":{"start":{"line":757,"column":24},"end":{"line":759,"column":null}}},"52":{"name":"(anonymous_52)","decl":{"start":{"line":775,"column":32},"end":{"line":775,"column":33}},"loc":{"start":{"line":775,"column":76},"end":{"line":780,"column":24}}},"53":{"name":"(anonymous_53)","decl":{"start":{"line":862,"column":60},"end":{"line":862,"column":70}},"loc":{"start":{"line":862,"column":77},"end":{"line":875,"column":17}}},"54":{"name":"(anonymous_54)","decl":{"start":{"line":884,"column":22},"end":{"line":884,"column":23}},"loc":{"start":{"line":884,"column":53},"end":{"line":893,"column":null}}},"55":{"name":"(anonymous_55)","decl":{"start":{"line":909,"column":31},"end":{"line":909,"column":32}},"loc":{"start":{"line":909,"column":77},"end":{"line":916,"column":22}}},"56":{"name":"(anonymous_56)","decl":{"start":{"line":966,"column":31},"end":{"line":966,"column":37}},"loc":{"start":{"line":966,"column":37},"end":{"line":968,"column":24}}},"57":{"name":"(anonymous_57)","decl":{"start":{"line":29,"column":21},"end":{"line":29,"column":24}},"loc":{"start":{"line":29,"column":21},"end":{"line":434,"column":31}}}},"branchMap":{"0":{"loc":{"start":{"line":1,"column":41},"end":{"line":1,"column":null}},"type":"binary-expr","locations":[{"start":{"line":1,"column":41},"end":{"line":1,"column":null}},{"start":{"line":1,"column":66},"end":{"line":1,"column":null}}]},"1":{"loc":{"start":{"line":1,"column":66},"end":{"line":1,"column":null}},"type":"if","locations":[{"start":{"line":1,"column":66},"end":{"line":1,"column":null}}]},"2":{"loc":{"start":{"line":1,"column":66},"end":{"line":1,"column":null}},"type":"binary-expr","locations":[{"start":{"line":1,"column":66},"end":{"line":1,"column":null}},{"start":{"line":1,"column":66},"end":{"line":1,"column":null}}]},"3":{"loc":{"start":{"line":72,"column":4},"end":{"line":92,"column":null}},"type":"if","locations":[{"start":{"line":72,"column":4},"end":{"line":92,"column":null}}]},"4":{"loc":{"start":{"line":78,"column":8},"end":{"line":90,"column":null}},"type":"if","locations":[{"start":{"line":78,"column":8},"end":{"line":90,"column":null}}]},"5":{"loc":{"start":{"line":86,"column":10},"end":{"line":89,"column":null}},"type":"if","locations":[{"start":{"line":86,"column":10},"end":{"line":89,"column":null}}]},"6":{"loc":{"start":{"line":86,"column":14},"end":{"line":86,"column":45}},"type":"binary-expr","locations":[{"start":{"line":86,"column":14},"end":{"line":86,"column":32}},{"start":{"line":86,"column":32},"end":{"line":86,"column":45}}]},"7":{"loc":{"start":{"line":101,"column":4},"end":{"line":104,"column":null}},"type":"if","locations":[{"start":{"line":101,"column":4},"end":{"line":104,"column":null}}]},"8":{"loc":{"start":{"line":101,"column":8},"end":{"line":101,"column":39}},"type":"binary-expr","locations":[{"start":{"line":101,"column":8},"end":{"line":101,"column":26}},{"start":{"line":101,"column":26},"end":{"line":101,"column":39}}]},"9":{"loc":{"start":{"line":109,"column":4},"end":{"line":132,"column":null}},"type":"if","locations":[{"start":{"line":109,"column":4},"end":{"line":132,"column":null}}]},"10":{"loc":{"start":{"line":118,"column":8},"end":{"line":130,"column":null}},"type":"if","locations":[{"start":{"line":118,"column":8},"end":{"line":130,"column":null}}]},"11":{"loc":{"start":{"line":126,"column":10},"end":{"line":129,"column":null}},"type":"if","locations":[{"start":{"line":126,"column":10},"end":{"line":129,"column":null}}]},"12":{"loc":{"start":{"line":126,"column":14},"end":{"line":126,"column":42}},"type":"binary-expr","locations":[{"start":{"line":126,"column":14},"end":{"line":126,"column":29}},{"start":{"line":126,"column":29},"end":{"line":126,"column":42}}]},"13":{"loc":{"start":{"line":152,"column":4},"end":{"line":155,"column":null}},"type":"if","locations":[{"start":{"line":152,"column":4},"end":{"line":155,"column":null}}]},"14":{"loc":{"start":{"line":152,"column":8},"end":{"line":152,"column":36}},"type":"binary-expr","locations":[{"start":{"line":152,"column":8},"end":{"line":152,"column":23}},{"start":{"line":152,"column":23},"end":{"line":152,"column":36}}]},"15":{"loc":{"start":{"line":216,"column":4},"end":{"line":222,"column":null}},"type":"if","locations":[{"start":{"line":216,"column":4},"end":{"line":222,"column":null}}]},"16":{"loc":{"start":{"line":218,"column":8},"end":{"line":219,"column":null}},"type":"if","locations":[{"start":{"line":218,"column":8},"end":{"line":219,"column":null}}]},"17":{"loc":{"start":{"line":257,"column":18},"end":{"line":257,"column":null}},"type":"binary-expr","locations":[{"start":{"line":257,"column":18},"end":{"line":257,"column":32}},{"start":{"line":257,"column":32},"end":{"line":257,"column":null}}]},"18":{"loc":{"start":{"line":269,"column":10},"end":{"line":271,"column":null}},"type":"cond-expr","locations":[{"start":{"line":270,"column":14},"end":{"line":270,"column":null}},{"start":{"line":271,"column":14},"end":{"line":271,"column":null}}]},"19":{"loc":{"start":{"line":269,"column":10},"end":{"line":269,"column":null}},"type":"binary-expr","locations":[{"start":{"line":269,"column":10},"end":{"line":269,"column":46}},{"start":{"line":269,"column":46},"end":{"line":269,"column":null}}]},"20":{"loc":{"start":{"line":318,"column":6},"end":{"line":321,"column":null}},"type":"if","locations":[{"start":{"line":318,"column":6},"end":{"line":321,"column":null}}]},"21":{"loc":{"start":{"line":329,"column":6},"end":{"line":332,"column":null}},"type":"if","locations":[{"start":{"line":329,"column":6},"end":{"line":332,"column":null}}]},"22":{"loc":{"start":{"line":368,"column":10},"end":{"line":369,"column":null}},"type":"binary-expr","locations":[{"start":{"line":368,"column":10},"end":{"line":368,"column":null}},{"start":{"line":369,"column":10},"end":{"line":369,"column":null}}]},"23":{"loc":{"start":{"line":392,"column":4},"end":{"line":395,"column":null}},"type":"if","locations":[{"start":{"line":392,"column":4},"end":{"line":395,"column":null}}]},"24":{"loc":{"start":{"line":402,"column":4},"end":{"line":405,"column":null}},"type":"if","locations":[{"start":{"line":402,"column":4},"end":{"line":405,"column":null}}]},"25":{"loc":{"start":{"line":417,"column":4},"end":{"line":421,"column":null}},"type":"if","locations":[{"start":{"line":417,"column":4},"end":{"line":421,"column":null}}]},"26":{"loc":{"start":{"line":426,"column":4},"end":{"line":430,"column":null}},"type":"if","locations":[{"start":{"line":426,"column":4},"end":{"line":430,"column":null}}]},"27":{"loc":{"start":{"line":867,"column":18},"end":{"line":873,"column":null}},"type":"if","locations":[{"start":{"line":867,"column":18},"end":{"line":873,"column":null}}]},"28":{"loc":{"start":{"line":868,"column":20},"end":{"line":870,"column":null}},"type":"binary-expr","locations":[{"start":{"line":868,"column":20},"end":{"line":868,"column":null}},{"start":{"line":869,"column":21},"end":{"line":869,"column":null}},{"start":{"line":870,"column":22},"end":{"line":870,"column":null}}]},"29":{"loc":{"start":{"line":910,"column":22},"end":{"line":915,"column":null}},"type":"if","locations":[{"start":{"line":910,"column":22},"end":{"line":915,"column":null}}]},"30":{"loc":{"start":{"line":911,"column":24},"end":{"line":912,"column":null}},"type":"binary-expr","locations":[{"start":{"line":911,"column":24},"end":{"line":911,"column":null}},{"start":{"line":911,"column":34},"end":{"line":912,"column":null}}]}},"s":{"0":20,"1":160,"2":20,"3":8,"4":8,"5":8,"6":8,"7":8,"8":8,"9":8,"10":8,"11":4,"12":0,"13":8,"14":8,"15":8,"16":8,"17":8,"18":8,"19":8,"20":8,"21":8,"22":8,"23":8,"24":8,"25":8,"26":8,"27":8,"28":8,"29":8,"30":8,"31":8,"32":8,"33":8,"34":0,"35":0,"36":0,"37":0,"38":0,"39":0,"40":0,"41":0,"42":0,"43":0,"44":0,"45":0,"46":0,"47":8,"48":0,"49":0,"50":0,"51":0,"52":0,"53":8,"54":8,"55":0,"56":0,"57":0,"58":0,"59":0,"60":0,"61":0,"62":0,"63":0,"64":0,"65":0,"66":0,"67":0,"68":0,"69":0,"70":0,"71":8,"72":0,"73":0,"74":0,"75":0,"76":0,"77":8,"78":8,"79":8,"80":47,"81":8,"82":47,"83":8,"84":47,"85":8,"86":47,"87":8,"88":47,"89":8,"90":47,"91":8,"92":27,"93":8,"94":47,"95":8,"96":47,"97":8,"98":47,"99":8,"100":47,"101":8,"102":47,"103":8,"104":0,"105":0,"106":0,"107":0,"108":0,"109":0,"110":8,"111":47,"112":8,"113":8,"114":0,"115":0,"116":0,"117":0,"118":0,"119":0,"120":0,"121":0,"122":0,"123":0,"124":0,"125":0,"126":0,"127":0,"128":0,"129":0,"130":0,"131":0,"132":0,"133":0,"134":0,"135":0,"136":0,"137":0,"138":0,"139":0,"140":8,"141":0,"142":8,"143":0,"144":0,"145":0,"146":0,"147":0,"148":0,"149":0,"150":0,"151":0,"152":0,"153":0,"154":0,"155":0,"156":8,"157":0,"158":0,"159":0,"160":0,"161":0,"162":0,"163":0,"164":0,"165":0,"166":0,"167":0,"168":0,"169":0,"170":0,"171":0,"172":0,"173":8,"174":4,"175":0,"176":8,"177":4,"178":0,"179":0,"180":8,"181":4,"182":0,"183":0,"184":8,"185":47,"186":8,"187":47,"188":8,"189":0,"190":0,"191":0,"192":4,"193":0,"194":0,"195":0,"196":0,"197":4,"198":0,"199":0,"200":0,"201":0,"202":0,"203":0,"204":0,"205":0,"206":0,"207":0,"208":0,"209":0,"210":0,"211":0,"212":0,"213":0,"214":0
[...]
,"/home/lenovo/Desktop/IBE/GitRepo/IBE-Frontend/src/redux/thunk/cancelBookingViaMail.ts": {"path":"/home/lenovo/Desktop/IBE/GitRepo/IBE-Frontend/src/redux/thunk/cancelBookingViaMail.ts","statementMap":{"0":{"start":{"line":3,"column":36},"end":{"line":27,"column":null}},"1":{"start":{"line":6,"column":4},"end":{"line":25,"column":null}},"2":{"start":{"line":7,"column":23},"end":{"line":16,"column":null}},"3":{"start":{"line":17,"column":19},"end":{"line":17,"column":null}},"4":{"start":{"line":18,"column":6},"end":{"line":18,"column":null}},"5":{"start":{"line":19,"column":6},"end":{"line":21,"column":null}},"6":{"start":{"line":20,"column":8},"end":{"line":20,"column":null}},"7":{"start":{"line":22,"column":6},"end":{"line":22,"column":null}},"8":{"start":{"line":24,"column":6},"end":{"line":24,"column":null}}},"fnMap":{"0":{"name":"(anonymous_0)","decl":{"start":{"line":5,"column":2},"end":{"line":5,"column":9}},"loc":{"start":{"line":5,"column":72},"end":{"line":26,"column":null}}}},"branchMap":{"0":{"loc":{"start":{"line":19,"column":6},"end":{"line":21,"column":null}},"type":"if","locations":[{"start":{"line":19,"column":6},"end":{"line":21,"column":null}}]},"1":{"loc":{"start":{"line":19,"column":9},"end":{"line":19,"column":57}},"type":"binary-expr","locations":[{"start":{"line":19,"column":9},"end":{"line":19,"column":36}},{"start":{"line":19,"column":36},"end":{"line":19,"column":57}}]}},"s":{"0":20,"1":0,"2":0,"3":0,"4":0,"5":0,"6":0,"7":0,"8":0},"f":{"0":0},"b":{"0":[0],"1":[0,0]}}
,"/home/lenovo/Desktop/IBE/GitRepo/IBE-Frontend/src/redux/thunk/getBestPromotion.ts": {"path":"/home/lenovo/Desktop/IBE/GitRepo/IBE-Frontend/src/redux/thunk/getBestPromotion.ts","statementMap":{"0":{"start":{"line":4,"column":39},"end":{"line":45,"column":null}},"1":{"start":{"line":19,"column":26},"end":{"line":25,"column":null}},"2":{"start":{"line":27,"column":6},"end":{"line":43,"column":null}},"3":{"start":{"line":28,"column":25},"end":{"line":37,"column":null}},"4":{"start":{"line":38,"column":21},"end":{"line":38,"column":null}},"5":{"start":{"line":39,"column":8},"end":{"line":39,"column":null}},"6":{"start":{"line":40,"column":8},"end":{"line":40,"column":null}},"7":{"start":{"line":42,"column":8},"end":{"line":42,"column":null}}},"fnMap":{"0":{"name":"(anonymous_0)","decl":{"start":{"line":6,"column":4},"end":{"line":6,"column":11}},"loc":{"start":{"line":18,"column":10},"end":{"line":44,"column":null}}}},"branchMap":{},"s":{"0":20,"1":18,"2":18,"3":18,"4":18,"5":18,"6":18,"7":0},"f":{"0":18},"b":{}}
,"/home/lenovo/Desktop/IBE/GitRepo/IBE-Frontend/src/redux/thunk/getBooking.ts": {"path":"/home/lenovo/Desktop/IBE/GitRepo/IBE-Frontend/src/redux/thunk/getBooking.ts","statementMap":{"0":{"start":{"line":3,"column":26},"end":{"line":19,"column":null}},"1":{"start":{"line":6,"column":8},"end":{"line":17,"column":null}},"2":{"start":{"line":7,"column":29},"end":{"line":7,"column":null}},"3":{"start":{"line":9,"column":12},"end":{"line":11,"column":null}},"4":{"start":{"line":10,"column":16},"end":{"line":10,"column":null}},"5":{"start":{"line":12,"column":25},"end":{"line":12,"column":null}},"6":{"start":{"line":13,"column":12},"end":{"line":13,"column":null}},"7":{"start":{"line":15,"column":12},"end":{"line":15,"column":null}},"8":{"start":{"line":16,"column":12},"end":{"line":16,"column":null}}},"fnMap":{"0":{"name":"(anonymous_0)","decl":{"start":{"line":5,"column":4},"end":{"line":5,"column":11}},"loc":{"start":{"line":5,"column":52},"end":{"line":18,"column":null}}}},"branchMap":{"0":{"loc":{"start":{"line":9,"column":12},"end":{"line":11,"column":null}},"type":"if","locations":[{"start":{"line":9,"column":12},"end":{"line":11,"column":null}}]}},"s":{"0":20,"1":0,"2":0,"3":0,"4":0,"5":0,"6":0,"7":0,"8":0},"f":{"0":0},"b":{"0":[0]}}
,"/home/lenovo/Desktop/IBE/GitRepo/IBE-Frontend/src/redux/thunk/getCurrentRoomConfigDetails.ts": {"path":"/home/lenovo/Desktop/IBE/GitRepo/IBE-Frontend/src/redux/thunk/getCurrentRoomConfigDetails.ts","statementMap":{"0":{"start":{"line":5,"column":43},"end":{"line":20,"column":null}},"1":{"start":{"line":8,"column":4},"end":{"line":18,"column":null}},"2":{"start":{"line":9,"column":23},"end":{"line":11,"column":null}},"3":{"start":{"line":13,"column":19},"end":{"line":13,"column":null}},"4":{"start":{"line":14,"column":6},"end":{"line":14,"column":null}},"5":{"start":{"line":15,"column":6},"end":{"line":15,"column":null}},"6":{"start":{"line":17,"column":6},"end":{"line":17,"column":null}}},"fnMap":{"0":{"name":"(anonymous_0)","decl":{"start":{"line":7,"column":2},"end":{"line":7,"column":9}},"loc":{"start":{"line":7,"column":52},"end":{"line":19,"column":null}}}},"branchMap":{},"s":{"0":20,"1":7,"2":7,"3":7,"4":7,"5":7,"6":0},"f":{"0":7},"b":{}}
,"/home/lenovo/Desktop/IBE/GitRepo/IBE-Frontend/src/redux/thunk/getCurrentRoomPromotionDetails.ts": {"path":"/home/lenovo/Desktop/IBE/GitRepo/IBE-Frontend/src/redux/thunk/getCurrentRoomPromotionDetails.ts","statementMap":{"0":{"start":{"line":3,"column":46},"end":{"line":44,"column":null}},"1":{"start":{"line":18,"column":24},"end":{"line":24,"column":null}},"2":{"start":{"line":26,"column":4},"end":{"line":42,"column":null}},"3":{"start":{"line":27,"column":23},"end":{"line":36,"column":null}},"4":{"start":{"line":37,"column":19},"end":{"line":37,"column":null}},"5":{"start":{"line":38,"column":6},"end":{"line":38,"column":null}},"6":{"start":{"line":39,"column":6},"end":{"line":39,"column":null}},"7":{"start":{"line":41,"column":6},"end":{"line":41,"column":null}}},"fnMap":{"0":{"name":"(anonymous_0)","decl":{"start":{"line":5,"column":2},"end":{"line":5,"column":9}},"loc":{"start":{"line":17,"column":8},"end":{"line":43,"column":null}}}},"branchMap":{},"s":{"0":20,"1":7,"2":7,"3":7,"4":7,"5":7,"6":7,"7":0},"f":{"0":7},"b":{}}
,"/home/lenovo/Desktop/IBE/GitRepo/IBE-Frontend/src/redux/thunk/getCustomPromotion.ts": {"path":"/home/lenovo/Desktop/IBE/GitRepo/IBE-Frontend/src/redux/thunk/getCustomPromotion.ts","statementMap":{"0":{"start":{"line":5,"column":32},"end":{"line":21,"column":null}},"1":{"start":{"line":7,"column":8},"end":{"line":19,"column":null}},"2":{"start":{"line":8,"column":29},"end":{"line":8,"column":null}},"3":{"start":{"line":9,"column":25},"end":{"line":9,"column":null}},"4":{"start":{"line":10,"column":12},"end":{"line":10,"column":null}},"5":{"start":{"line":11,"column":12},"end":{"line":14,"column":null}},"6":{"start":{"line":12,"column":16},"end":{"line":12,"column":null}},"7":{"start":{"line":13,"column":16},"end":{"line":13,"column":null}},"8":{"start":{"line":15,"column":12},"end":{"line":15,"column":null}},"9":{"start":{"line":18,"column":12},"end":{"line":18,"column":null}}},"fnMap":{"0":{"name":"(anonymous_0)","decl":{"start":{"line":6,"column":25},"end":{"line":6,"column":32}},"loc":{"start":{"line":6,"column":94},"end":{"line":20,"column":null}}}},"branchMap":{"0":{"loc":{"start":{"line":11,"column":12},"end":{"line":14,"column":null}},"type":"if","locations":[{"start":{"line":11,"column":12},"end":{"line":14,"column":null}}]}},"s":{"0":20,"1":0,"2":0,"3":0,"4":0,"5":0,"6":0,"7":0,"8":0,"9":0},"f":{"0":0},"b":{"0":[0]}}
,"/home/lenovo/Desktop/IBE/GitRepo/IBE-Frontend/src/redux/thunk/getDailyRates.ts": {"path":"/home/lenovo/Desktop/IBE/GitRepo/IBE-Frontend/src/redux/thunk/getDailyRates.ts","statementMap":{"0":{"start":{"line":2,"column":32},"end":{"line":20,"column":null}},"1":{"start":{"line":5,"column":21},"end":{"line":12,"column":null}},"2":{"start":{"line":13,"column":4},"end":{"line":15,"column":null}},"3":{"start":{"line":14,"column":6},"end":{"line":14,"column":null}},"4":{"start":{"line":16,"column":4},"end":{"line":16,"column":null}},"5":{"start":{"line":18,"column":4},"end":{"line":18,"column":null}}},"fnMap":{"0":{"name":"(anonymous_0)","decl":{"start":{"line":4,"column":2},"end":{"line":4,"column":9}},"loc":{"start":{"line":4,"column":108},"end":{"line":19,"column":null}}}},"branchMap":{"0":{"loc":{"start":{"line":13,"column":4},"end":{"line":15,"column":null}},"type":"if","locations":[{"start":{"line":13,"column":4},"end":{"line":15,"column":null}}]}},"s":{"0":20,"1":9,"2":9,"3":0,"4":9,"5":9},"f":{"0":9},"b":{"0":[0]}}
,"/home/lenovo/Desktop/IBE/GitRepo/IBE-Frontend/src/redux/thunk/getExchangeRates.ts": {"path":"/home/lenovo/Desktop/IBE/GitRepo/IBE-Frontend/src/redux/thunk/getExchangeRates.ts","statementMap":{"0":{"start":{"line":4,"column":32},"end":{"line":15,"column":null}},"1":{"start":{"line":6,"column":8},"end":{"line":13,"column":null}},"2":{"start":{"line":7,"column":29},"end":{"line":7,"column":null}},"3":{"start":{"line":8,"column":25},"end":{"line":8,"column":null}},"4":{"start":{"line":9,"column":12},"end":{"line":9,"column":null}},"5":{"start":{"line":12,"column":12},"end":{"line":12,"column":null}}},"fnMap":{"0":{"name":"(anonymous_0)","decl":{"start":{"line":5,"column":23},"end":{"line":5,"column":33}},"loc":{"start":{"line":5,"column":33},"end":{"line":14,"column":null}}}},"branchMap":{},"s":{"0":20,"1":40,"2":40,"3":21,"4":21,"5":0},"f":{"0":40},"b":{}}
,"/home/lenovo/Desktop/IBE/GitRepo/IBE-Frontend/src/redux/thunk/getFeedback.ts": {"path":"/home/lenovo/Desktop/IBE/GitRepo/IBE-Frontend/src/redux/thunk/getFeedback.ts","statementMap":{"0":{"start":{"line":7,"column":30},"end":{"line":59,"column":null}},"1":{"start":{"line":35,"column":4},"end":{"line":57,"column":null}},"2":{"start":{"line":36,"column":25},"end":{"line":48,"column":null}},"3":{"start":{"line":50,"column":6},"end":{"line":52,"column":null}},"4":{"start":{"line":51,"column":8},"end":{"line":51,"column":null}},"5":{"start":{"line":54,"column":6},"end":{"line":54,"column":null}},"6":{"start":{"line":56,"column":6},"end":{"line":56,"column":null}}},"fnMap":{"0":{"name":"(anonymous_0)","decl":{"start":{"line":19,"column":2},"end":{"line":19,"column":null}},"loc":{"start":{"line":34,"column":7},"end":{"line":58,"column":null}}}},"branchMap":{"0":{"loc":{"start":{"line":50,"column":6},"end":{"line":52,"column":null}},"type":"if","locations":[{"start":{"line":50,"column":6},"end":{"line":52,"column":null}}]}},"s":{"0":20,"1":0,"2":0,"3":0,"4":0,"5":0,"6":0},"f":{"0":0},"b":{"0":[0]}}
,"/home/lenovo/Desktop/IBE/GitRepo/IBE-Frontend/src/redux/thunk/getMyBookings.ts": {"path":"/home/lenovo/Desktop/IBE/GitRepo/IBE-Frontend/src/redux/thunk/getMyBookings.ts","statementMap":{"0":{"start":{"line":3,"column":29},"end":{"line":19,"column":null}},"1":{"start":{"line":6,"column":8},"end":{"line":17,"column":null}},"2":{"start":{"line":7,"column":29},"end":{"line":7,"column":null}},"3":{"start":{"line":9,"column":12},"end":{"line":11,"column":null}},"4":{"start":{"line":10,"column":16},"end":{"line":10,"column":null}},"5":{"start":{"line":12,"column":25},"end":{"line":12,"column":null}},"6":{"start":{"line":13,"column":12},"end":{"line":13,"column":null}},"7":{"start":{"line":15,"column":12},"end":{"line":15,"column":null}},"8":{"start":{"line":16,"column":12},"end":{"line":16,"column":null}}},"fnMap":{"0":{"name":"(anonymous_0)","decl":{"start":{"line":5,"column":4},"end":{"line":5,"column":11}},"loc":{"start":{"line":5,"column":48},"end":{"line":18,"column":null}}}},"branchMap":{"0":{"loc":{"start":{"line":9,"column":12},"end":{"line":11,"column":null}},"type":"if","locations":[{"start":{"line":9,"column":12},"end":{"line":11,"column":null}}]}},"s":{"0":20,"1":0,"2":0,"3":0,"4":0,"5":0,"6":0,"7":0,"8":0},"f":{"0":0},"b":{"0":[0]}}
,"/home/lenovo/Desktop/IBE/GitRepo/IBE-Frontend/src/redux/thunk/getNightlyRates.ts": {"path":"/home/lenovo/Desktop/IBE/GitRepo/IBE-Frontend/src/redux/thunk/getNightlyRates.ts","statementMap":{"0":{"start":{"line":4,"column":31},"end":{"line":12,"column":null}},"1":{"start":{"line":5,"column":2},"end":{"line":11,"column":null}},"2":{"start":{"line":6,"column":21},"end":{"line":6,"column":null}},"3":{"start":{"line":7,"column":17},"end":{"line":7,"column":null}},"4":{"start":{"line":8,"column":4},"end":{"line":8,"column":null}},"5":{"start":{"line":10,"column":4},"end":{"line":10,"column":null}}},"fnMap":{"0":{"name":"(anonymous_0)","decl":{"start":{"line":4,"column":67},"end":{"line":4,"column":79}},"loc":{"start":{"line":4,"column":79},"end":{"line":12,"column":1}}}},"branchMap":{},"s":{"0":20,"1":40,"2":40,"3":34,"4":34,"5":0},"f":{"0":40},"b":{}}
,"/home/lenovo/Desktop/IBE/GitRepo/IBE-Frontend/src/redux/thunk/getProperties.ts": {"path":"/home/lenovo/Desktop/IBE/GitRepo/IBE-Frontend/src/redux/thunk/getProperties.ts","statementMap":{"0":{"start":{"line":5,"column":30},"end":{"line":16,"column":null}},"1":{"start":{"line":7,"column":8},"end":{"line":14,"column":null}},"2":{"start":{"line":8,"column":29},"end":{"line":8,"column":null}},"3":{"start":{"line":9,"column":41},"end":{"line":9,"column":null}},"4":{"start":{"line":10,"column":12},"end":{"line":10,"column":null}},"5":{"start":{"line":13,"column":16},"end":{"line":13,"column":null}}},"fnMap":{"0":{"name":"(anonymous_0)","decl":{"start":{"line":6,"column":21},"end":{"line":6,"column":31}},"loc":{"start":{"line":6,"column":31},"end":{"line":15,"column":null}}}},"branchMap":{},"s":{"0":20,"1":40,"2":40,"3":35,"4":34,"5":0},"f":{"0":40},"b":{}}
,"/home/lenovo/Desktop/IBE/GitRepo/IBE-Frontend/src/redux/thunk/getPropertyConfiguration.ts": {"path":"/home/lenovo/Desktop/IBE/GitRepo/IBE-Frontend/src/redux/thunk/getPropertyConfiguration.ts","statementMap":{"0":{"start":{"line":5,"column":40},"end":{"line":16,"column":null}},"1":{"start":{"line":7,"column":8},"end":{"line":14,"column":null}},"2":{"start":{"line":8,"column":29},"end":{"line":8,"column":null}},"3":{"start":{"line":9,"column":48},"end":{"line":9,"column":null}},"4":{"start":{"line":10,"column":12},"end":{"line":10,"column":null}},"5":{"start":{"line":13,"column":16},"end":{"line":13,"column":null}}},"fnMap":{"0":{"name":"(anonymous_0)","decl":{"start":{"line":6,"column":33},"end":{"line":6,"column":43}},"loc":{"start":{"line":6,"column":43},"end":{"line":15,"column":null}}}},"branchMap":{},"s":{"0":20,"1":0,"2":0,"3":0,"4":0,"5":0},"f":{"0":0},"b":{}}
,"/home/lenovo/Desktop/IBE/GitRepo/IBE-Frontend/src/redux/thunk/getRoomDetails.ts": {"path":"/home/lenovo/Desktop/IBE/GitRepo/IBE-Frontend/src/redux/thunk/getRoomDetails.ts","statementMap":{"0":{"start":{"line":3,"column":30},"end":{"line":72,"column":null}},"1":{"start":{"line":32,"column":4},"end":{"line":70,"column":null}},"2":{"start":{"line":33,"column":26},"end":{"line":45,"column":null}},"3":{"start":{"line":48,"column":23},"end":{"line":58,"column":null}},"4":{"start":{"line":60,"column":6},"end":{"line":62,"column":null}},"5":{"start":{"line":61,"column":8},"end":{"line":61,"column":null}},"6":{"start":{"line":64,"column":19},"end":{"line":64,"column":null}},"7":{"start":{"line":65,"column":6},"end":{"line":65,"column":null}},"8":{"start":{"line":67,"column":6},"end":{"line":69,"column":null}}},"fnMap":{"0":{"name":"(anonymous_0)","decl":{"start":{"line":5,"column":2},"end":{"line":5,"column":9}},"loc":{"start":{"line":31,"column":8},"end":{"line":71,"column":null}}}},"branchMap":{"0":{"loc":{"start":{"line":60,"column":6},"end":{"line":62,"column":null}},"type":"if","locations":[{"start":{"line":60,"column":6},"end":{"line":62,"column":null}}]}},"s":{"0":20,"1":18,"2":18,"3":18,"4":18,"5":0,"6":18,"7":18,"8":0},"f":{"0":18},"b":{"0":[0]}}
,"/home/lenovo/Desktop/IBE/GitRepo/IBE-Frontend/src/redux/thunk/getTenantConfiguration.ts": {"path":"/home/lenovo/Desktop/IBE/GitRepo/IBE-Frontend/src/redux/thunk/getTenantConfiguration.ts","statementMap":{"0":{"start":{"line":6,"column":38},"end":{"line":17,"column":null}},"1":{"start":{"line":8,"column":8},"end":{"line":15,"column":null}},"2":{"start":{"line":9,"column":29},"end":{"line":9,"column":null}},"3":{"start":{"line":10,"column":46},"end":{"line":10,"column":null}},"4":{"start":{"line":11,"column":12},"end":{"line":11,"column":null}},"5":{"start":{"line":14,"column":16},"end":{"line":14,"column":null}}},"fnMap":{"0":{"name":"(anonymous_0)","decl":{"start":{"line":7,"column":30},"end":{"line":7,"column":40}},"loc":{"start":{"line":7,"column":40},"end":{"line":16,"column":null}}}},"branchMap":{},"s":{"0":20,"1":40,"2":40,"3":37,"4":34,"5":0},"f":{"0":40},"b":{}}
,"/home/lenovo/Desktop/IBE/GitRepo/IBE-Frontend/src/redux/thunk/getTranslations.ts": {"path":"/home/lenovo/Desktop/IBE/GitRepo/IBE-Frontend/src/redux/thunk/getTranslations.ts","statementMap":{"0":{"start":{"line":4,"column":31},"end":{"line":17,"column":null}},"1":{"start":{"line":5,"column":2},"end":{"line":16,"column":null}},"2":{"start":{"line":6,"column":4},"end":{"line":12,"column":null}},"3":{"start":{"line":8,"column":8},"end":{"line":8,"column":null}},"4":{"start":{"line":11,"column":8},"end":{"line":11,"column":null}},"5":{"start":{"line":15,"column":4},"end":{"line":15,"column":null}}},"fnMap":{"0":{"name":"(anonymous_0)","decl":{"start":{"line":4,"column":67},"end":{"line":4,"column":79}},"loc":{"start":{"line":4,"column":79},"end":{"line":17,"column":1}}},"1":{"name":"(anonymous_1)","decl":{"start":{"line":7,"column":12},"end":{"line":7,"column":13}},"loc":{"start":{"line":7,"column":21},"end":{"line":9,"column":7}}},"2":{"name":"(anonymous_2)","decl":{"start":{"line":10,"column":12},"end":{"line":10,"column":13}},"loc":{"start":{"line":10,"column":21},"end":{"line":12,"column":7}}}},"branchMap":{},"s":{"0":20,"1":40,"2":40,"3":21,"4":21,"5":0},"f":{"0":40,"1":21,"2":21},"b":{}}
,"/home/lenovo/Desktop/IBE/GitRepo/IBE-Frontend/src/redux/thunk/mailBookingConfirmation.ts": {"path":"/home/lenovo/Desktop/IBE/GitRepo/IBE-Frontend/src/redux/thunk/mailBookingConfirmation.ts","statementMap":{"0":{"start":{"line":4,"column":39},"end":{"line":245,"column":null}},"1":{"start":{"line":7,"column":28},"end":{"line":223,"column":null}},"2":{"start":{"line":225,"column":10},"end":{"line":243,"column":null}},"3":{"start":{"line":227,"column":29},"end":{"line":233,"column":null}},"4":{"start":{"line":234,"column":25},"end":{"line":234,"column":null}},"5":{"start":{"line":235,"column":12},"end":{"line":235,"column":null}},"6":{"start":{"line":237,"column":12},"end":{"line":239,"column":null}},"7":{"start":{"line":238,"column":16},"end":{"line":238,"column":null}},"8":{"start":{"line":240,"column":12},"end":{"line":240,"column":null}},"9":{"start":{"line":242,"column":12},"end":{"line":242,"column":null}}},"fnMap":{"0":{"name":"(anonymous_0)","decl":{"start":{"line":6,"column":4},"end":{"line":6,"column":11}},"loc":{"start":{"line":6,"column":59},"end":{"line":244,"column":null}}}},"branchMap":{"0":{"loc":{"start":{"line":237,"column":12},"end":{"line":239,"column":null}},"type":"if","locations":[{"start":{"line":237,"column":12},"end":{"line":239,"column":null}}]},"1":{"loc":{"start":{"line":237,"column":15},"end":{"line":237,"column":63}},"type":"binary-expr","locations":[{"start":{"line":237,"column":15},"end":{"line":237,"column":42}},{"start":{"line":237,"column":42},"end":{"line":237,"column":63}}]}},"s":{"0":20,"1":0,"2":0,"3":0,"4":0,"5":0,"6":0,"7":0,"8":0,"9":0},"f":{"0":0},"b":{"0":[0],"1":[0,0]}}
,"/home/lenovo/Desktop/IBE/GitRepo/IBE-Frontend/src/redux/thunk/sendBookingCancellationMail.ts": {"path":"/home/lenovo/Desktop/IBE/GitRepo/IBE-Frontend/src/redux/thunk/sendBookingCancellationMail.ts","statementMap":{"0":{"start":{"line":4,"column":43},"end":{"line":16,"column":null}},"1":{"start":{"line":5,"column":4},"end":{"line":15,"column":null}},"2":{"start":{"line":6,"column":25},"end":{"line":9,"column":null}},"3":{"start":{"line":10,"column":25},"end":{"line":10,"column":null}},"4":{"start":{"line":11,"column":12},"end":{"line":11,"column":null}},"5":{"start":{"line":14,"column":8},"end":{"line":14,"column":null}}},"fnMap":{"0":{"name":"(anonymous_0)","decl":{"start":{"line":4,"column":86},"end":{"line":4,"column":93}},"loc":{"start":{"line":4,"column":126},"end":{"line":16,"column":1}}}},"branchMap":{},"s":{"0":20,"1":0,"2":0,"3":0,"4":0,"5":0},"f":{"0":0},"b":{}}
}
