TN:
SF:src/App.tsx
FN:1,(anonymous_0)
FN:22,App
FN:26,(anonymous_2)
FN:27,(anonymous_3)
FN:33,(anonymous_4)
FN:34,(anonymous_5)
FN:22,(anonymous_6)
FNF:7
FNH:7
FNDA:23,(anonymous_0)
FNDA:110,App
FNDA:906,(anonymous_2)
FNDA:46,(anonymous_3)
FNDA:850,(anonymous_4)
FNDA:843,(anonymous_5)
FNDA:23,(anonymous_6)
DA:1,184
DA:22,110
DA:25,110
DA:26,906
DA:27,110
DA:28,46
DA:29,46
DA:30,46
DA:33,850
DA:34,843
DA:35,110
DA:61,23
DA:63,23
LF:13
LH:13
BRDA:1,0,0,23
BRDA:1,0,1,0
BRDA:1,1,0,23
BRDA:1,2,0,23
BRDA:1,2,1,23
BRDA:41,3,0,110
BRDA:41,3,1,8
BRF:7
BRH:6
end_of_record
TN:
SF:src/main.tsx
FNF:0
FNH:0
DA:30,23
DA:32,23
LF:2
LH:2
BRF:0
BRH:0
end_of_record
TN:
SF:src/components/BookingConfirmation/BookingConfirmation.tsx
FN:1,(anonymous_0)
FN:21,BookingConfirmation
FN:26,dropDownClickHandler
FN:34,(anonymous_3)
FN:37,(anonymous_4)
FN:38,(anonymous_5)
FN:44,(anonymous_6)
FN:45,(anonymous_7)
FN:52,(anonymous_8)
FN:57,(anonymous_9)
FN:76,(anonymous_10)
FN:109,handleCancleRoom
FN:134,(anonymous_12)
FN:137,handleCloseSnackbar
FN:141,handleCloseMailConfirmation
FN:145,(anonymous_15)
FN:148,sendMailForBooking
FN:155,(anonymous_17)
FN:158,(anonymous_18)
FN:160,(anonymous_19)
FN:162,(anonymous_20)
FN:216,(anonymous_21)
FN:364,(anonymous_22)
FN:513,(anonymous_23)
FN:574,(anonymous_24)
FN:688,(anonymous_25)
FN:21,(anonymous_26)
FNF:27
FNH:11
FNDA:23,(anonymous_0)
FNDA:6,BookingConfirmation
FNDA:0,dropDownClickHandler
FNDA:0,(anonymous_3)
FNDA:0,(anonymous_4)
FNDA:0,(anonymous_5)
FNDA:0,(anonymous_6)
FNDA:0,(anonymous_7)
FNDA:0,(anonymous_8)
FNDA:14,(anonymous_9)
FNDA:2,(anonymous_10)
FNDA:0,handleCancleRoom
FNDA:14,(anonymous_12)
FNDA:0,handleCloseSnackbar
FNDA:0,handleCloseMailConfirmation
FNDA:14,(anonymous_15)
FNDA:0,sendMailForBooking
FNDA:14,(anonymous_17)
FNDA:14,(anonymous_18)
FNDA:14,(anonymous_19)
FNDA:14,(anonymous_20)
FNDA:0,(anonymous_21)
FNDA:0,(anonymous_22)
FNDA:0,(anonymous_23)
FNDA:0,(anonymous_24)
FNDA:0,(anonymous_25)
FNDA:1,(anonymous_26)
DA:1,184
DA:21,6
DA:22,6
DA:24,6
DA:27,0
DA:28,0
DA:30,0
DA:34,6
DA:35,0
DA:37,0
DA:38,0
DA:42,6
DA:44,0
DA:46,0
DA:51,6
DA:52,6
DA:53,0
DA:56,6
DA:57,14
DA:76,6
DA:77,2
DA:78,2
DA:79,2
DA:80,2
DA:81,0
DA:83,2
DA:84,2
DA:85,2
DA:110,0
DA:111,0
DA:112,0
DA:113,0
DA:116,0
DA:118,0
DA:121,0
DA:122,0
DA:128,0
DA:133,6
DA:134,14
DA:138,0
DA:142,0
DA:144,6
DA:145,14
DA:149,0
DA:150,0
DA:154,6
DA:155,14
DA:157,6
DA:158,14
DA:160,14
DA:162,23
DA:164,6
DA:217,0
DA:365,0
DA:514,0
DA:575,0
DA:689,0
DA:746,23
DA:748,23
LF:59
LH:31
BRDA:1,0,0,23
BRDA:1,0,1,0
BRDA:1,1,0,23
BRDA:1,2,0,23
BRDA:1,2,1,23
BRDA:27,3,0,0
BRDA:27,3,1,0
BRDA:80,4,0,0
BRDA:80,5,0,2
BRDA:80,5,1,2
BRDA:111,6,0,0
BRDA:111,6,1,0
BRDA:111,7,0,0
BRDA:111,7,1,0
BRDA:111,7,2,0
BRDA:112,8,0,0
BRDA:112,8,1,0
BRDA:121,9,0,0
BRDA:149,10,0,0
BRDA:166,11,0,4
BRDA:166,11,1,2
BRDA:176,12,0,0
BRDA:176,12,1,4
BRDA:180,13,0,0
BRDA:180,13,1,4
BRDA:195,14,0,0
BRDA:195,14,1,4
BRDA:200,15,0,0
BRDA:200,15,1,4
BRDA:219,16,0,0
BRDA:219,16,1,4
BRDA:233,17,0,0
BRDA:233,17,1,4
BRDA:243,18,0,0
BRDA:243,18,1,4
BRDA:257,19,0,0
BRDA:257,19,1,4
BRDA:371,20,0,4
BRDA:371,20,1,0
BRDA:385,21,0,4
BRDA:385,21,1,4
BRDA:520,22,0,0
BRDA:520,22,1,4
BRDA:534,23,0,4
BRDA:534,23,1,0
BRDA:581,24,0,0
BRDA:581,24,1,4
BRDA:595,25,0,4
BRDA:595,25,1,0
BRDA:695,26,0,0
BRDA:695,26,1,4
BRDA:709,27,0,4
BRDA:709,27,1,0
BRF:53
BRH:25
end_of_record
TN:
SF:src/components/BookingConfirmation/CancelModal.tsx
FN:1,(anonymous_0)
FN:154,(anonymous_1)
FN:155,(anonymous_2)
FN:159,(anonymous_3)
FN:165,(anonymous_4)
FN:168,(anonymous_5)
FN:171,otpVerificationHandler
FN:183,(anonymous_7)
FN:198,(anonymous_8)
FN:201,(anonymous_9)
FN:230,(anonymous_10)
FN:154,(anonymous_11)
FNF:12
FNH:9
FNDA:23,(anonymous_0)
FNDA:6,(anonymous_1)
FNDA:14,(anonymous_2)
FNDA:0,(anonymous_3)
FNDA:14,(anonymous_4)
FNDA:14,(anonymous_5)
FNDA:0,otpVerificationHandler
FNDA:2,(anonymous_7)
FNDA:14,(anonymous_8)
FNDA:14,(anonymous_9)
FNDA:0,(anonymous_10)
FNDA:1,(anonymous_11)
DA:1,207
DA:148,23
DA:154,23
DA:155,14
DA:156,6
DA:157,6
DA:159,6
DA:160,0
DA:161,0
DA:164,6
DA:165,14
DA:167,6
DA:168,14
DA:172,0
DA:173,0
DA:174,0
DA:175,0
DA:177,0
DA:178,0
DA:179,0
DA:180,0
DA:181,0
DA:183,6
DA:184,2
DA:185,0
DA:186,0
DA:187,0
DA:188,0
DA:189,0
DA:191,0
DA:192,0
DA:193,0
DA:197,6
DA:198,14
DA:200,23
DA:201,14
DA:204,6
DA:207,6
DA:230,0
DA:298,23
DA:300,23
LF:41
LH:21
BRDA:1,0,0,46
BRDA:1,0,1,23
BRDA:1,1,0,23
BRDA:174,2,0,0
BRDA:174,3,0,0
BRDA:174,3,1,0
BRDA:184,4,0,0
BRDA:188,5,0,0
BRDA:188,6,0,0
BRDA:188,6,1,0
BRDA:210,7,0,6
BRDA:210,7,1,0
BRDA:241,8,0,0
BRDA:241,8,1,0
BRDA:246,9,0,0
BRDA:246,9,1,0
BRDA:247,10,0,0
BRDA:247,10,1,0
BRDA:250,11,0,0
BRDA:250,11,1,0
BRDA:278,12,0,6
BRDA:278,12,1,0
BRF:22
BRH:5
end_of_record
TN:
SF:src/components/BookingPage/BookingPage.tsx
FN:1,(anonymous_0)
FN:22,BookingPage
FN:29,(anonymous_2)
FN:39,(anonymous_3)
FN:58,(anonymous_4)
FN:61,(anonymous_5)
FN:115,(anonymous_6)
FN:117,(anonymous_7)
FN:22,(anonymous_8)
FNF:9
FNH:6
FNDA:23,(anonymous_0)
FNDA:6,BookingPage
FNDA:15,(anonymous_2)
FNDA:0,(anonymous_3)
FNDA:15,(anonymous_4)
FNDA:0,(anonymous_5)
FNDA:12,(anonymous_6)
FNDA:0,(anonymous_7)
FNDA:2,(anonymous_8)
DA:1,207
DA:22,23
DA:23,6
DA:28,6
DA:29,15
DA:31,4
DA:32,4
DA:34,4
DA:35,0
DA:36,0
DA:39,4
DA:40,0
DA:42,0
DA:43,0
DA:44,0
DA:45,0
DA:47,0
DA:48,0
DA:49,0
DA:51,0
DA:52,0
DA:54,0
DA:57,23
DA:58,15
DA:61,4
DA:62,0
DA:63,0
DA:64,0
DA:65,0
DA:110,4
DA:117,12
DA:193,23
LF:32
LH:15
BRDA:1,0,0,46
BRDA:1,0,1,23
BRDA:1,1,0,23
BRDA:34,2,0,0
BRDA:40,3,0,0
BRDA:40,3,1,0
BRDA:40,3,2,0
BRDA:40,3,3,0
BRDA:132,4,0,4
BRDA:132,4,1,0
BRF:10
BRH:4
end_of_record
TN:
SF:src/components/BookingPage/FeedbackModal.tsx
FN:1,(anonymous_0)
FN:13,FeedbackModal
FN:16,(anonymous_2)
FN:26,(anonymous_3)
FN:28,(anonymous_4)
FN:29,(anonymous_5)
FN:39,(anonymous_6)
FN:43,(anonymous_7)
FN:54,(anonymous_8)
FN:61,(anonymous_9)
FN:100,(anonymous_10)
FN:103,(anonymous_11)
FN:121,(anonymous_12)
FN:13,(anonymous_13)
FNF:14
FNH:7
FNDA:23,(anonymous_0)
FNDA:4,FeedbackModal
FNDA:15,(anonymous_2)
FNDA:15,(anonymous_3)
FNDA:15,(anonymous_4)
FNDA:4,(anonymous_5)
FNDA:0,(anonymous_6)
FNDA:0,(anonymous_7)
FNDA:0,(anonymous_8)
FNDA:0,(anonymous_9)
FNDA:0,(anonymous_10)
FNDA:0,(anonymous_11)
FNDA:0,(anonymous_12)
FNDA:2,(anonymous_13)
DA:1,184
DA:13,23
DA:14,4
DA:15,4
DA:16,15
DA:18,4
DA:19,4
DA:20,4
DA:21,4
DA:22,4
DA:23,4
DA:25,4
DA:26,15
DA:28,23
DA:29,4
DA:30,4
DA:31,0
DA:32,0
DA:33,0
DA:34,0
DA:35,0
DA:39,4
DA:40,0
DA:43,4
DA:44,0
DA:45,0
DA:55,0
DA:56,0
DA:58,0
DA:62,0
DA:67,4
DA:75,4
DA:101,0
DA:104,0
DA:121,0
DA:135,23
LF:36
LH:21
BRDA:1,0,0,23
BRDA:1,0,1,0
BRDA:1,1,0,23
BRDA:1,2,0,23
BRDA:1,2,1,23
BRDA:30,3,0,0
BRDA:44,4,0,0
BRDA:44,5,0,0
BRDA:44,5,1,0
BRDA:55,6,0,0
BRDA:55,6,1,0
BRDA:84,7,0,0
BRDA:84,7,1,4
BRDA:101,8,0,0
BRDA:101,8,1,0
BRDA:112,9,0,4
BRDA:112,9,1,4
BRDA:112,10,0,0
BRDA:112,10,1,4
BRDA:124,11,0,4
BRDA:124,11,1,0
BRF:21
BRH:9
end_of_record
TN:
SF:src/components/BookingPage/Form.tsx
FN:1,(anonymous_0)
FN:29,Forms
FN:42,(anonymous_2)
FN:43,(anonymous_3)
FN:71,(anonymous_4)
FN:77,(anonymous_5)
FN:95,(anonymous_6)
FN:108,(anonymous_7)
FN:117,(anonymous_8)
FN:148,(anonymous_9)
FN:164,(anonymous_10)
FN:167,(anonymous_11)
FN:170,(anonymous_12)
FN:173,(anonymous_13)
FN:175,(anonymous_14)
FN:178,(anonymous_15)
FN:181,(anonymous_16)
FN:184,(anonymous_17)
FN:187,(anonymous_18)
FN:189,(anonymous_19)
FN:190,(anonymous_20)
FN:192,(anonymous_21)
FN:195,(anonymous_22)
FN:205,(anonymous_23)
FN:209,(anonymous_24)
FN:217,(anonymous_25)
FN:346,handlePriceClick
FN:350,(anonymous_27)
FN:367,(anonymous_28)
FN:381,(anonymous_29)
FN:389,(anonymous_30)
FN:399,(anonymous_31)
FN:409,(anonymous_32)
FN:410,(anonymous_33)
FN:416,(anonymous_34)
FN:418,(anonymous_35)
FN:425,(anonymous_36)
FN:427,(anonymous_37)
FN:432,(anonymous_38)
FN:434,(anonymous_39)
FN:465,(anonymous_40)
FN:475,(anonymous_41)
FN:578,(anonymous_42)
FN:582,(anonymous_43)
FN:608,(anonymous_44)
FN:685,(anonymous_45)
FN:688,(anonymous_46)
FN:693,(anonymous_47)
FN:718,(anonymous_48)
FN:721,(anonymous_49)
FN:726,(anonymous_50)
FN:756,(anonymous_51)
FN:775,(anonymous_52)
FN:862,(anonymous_53)
FN:884,(anonymous_54)
FN:909,(anonymous_55)
FN:966,(anonymous_56)
FN:29,(anonymous_57)
FNF:58
FNH:24
FNDA:23,(anonymous_0)
FNDA:8,Forms
FNDA:4,(anonymous_2)
FNDA:0,(anonymous_3)
FNDA:0,(anonymous_4)
FNDA:0,(anonymous_5)
FNDA:0,(anonymous_6)
FNDA:0,(anonymous_7)
FNDA:0,(anonymous_8)
FNDA:0,(anonymous_9)
FNDA:47,(anonymous_10)
FNDA:47,(anonymous_11)
FNDA:47,(anonymous_12)
FNDA:47,(anonymous_13)
FNDA:47,(anonymous_14)
FNDA:47,(anonymous_15)
FNDA:27,(anonymous_16)
FNDA:47,(anonymous_17)
FNDA:47,(anonymous_18)
FNDA:47,(anonymous_19)
FNDA:47,(anonymous_20)
FNDA:47,(anonymous_21)
FNDA:0,(anonymous_22)
FNDA:47,(anonymous_23)
FNDA:0,(anonymous_24)
FNDA:0,(anonymous_25)
FNDA:0,handlePriceClick
FNDA:0,(anonymous_27)
FNDA:0,(anonymous_28)
FNDA:0,(anonymous_29)
FNDA:0,(anonymous_30)
FNDA:0,(anonymous_31)
FNDA:4,(anonymous_32)
FNDA:0,(anonymous_33)
FNDA:4,(anonymous_34)
FNDA:0,(anonymous_35)
FNDA:4,(anonymous_36)
FNDA:0,(anonymous_37)
FNDA:47,(anonymous_38)
FNDA:47,(anonymous_39)
FNDA:0,(anonymous_40)
FNDA:4,(anonymous_41)
FNDA:0,(anonymous_42)
FNDA:0,(anonymous_43)
FNDA:4,(anonymous_44)
FNDA:0,(anonymous_45)
FNDA:0,(anonymous_46)
FNDA:0,(anonymous_47)
FNDA:0,(anonymous_48)
FNDA:0,(anonymous_49)
FNDA:0,(anonymous_50)
FNDA:0,(anonymous_51)
FNDA:0,(anonymous_52)
FNDA:0,(anonymous_53)
FNDA:0,(anonymous_54)
FNDA:0,(anonymous_55)
FNDA:0,(anonymous_56)
FNDA:2,(anonymous_57)
DA:1,184
DA:22,23
DA:29,23
DA:30,8
DA:32,8
DA:33,8
DA:35,8
DA:38,8
DA:41,8
DA:42,8
DA:43,4
DA:44,0
DA:48,8
DA:49,8
DA:50,8
DA:51,8
DA:53,8
DA:54,8
DA:55,8
DA:56,8
DA:57,8
DA:58,8
DA:59,8
DA:60,8
DA:61,8
DA:62,8
DA:64,8
DA:65,8
DA:66,8
DA:67,8
DA:68,8
DA:69,8
DA:71,8
DA:72,0
DA:73,0
DA:74,0
DA:75,0
DA:76,0
DA:77,0
DA:78,0
DA:79,0
DA:82,0
DA:86,0
DA:87,0
DA:88,0
DA:93,0
DA:95,8
DA:96,0
DA:99,0
DA:101,0
DA:102,0
DA:103,0
DA:106,8
DA:108,8
DA:109,0
DA:110,0
DA:111,0
DA:112,0
DA:113,0
DA:114,0
DA:115,0
DA:116,0
DA:117,0
DA:118,0
DA:119,0
DA:122,0
DA:126,0
DA:127,0
DA:128,0
DA:133,0
DA:148,8
DA:149,0
DA:150,0
DA:152,0
DA:153,0
DA:154,0
DA:158,8
DA:159,8
DA:163,8
DA:164,47
DA:166,8
DA:167,47
DA:169,8
DA:170,47
DA:172,8
DA:173,47
DA:175,47
DA:177,8
DA:178,47
DA:180,8
DA:181,27
DA:183,8
DA:184,47
DA:186,8
DA:187,47
DA:189,47
DA:190,47
DA:191,8
DA:192,47
DA:195,8
DA:196,0
DA:197,0
DA:198,0
DA:199,0
DA:200,0
DA:201,0
DA:204,8
DA:205,47
DA:208,8
DA:209,8
DA:216,0
DA:217,0
DA:218,0
DA:223,0
DA:224,0
DA:237,0
DA:246,0
DA:248,0
DA:302,0
DA:303,0
DA:305,0
DA:306,0
DA:318,0
DA:319,0
DA:323,0
DA:324,0
DA:325,0
DA:327,0
DA:329,0
DA:330,0
DA:331,0
DA:335,0
DA:337,0
DA:338,0
DA:339,0
DA:340,0
DA:345,8
DA:347,0
DA:350,8
DA:351,0
DA:352,0
DA:353,0
DA:354,0
DA:361,0
DA:362,0
DA:363,0
DA:366,0
DA:368,0
DA:371,0
DA:374,0
DA:376,0
DA:377,0
DA:381,8
DA:382,0
DA:383,0
DA:384,0
DA:385,0
DA:387,0
DA:388,0
DA:389,0
DA:392,0
DA:393,0
DA:394,0
DA:397,0
DA:398,0
DA:399,0
DA:402,0
DA:403,0
DA:404,0
DA:409,8
DA:410,4
DA:411,0
DA:416,8
DA:417,4
DA:418,0
DA:419,0
DA:425,8
DA:426,4
DA:427,0
DA:428,0
DA:432,47
DA:434,47
DA:436,8
DA:470,0
DA:471,0
DA:472,0
DA:476,4
DA:579,0
DA:590,0
DA:591,0
DA:604,0
DA:609,4
DA:686,0
DA:687,0
DA:688,0
DA:689,0
DA:694,0
DA:719,0
DA:720,0
DA:721,0
DA:722,0
DA:727,0
DA:757,0
DA:776,0
DA:777,0
DA:778,0
DA:779,0
DA:863,0
DA:864,0
DA:865,0
DA:866,0
DA:867,0
DA:872,0
DA:874,0
DA:891,0
DA:892,0
DA:910,0
DA:914,0
DA:967,0
DA:1074,23
LF:220
LH:79
BRDA:1,0,0,23
BRDA:1,0,1,0
BRDA:1,1,0,23
BRDA:1,2,0,23
BRDA:1,2,1,23
BRDA:72,3,0,0
BRDA:78,4,0,0
BRDA:86,5,0,0
BRDA:86,6,0,0
BRDA:86,6,1,0
BRDA:101,7,0,0
BRDA:101,8,0,0
BRDA:101,8,1,0
BRDA:109,9,0,0
BRDA:118,10,0,0
BRDA:126,11,0,0
BRDA:126,12,0,0
BRDA:126,12,1,0
BRDA:152,13,0,0
BRDA:152,14,0,0
BRDA:152,14,1,0
BRDA:216,15,0,0
BRDA:218,16,0,0
BRDA:257,17,0,0
BRDA:257,17,1,0
BRDA:269,18,0,0
BRDA:269,18,1,0
BRDA:269,19,0,0
BRDA:269,19,1,0
BRDA:318,20,0,0
BRDA:329,21,0,0
BRDA:368,22,0,0
BRDA:368,22,1,0
BRDA:392,23,0,0
BRDA:402,24,0,0
BRDA:417,25,0,0
BRDA:426,26,0,0
BRDA:867,27,0,0
BRDA:868,28,0,0
BRDA:868,28,1,0
BRDA:868,28,2,0
BRDA:910,29,0,0
BRDA:911,30,0,0
BRDA:911,30,1,0
BRF:44
BRH:4
end_of_record
TN:
SF:src/components/BookingPage/PriceBreakdownModal.tsx
FN:1,(anonymous_0)
FN:9,(anonymous_1)
FN:10,(anonymous_2)
FN:12,(anonymous_3)
FN:18,(anonymous_4)
FN:22,(anonymous_5)
FN:34,(anonymous_6)
FN:37,(anonymous_7)
FN:39,(anonymous_8)
FN:42,(anonymous_9)
FN:44,(anonymous_10)
FN:46,(anonymous_11)
FN:48,(anonymous_12)
FN:50,(anonymous_13)
FN:52,(anonymous_14)
FN:98,(anonymous_15)
FN:9,(anonymous_16)
FNF:17
FNH:16
FNDA:23,(anonymous_0)
FNDA:232,(anonymous_1)
FNDA:706,(anonymous_2)
FNDA:0,(anonymous_3)
FNDA:706,(anonymous_4)
FNDA:138,(anonymous_5)
FNDA:706,(anonymous_6)
FNDA:706,(anonymous_7)
FNDA:642,(anonymous_8)
FNDA:706,(anonymous_9)
FNDA:706,(anonymous_10)
FNDA:706,(anonymous_11)
FNDA:706,(anonymous_12)
FNDA:706,(anonymous_13)
FNDA:706,(anonymous_14)
FNDA:138,(anonymous_15)
FNDA:11,(anonymous_16)
DA:1,184
DA:9,232
DA:10,706
DA:11,232
DA:12,232
DA:13,0
DA:17,232
DA:18,706
DA:22,232
DA:23,138
DA:29,138
DA:30,138
DA:33,232
DA:34,706
DA:36,232
DA:37,706
DA:39,642
DA:41,232
DA:42,706
DA:44,706
DA:45,232
DA:46,706
DA:48,706
DA:50,706
DA:52,706
DA:56,232
DA:99,138
DA:240,23
DA:242,23
LF:29
LH:28
BRDA:1,0,0,23
BRDA:1,0,1,0
BRDA:1,1,0,23
BRDA:1,2,0,23
BRDA:1,2,1,23
BRDA:97,3,0,232
BRDA:97,3,1,46
BRF:7
BRH:6
end_of_record
TN:
SF:src/components/BookingPage/PromotionModal.tsx
FN:1,(anonymous_0)
FN:9,(anonymous_1)
FN:10,(anonymous_2)
FN:12,(anonymous_3)
FN:16,(anonymous_4)
FN:18,(anonymous_5)
FN:20,(anonymous_6)
FN:22,(anonymous_7)
FN:9,(anonymous_8)
FNF:9
FNH:8
FNDA:23,(anonymous_0)
FNDA:216,(anonymous_1)
FNDA:690,(anonymous_2)
FNDA:0,(anonymous_3)
FNDA:690,(anonymous_4)
FNDA:626,(anonymous_5)
FNDA:690,(anonymous_6)
FNDA:690,(anonymous_7)
FNDA:11,(anonymous_8)
DA:1,184
DA:9,216
DA:10,690
DA:11,216
DA:12,216
DA:13,0
DA:15,216
DA:16,690
DA:18,626
DA:20,690
DA:22,690
DA:24,216
DA:54,23
DA:56,23
LF:14
LH:13
BRDA:1,0,0,23
BRDA:1,0,1,0
BRDA:1,1,0,23
BRDA:1,2,0,23
BRDA:1,2,1,23
BRF:5
BRH:4
end_of_record
TN:
SF:src/components/BookingPage/Terms.tsx
FN:1,(anonymous_0)
FN:8,(anonymous_1)
FN:9,(anonymous_2)
FN:11,(anonymous_3)
FN:8,(anonymous_4)
FNF:5
FNH:4
FNDA:23,(anonymous_0)
FNDA:4,(anonymous_1)
FNDA:43,(anonymous_2)
FNDA:0,(anonymous_3)
FNDA:2,(anonymous_4)
DA:1,184
DA:8,23
DA:9,43
DA:10,23
DA:11,4
DA:12,0
DA:15,4
DA:94,23
DA:96,23
LF:9
LH:8
BRDA:1,0,0,23
BRDA:1,0,1,0
BRDA:1,1,0,23
BRDA:1,2,0,23
BRDA:1,2,1,23
BRF:5
BRH:4
end_of_record
TN:
SF:src/components/BookingPage/Timer.tsx
FN:1,(anonymous_0)
FN:68,Timer
FN:79,(anonymous_2)
FN:68,(anonymous_3)
FNF:4
FNH:3
FNDA:23,(anonymous_0)
FNDA:4,Timer
FNDA:0,(anonymous_2)
FNDA:2,(anonymous_3)
DA:1,207
DA:68,23
DA:69,4
DA:70,4
DA:71,4
DA:72,4
DA:73,4
DA:74,4
DA:75,4
DA:76,4
DA:77,23
DA:80,0
DA:81,0
DA:82,0
DA:86,4
DA:111,23
LF:16
LH:13
BRDA:1,0,0,46
BRDA:1,0,1,23
BRDA:1,1,0,23
BRDA:87,2,0,4
BRDA:87,2,1,4
BRDA:105,3,0,0
BRDA:105,3,1,4
BRDA:106,4,0,4
BRDA:106,4,1,0
BRF:9
BRH:7
end_of_record
TN:
SF:src/components/CarousalCard/CarosalComponent.tsx
FN:1,(anonymous_0)
FN:10,DemoCarousel
FN:11,(anonymous_2)
FN:24,(anonymous_3)
FNF:4
FNH:4
FNDA:23,(anonymous_0)
FNDA:372,DemoCarousel
FNDA:684,(anonymous_2)
FNDA:684,(anonymous_3)
DA:1,184
DA:10,23
DA:11,372
DA:14,684
DA:24,372
DA:27,684
DA:35,372
DA:56,23
LF:8
LH:8
BRDA:1,0,0,46
BRDA:1,0,1,23
BRDA:1,1,0,23
BRF:3
BRH:3
end_of_record
TN:
SF:src/components/CarousalCard/RoomTypeDetail.tsx
FN:1,(anonymous_0)
FN:18,RoomTypeDetails
FN:19,(anonymous_2)
FN:20,(anonymous_3)
FN:22,(anonymous_4)
FN:26,(anonymous_5)
FN:31,(anonymous_6)
FN:35,(anonymous_7)
FN:39,(anonymous_8)
FN:51,(anonymous_9)
FN:54,(anonymous_10)
FN:59,(anonymous_11)
FN:86,(anonymous_12)
FN:219,(anonymous_13)
FN:18,(anonymous_14)
FNF:15
FNH:15
FNDA:23,(anonymous_0)
FNDA:231,RoomTypeDetails
FNDA:598,(anonymous_2)
FNDA:598,(anonymous_3)
FNDA:598,(anonymous_4)
FNDA:384,(anonymous_5)
FNDA:598,(anonymous_6)
FNDA:598,(anonymous_7)
FNDA:598,(anonymous_8)
FNDA:598,(anonymous_9)
FNDA:598,(anonymous_10)
FNDA:8,(anonymous_11)
FNDA:384,(anonymous_12)
FNDA:8,(anonymous_13)
FNDA:11,(anonymous_14)
DA:1,184
DA:18,231
DA:19,598
DA:20,598
DA:21,228
DA:22,598
DA:24,228
DA:26,228
DA:27,384
DA:30,228
DA:31,598
DA:34,228
DA:35,598
DA:38,228
DA:39,598
DA:43,228
DA:45,228
DA:46,228
DA:51,598
DA:53,228
DA:54,598
DA:57,228
DA:59,228
DA:60,8
DA:61,8
DA:62,8
DA:63,8
DA:66,228
DA:87,384
DA:219,8
DA:235,23
LF:31
LH:31
BRDA:1,0,0,23
BRDA:1,0,1,0
BRDA:1,1,0,23
BRDA:1,2,0,23
BRDA:1,2,1,23
BRDA:71,3,0,0
BRDA:71,3,1,228
BRDA:79,4,0,136
BRDA:79,4,1,92
BRDA:81,5,0,92
BRDA:81,5,1,136
BRDA:88,6,0,0
BRDA:88,6,1,384
BRDA:93,7,0,384
BRDA:93,7,1,378
BRDA:107,8,0,384
BRDA:107,8,1,0
BRDA:124,9,0,384
BRDA:124,9,1,0
BRDA:158,10,0,260
BRDA:158,10,1,124
BRDA:158,11,0,384
BRDA:158,11,1,384
BRDA:169,12,0,124
BRDA:169,12,1,0
BRDA:174,13,0,0
BRDA:174,13,1,0
BRF:27
BRH:19
end_of_record
TN:
SF:src/components/Footer/Footer.tsx
FN:1,(anonymous_0)
FN:6,Footer
FN:7,(anonymous_2)
FN:8,(anonymous_3)
FN:6,(anonymous_4)
FNF:5
FNH:5
FNDA:23,(anonymous_0)
FNDA:94,Footer
FNDA:792,(anonymous_2)
FNDA:795,(anonymous_3)
FNDA:23,(anonymous_4)
DA:1,207
DA:6,94
DA:7,792
DA:8,795
DA:9,94
DA:27,23
LF:6
LH:6
BRDA:1,0,0,46
BRDA:1,0,1,23
BRDA:1,1,0,23
BRF:3
BRH:3
end_of_record
TN:
SF:src/components/Header/Header.tsx
FN:1,(anonymous_0)
FN:44,Header
FN:48,(anonymous_2)
FN:58,(anonymous_3)
FN:60,(anonymous_4)
FN:68,(anonymous_5)
FN:81,(anonymous_6)
FN:84,(anonymous_7)
FN:85,(anonymous_8)
FN:86,(anonymous_9)
FN:93,(anonymous_10)
FN:100,(anonymous_11)
FN:105,(anonymous_12)
FN:115,(anonymous_13)
FN:120,toggleLanguageDropDown
FN:125,toggleCurrencyDropDown
FN:133,(anonymous_16)
FN:148,(anonymous_17)
FN:150,(anonymous_18)
FN:156,handleMyBookings
FN:162,(anonymous_20)
FN:206,(anonymous_21)
FN:224,(anonymous_22)
FN:231,(anonymous_23)
FN:240,(anonymous_24)
FN:256,(anonymous_25)
FN:263,(anonymous_26)
FN:270,(anonymous_27)
FN:281,(anonymous_28)
FN:290,(anonymous_29)
FN:336,(anonymous_30)
FN:44,(anonymous_31)
FNF:32
FNH:19
FNDA:23,(anonymous_0)
FNDA:284,Header
FNDA:0,(anonymous_2)
FNDA:0,(anonymous_3)
FNDA:0,(anonymous_4)
FNDA:0,(anonymous_5)
FNDA:1102,(anonymous_6)
FNDA:1127,(anonymous_7)
FNDA:1129,(anonymous_8)
FNDA:1,(anonymous_9)
FNDA:1,(anonymous_10)
FNDA:0,(anonymous_11)
FNDA:0,(anonymous_12)
FNDA:3,(anonymous_13)
FNDA:1,toggleLanguageDropDown
FNDA:1,toggleCurrencyDropDown
FNDA:22,(anonymous_16)
FNDA:46,(anonymous_17)
FNDA:26,(anonymous_18)
FNDA:0,handleMyBookings
FNDA:1124,(anonymous_20)
FNDA:1,(anonymous_21)
FNDA:0,(anonymous_22)
FNDA:1,(anonymous_23)
FNDA:1,(anonymous_24)
FNDA:0,(anonymous_25)
FNDA:0,(anonymous_26)
FNDA:1,(anonymous_27)
FNDA:0,(anonymous_28)
FNDA:0,(anonymous_29)
FNDA:0,(anonymous_30)
FNDA:23,(anonymous_31)
DA:1,207
DA:22,23
DA:44,284
DA:45,284
DA:46,284
DA:48,284
DA:49,0
DA:50,0
DA:51,0
DA:52,0
DA:53,0
DA:54,0
DA:55,0
DA:58,0
DA:59,0
DA:61,0
DA:64,0
DA:68,284
DA:69,0
DA:70,0
DA:71,0
DA:72,0
DA:73,0
DA:75,0
DA:78,284
DA:80,284
DA:81,1102
DA:84,1127
DA:85,1129
DA:86,284
DA:89,1
DA:90,1
DA:93,284
DA:96,1
DA:97,1
DA:100,284
DA:103,0
DA:105,284
DA:108,0
DA:111,284
DA:112,284
DA:114,284
DA:115,284
DA:116,3
DA:117,3
DA:121,1
DA:122,1
DA:126,1
DA:127,1
DA:130,284
DA:131,284
DA:133,284
DA:134,22
DA:138,20
DA:140,22
DA:144,20
DA:148,284
DA:149,46
DA:150,46
DA:151,26
DA:155,284
DA:157,0
DA:160,284
DA:161,284
DA:162,1124
DA:164,284
DA:207,1
DA:224,0
DA:231,1
DA:240,1
DA:256,0
DA:263,0
DA:270,1
DA:281,0
DA:290,0
DA:336,0
DA:347,23
DA:349,23
LF:78
LH:52
BRDA:1,0,0,46
BRDA:1,0,1,23
BRDA:1,1,0,23
BRDA:134,2,0,20
BRDA:135,3,0,22
BRDA:135,3,1,22
BRDA:140,4,0,20
BRDA:141,5,0,22
BRDA:141,5,1,22
BRDA:214,6,0,280
BRDA:214,6,1,4
BRDA:219,7,0,6
BRDA:219,7,1,278
BRDA:251,8,0,2
BRDA:251,8,1,282
BRDA:282,9,0,284
BRDA:282,9,1,0
BRDA:303,10,0,284
BRDA:303,10,1,20
BRF:19
BRH:18
end_of_record
TN:
SF:src/components/LandingPage/ConfigurableFields.tsx
FN:1,(anonymous_0)
FN:20,ConfigurableFields
FN:21,(anonymous_2)
FN:22,(anonymous_3)
FN:25,(anonymous_4)
FN:28,(anonymous_5)
FN:30,(anonymous_6)
FN:36,(anonymous_7)
FN:40,(anonymous_8)
FN:43,(anonymous_9)
FN:60,(anonymous_10)
FN:62,(anonymous_11)
FN:70,(anonymous_12)
FN:73,(anonymous_13)
FN:84,(anonymous_14)
FN:96,(anonymous_15)
FN:103,(anonymous_16)
FN:136,(anonymous_17)
FN:139,guestClickHandler
FN:147,incrementCounterFunction
FN:165,decrementCounterFunction
FN:179,roomDropDownClickHandler
FN:207,selectRoomHandler
FN:215,(anonymous_23)
FN:216,(anonymous_24)
FN:234,handleAccessibleCheckbox
FN:247,(anonymous_26)
FN:256,(anonymous_27)
FN:258,(anonymous_28)
FN:283,(anonymous_29)
FN:294,(anonymous_30)
FN:299,(anonymous_31)
FN:321,(anonymous_32)
FN:322,(anonymous_33)
FN:337,(anonymous_34)
FN:345,(anonymous_35)
FN:364,(anonymous_36)
FN:369,(anonymous_37)
FN:393,(anonymous_38)
FN:397,(anonymous_39)
FN:410,(anonymous_40)
FN:416,(anonymous_41)
FN:20,(anonymous_42)
FNF:43
FNH:15
FNDA:23,(anonymous_0)
FNDA:124,ConfigurableFields
FNDA:332,(anonymous_2)
FNDA:332,(anonymous_3)
FNDA:332,(anonymous_4)
FNDA:332,(anonymous_5)
FNDA:332,(anonymous_6)
FNDA:22,(anonymous_7)
FNDA:0,(anonymous_8)
FNDA:0,(anonymous_9)
FNDA:22,(anonymous_10)
FNDA:0,(anonymous_11)
FNDA:0,(anonymous_12)
FNDA:0,(anonymous_13)
FNDA:0,(anonymous_14)
FNDA:0,(anonymous_15)
FNDA:0,(anonymous_16)
FNDA:332,(anonymous_17)
FNDA:0,guestClickHandler
FNDA:0,incrementCounterFunction
FNDA:0,decrementCounterFunction
FNDA:0,roomDropDownClickHandler
FNDA:0,selectRoomHandler
FNDA:0,(anonymous_23)
FNDA:0,(anonymous_24)
FNDA:0,handleAccessibleCheckbox
FNDA:12,(anonymous_26)
FNDA:22,(anonymous_27)
FNDA:11,(anonymous_28)
FNDA:0,(anonymous_29)
FNDA:0,(anonymous_30)
FNDA:0,(anonymous_31)
FNDA:0,(anonymous_32)
FNDA:0,(anonymous_33)
FNDA:0,(anonymous_34)
FNDA:0,(anonymous_35)
FNDA:0,(anonymous_36)
FNDA:0,(anonymous_37)
FNDA:372,(anonymous_38)
FNDA:0,(anonymous_39)
FNDA:0,(anonymous_40)
FNDA:0,(anonymous_41)
FNDA:11,(anonymous_42)
DA:1,184
DA:20,124
DA:21,332
DA:22,332
DA:23,124
DA:24,124
DA:25,332
DA:28,332
DA:29,124
DA:30,332
DA:32,124
DA:34,124
DA:36,124
DA:37,22
DA:38,22
DA:39,22
DA:40,0
DA:43,22
DA:44,0
DA:45,0
DA:46,0
DA:49,0
DA:52,0
DA:53,0
DA:57,22
DA:60,124
DA:61,22
DA:62,22
DA:63,0
DA:64,0
DA:66,0
DA:70,124
DA:71,0
DA:73,124
DA:77,0
DA:78,0
DA:79,0
DA:82,0
DA:84,124
DA:88,0
DA:89,0
DA:90,0
DA:93,0
DA:96,124
DA:97,0
DA:103,124
DA:105,0
DA:106,0
DA:107,0
DA:110,0
DA:118,124
DA:133,124
DA:135,124
DA:136,332
DA:140,0
DA:141,0
DA:142,0
DA:143,0
DA:144,0
DA:150,0
DA:154,0
DA:155,0
DA:157,0
DA:159,0
DA:161,0
DA:168,0
DA:169,0
DA:170,0
DA:171,0
DA:173,0
DA:174,0
DA:175,0
DA:180,0
DA:181,0
DA:182,0
DA:183,0
DA:184,0
DA:208,0
DA:209,0
DA:212,0
DA:215,0
DA:216,0
DA:217,0
DA:221,0
DA:224,0
DA:225,0
DA:226,0
DA:229,0
DA:230,0
DA:235,0
DA:236,0
DA:239,0
DA:243,124
DA:245,124
DA:247,124
DA:248,12
DA:249,12
DA:251,12
DA:252,12
DA:256,124
DA:257,22
DA:258,22
DA:259,11
DA:263,124
DA:283,0
DA:294,0
DA:299,0
DA:321,0
DA:327,0
DA:328,0
DA:337,0
DA:345,0
DA:364,0
DA:369,0
DA:394,372
DA:397,0
DA:410,0
DA:416,0
DA:426,23
DA:428,23
LF:120
LH:45
BRDA:1,0,0,23
BRDA:1,0,1,0
BRDA:1,1,0,23
BRDA:1,2,0,23
BRDA:1,2,1,23
BRDA:45,3,0,0
BRDA:45,3,1,0
BRDA:52,4,0,0
BRDA:63,5,0,0
BRDA:63,5,1,0
BRDA:78,6,0,0
BRDA:89,7,0,0
BRDA:105,8,0,0
BRDA:106,9,0,0
BRDA:150,10,0,0
BRDA:150,10,1,0
BRDA:154,11,0,0
BRDA:154,11,1,0
BRDA:168,12,0,0
BRDA:168,12,1,0
BRDA:169,13,0,0
BRDA:173,14,0,0
BRDA:235,15,0,0
BRDA:235,15,1,0
BRDA:248,16,0,12
BRDA:248,17,0,12
BRDA:248,17,1,12
BRDA:251,18,0,12
BRDA:251,19,0,12
BRDA:251,19,1,12
BRDA:282,20,0,0
BRDA:282,20,1,124
BRDA:283,21,0,0
BRDA:283,21,1,0
BRDA:293,22,0,0
BRDA:293,22,1,124
BRDA:294,23,0,0
BRDA:294,23,1,0
BRDA:298,24,0,0
BRDA:298,24,1,124
BRDA:299,25,0,0
BRDA:299,25,1,0
BRDA:318,26,0,0
BRDA:318,26,1,124
BRDA:363,27,0,0
BRDA:363,27,1,124
BRDA:364,28,0,0
BRDA:364,28,1,0
BRDA:368,29,0,0
BRDA:368,29,1,124
BRDA:369,30,0,0
BRDA:369,30,1,0
BRDA:390,31,0,0
BRDA:390,31,1,124
BRDA:409,32,0,0
BRDA:409,32,1,124
BRDA:410,33,0,0
BRDA:410,33,1,0
BRF:58
BRH:18
end_of_record
TN:
SF:src/components/LandingPage/DateRangePickerComponent.tsx
FN:1,(anonymous_0)
FN:25,DateRangePickerComponent
FN:26,(anonymous_2)
FN:27,(anonymous_3)
FN:28,(anonymous_4)
FN:35,(anonymous_5)
FN:50,(anonymous_6)
FN:54,(anonymous_7)
FN:57,(anonymous_8)
FN:70,(anonymous_9)
FN:81,(anonymous_10)
FN:86,(anonymous_11)
FN:96,(anonymous_12)
FN:120,handleApplyDates
FN:133,(anonymous_14)
FN:136,(anonymous_15)
FN:183,(anonymous_16)
FN:25,(anonymous_17)
FNF:18
FNH:14
FNDA:23,(anonymous_0)
FNDA:380,DateRangePickerComponent
FNDA:923,(anonymous_2)
FNDA:928,(anonymous_3)
FNDA:921,(anonymous_4)
FNDA:928,(anonymous_5)
FNDA:44,(anonymous_6)
FNDA:3,(anonymous_7)
FNDA:3,(anonymous_8)
FNDA:0,(anonymous_9)
FNDA:0,(anonymous_10)
FNDA:0,(anonymous_11)
FNDA:380,(anonymous_12)
FNDA:0,handleApplyDates
FNDA:918,(anonymous_14)
FNDA:380,(anonymous_15)
FNDA:16100,(anonymous_16)
FNDA:22,(anonymous_17)
DA:1,184
DA:25,380
DA:26,923
DA:27,928
DA:28,921
DA:29,380
DA:34,380
DA:35,928
DA:36,380
DA:40,380
DA:50,380
DA:51,44
DA:52,44
DA:55,3
DA:58,3
DA:62,380
DA:70,380
DA:71,0
DA:72,0
DA:73,0
DA:74,0
DA:75,0
DA:76,0
DA:77,0
DA:81,380
DA:82,0
DA:83,0
DA:84,0
DA:86,380
DA:87,0
DA:88,0
DA:89,0
DA:90,0
DA:91,0
DA:93,0
DA:96,380
DA:97,380
DA:98,380
DA:99,380
DA:100,380
DA:101,380
DA:102,380
DA:103,0
DA:104,0
DA:106,380
DA:121,0
DA:122,0
DA:123,0
DA:126,0
DA:128,0
DA:129,0
DA:132,380
DA:133,918
DA:136,380
DA:137,380
DA:138,380
DA:140,380
DA:142,380
DA:143,380
DA:147,1140
DA:148,1140
DA:149,8
DA:153,380
DA:155,380
DA:157,380
DA:184,16100
DA:266,23
DA:268,23
LF:68
LH:44
BRDA:1,0,0,23
BRDA:1,0,1,0
BRDA:1,1,0,23
BRDA:1,2,0,23
BRDA:1,2,1,23
BRDA:72,3,0,0
BRDA:90,4,0,0
BRDA:148,5,0,8
BRDA:155,6,0,250
BRDA:155,6,1,130
BRDA:166,7,0,0
BRDA:166,7,1,380
BRDA:172,8,0,0
BRDA:172,8,1,380
BRDA:178,9,0,250
BRDA:178,9,1,130
BRDA:178,10,0,218
BRDA:178,10,1,32
BRDA:178,11,0,44
BRDA:178,11,1,86
BRDA:210,12,0,0
BRDA:210,12,1,380
BRDA:237,13,0,368
BRDA:237,13,1,0
BRDA:248,14,0,368
BRDA:248,14,1,0
BRF:26
BRH:18
end_of_record
TN:
SF:src/components/LandingPage/LandingPage.tsx
FN:1,(anonymous_0)
FN:37,LandingPage
FN:39,(anonymous_2)
FN:41,(anonymous_3)
FN:43,(anonymous_4)
FN:48,(anonymous_5)
FN:51,(anonymous_6)
FN:54,(anonymous_7)
FN:56,(anonymous_8)
FN:58,(anonymous_9)
FN:62,(anonymous_10)
FN:66,(anonymous_11)
FN:69,(anonymous_12)
FN:74,(anonymous_13)
FN:77,(anonymous_14)
FN:80,(anonymous_15)
FN:90,(anonymous_16)
FN:91,(anonymous_17)
FN:93,handleSearchButton
FN:113,(anonymous_19)
FN:37,(anonymous_20)
FNF:21
FNH:19
FNDA:23,(anonymous_0)
FNDA:186,LandingPage
FNDA:376,(anonymous_2)
FNDA:379,(anonymous_3)
FNDA:22,(anonymous_4)
FNDA:354,(anonymous_5)
FNDA:370,(anonymous_6)
FNDA:386,(anonymous_7)
FNDA:386,(anonymous_8)
FNDA:386,(anonymous_9)
FNDA:386,(anonymous_10)
FNDA:386,(anonymous_11)
FNDA:386,(anonymous_12)
FNDA:354,(anonymous_13)
FNDA:38,(anonymous_14)
FNDA:288,(anonymous_15)
FNDA:386,(anonymous_16)
FNDA:386,(anonymous_17)
FNDA:0,handleSearchButton
FNDA:0,(anonymous_19)
FNDA:11,(anonymous_20)
DA:1,184
DA:30,23
DA:37,186
DA:38,186
DA:39,376
DA:41,379
DA:42,178
DA:43,178
DA:44,22
DA:45,22
DA:47,178
DA:48,354
DA:50,178
DA:51,370
DA:53,178
DA:54,386
DA:56,386
DA:57,178
DA:58,386
DA:61,178
DA:62,386
DA:65,178
DA:66,386
DA:68,178
DA:69,386
DA:71,178
DA:73,178
DA:74,354
DA:77,178
DA:78,38
DA:79,38
DA:80,288
DA:83,38
DA:84,0
DA:85,0
DA:90,386
DA:91,386
DA:94,0
DA:95,0
DA:96,0
DA:98,0
DA:112,0
DA:113,0
DA:116,0
DA:117,0
DA:124,0
DA:125,0
DA:126,0
DA:127,0
DA:135,178
DA:142,178
DA:199,23
LF:52
LH:38
BRDA:1,0,0,23
BRDA:1,0,1,0
BRDA:1,1,0,23
BRDA:1,2,0,23
BRDA:1,2,1,23
BRDA:78,3,0,38
BRDA:83,4,0,0
BRDA:99,5,0,0
BRDA:99,5,1,0
BRDA:102,6,0,0
BRDA:102,6,1,0
BRDA:146,7,0,22
BRDA:146,7,1,156
BRDA:159,8,0,22
BRDA:159,8,1,156
BRDA:175,9,0,178
BRDA:175,9,1,0
BRDA:175,10,0,178
BRDA:175,10,1,0
BRDA:175,10,2,0
BRDA:183,11,0,178
BRDA:183,11,1,0
BRDA:183,12,0,178
BRDA:183,12,1,0
BRDA:183,12,2,0
BRF:25
BRH:13
end_of_record
TN:
SF:src/components/LandingPage/PropertContainer.tsx
FN:1,(anonymous_0)
FN:16,PropertContainer
FN:18,(anonymous_2)
FN:20,(anonymous_3)
FN:24,(anonymous_4)
FN:27,(anonymous_5)
FN:32,(anonymous_6)
FN:38,(anonymous_7)
FN:40,(anonymous_8)
FN:45,(anonymous_9)
FN:46,propertyDropDownHandler
FN:53,addPropertyHandler
FN:61,(anonymous_12)
FN:64,(anonymous_13)
FN:84,addPropertyHandlerOnClick
FN:92,(anonymous_15)
FN:95,(anonymous_16)
FN:154,(anonymous_17)
FN:163,(anonymous_18)
FN:165,(anonymous_19)
FN:16,(anonymous_20)
FNF:21
FNH:13
FNDA:23,(anonymous_0)
FNDA:104,PropertContainer
FNDA:304,(anonymous_2)
FNDA:312,(anonymous_3)
FNDA:280,(anonymous_4)
FNDA:280,(anonymous_5)
FNDA:12,(anonymous_6)
FNDA:22,(anonymous_7)
FNDA:11,(anonymous_8)
FNDA:22,(anonymous_9)
FNDA:1,propertyDropDownHandler
FNDA:0,addPropertyHandler
FNDA:0,(anonymous_12)
FNDA:0,(anonymous_13)
FNDA:0,addPropertyHandlerOnClick
FNDA:0,(anonymous_15)
FNDA:0,(anonymous_16)
FNDA:1080,(anonymous_17)
FNDA:0,(anonymous_18)
FNDA:0,(anonymous_19)
FNDA:11,(anonymous_20)
DA:1,184
DA:16,104
DA:18,304
DA:19,104
DA:20,312
DA:22,104
DA:23,104
DA:24,280
DA:26,104
DA:27,280
DA:30,104
DA:32,104
DA:33,12
DA:34,11
DA:38,104
DA:39,22
DA:40,22
DA:41,11
DA:45,104
DA:47,1
DA:48,1
DA:49,1
DA:50,1
DA:51,1
DA:54,0
DA:55,0
DA:56,0
DA:57,0
DA:62,0
DA:65,0
DA:66,0
DA:68,0
DA:69,0
DA:76,0
DA:85,0
DA:86,0
DA:87,0
DA:88,0
DA:93,0
DA:96,0
DA:98,0
DA:99,0
DA:106,0
DA:116,104
DA:155,1080
DA:163,0
DA:165,0
DA:172,23
DA:174,23
LF:49
LH:28
BRDA:1,0,0,23
BRDA:1,0,1,0
BRDA:1,1,0,23
BRDA:1,2,0,23
BRDA:1,2,1,23
BRDA:33,3,0,11
BRDA:33,4,0,12
BRDA:33,4,1,12
BRDA:56,5,0,0
BRDA:56,5,1,0
BRDA:68,6,0,0
BRDA:87,7,0,0
BRDA:87,7,1,0
BRDA:98,8,0,0
BRDA:128,9,0,104
BRDA:128,9,1,0
BRDA:131,10,0,104
BRDA:131,10,1,0
BRDA:150,11,0,2
BRDA:150,11,1,102
BRDA:155,12,0,180
BRDA:155,12,1,900
BRDA:162,13,0,0
BRDA:162,13,1,180
BRF:24
BRH:14
end_of_record
TN:
SF:src/components/LandingPage/SelectDatesContainer.tsx
FN:1,(anonymous_0)
FN:8,SelectDatesContainer
FN:9,(anonymous_2)
FN:12,(anonymous_3)
FN:15,showCalendarHandler
FN:25,(anonymous_5)
FN:32,(anonymous_6)
FN:34,(anonymous_7)
FN:39,(anonymous_8)
FN:40,(anonymous_9)
FN:8,(anonymous_10)
FNF:11
FNH:11
FNDA:23,(anonymous_0)
FNDA:106,SelectDatesContainer
FNDA:314,(anonymous_2)
FNDA:302,(anonymous_3)
FNDA:2,showCalendarHandler
FNDA:12,(anonymous_5)
FNDA:22,(anonymous_6)
FNDA:11,(anonymous_7)
FNDA:314,(anonymous_8)
FNDA:314,(anonymous_9)
FNDA:11,(anonymous_10)
DA:1,207
DA:8,106
DA:9,314
DA:10,106
DA:11,106
DA:12,302
DA:16,2
DA:17,2
DA:18,2
DA:19,2
DA:20,2
DA:23,106
DA:25,106
DA:26,12
DA:27,10
DA:28,10
DA:32,106
DA:33,22
DA:34,22
DA:35,11
DA:39,314
DA:40,314
DA:42,106
DA:106,23
DA:108,23
LF:25
LH:25
BRDA:1,0,0,46
BRDA:1,0,1,23
BRDA:1,1,0,23
BRDA:26,2,0,10
BRDA:26,3,0,12
BRDA:26,3,1,12
BRDA:57,4,0,106
BRDA:57,4,1,0
BRDA:57,5,0,106
BRDA:57,5,1,0
BRDA:76,6,0,106
BRDA:76,6,1,0
BRDA:93,7,0,6
BRDA:93,7,1,100
BRF:14
BRH:11
end_of_record
TN:
SF:src/components/MyBookingPage/MyBookingPage.tsx
FN:1,(anonymous_0)
FN:10,MyBookingPage
FN:14,(anonymous_2)
FN:19,(anonymous_3)
FN:33,(anonymous_4)
FN:36,(anonymous_5)
FN:38,(anonymous_6)
FN:52,(anonymous_7)
FN:57,(anonymous_8)
FN:10,(anonymous_9)
FNF:10
FNH:1
FNDA:23,(anonymous_0)
FNDA:0,MyBookingPage
FNDA:0,(anonymous_2)
FNDA:0,(anonymous_3)
FNDA:0,(anonymous_4)
FNDA:0,(anonymous_5)
FNDA:0,(anonymous_6)
FNDA:0,(anonymous_7)
FNDA:0,(anonymous_8)
FNDA:0,(anonymous_9)
DA:1,207
DA:10,0
DA:11,0
DA:13,0
DA:14,0
DA:17,0
DA:19,0
DA:20,0
DA:21,0
DA:22,0
DA:23,0
DA:27,0
DA:33,0
DA:34,0
DA:36,0
DA:38,23
DA:40,0
DA:53,0
DA:58,0
DA:183,23
DA:185,23
LF:21
LH:4
BRDA:1,0,0,46
BRDA:1,0,1,23
BRDA:1,1,0,23
BRDA:22,2,0,0
BRDA:44,3,0,0
BRDA:44,3,1,0
BRDA:66,4,0,0
BRDA:66,4,1,0
BRDA:99,5,0,0
BRDA:99,5,1,0
BRDA:103,6,0,0
BRDA:103,6,1,0
BRDA:154,7,0,0
BRDA:154,7,1,0
BRF:14
BRH:3
end_of_record
TN:
SF:src/components/ReviewsPage/CircleCheck.tsx
FN:1,(anonymous_0)
FN:3,(anonymous_1)
FNF:2
FNH:1
FNDA:23,(anonymous_0)
FNDA:0,(anonymous_1)
DA:1,184
DA:3,23
DA:4,0
DA:12,23
DA:14,23
LF:5
LH:4
BRDA:1,0,0,46
BRDA:1,0,1,23
BRDA:1,1,0,23
BRF:3
BRH:3
end_of_record
TN:
SF:src/components/ReviewsPage/Reviews.tsx
FN:1,(anonymous_0)
FN:13,Reviews
FN:32,(anonymous_2)
FN:48,(anonymous_3)
FN:55,(anonymous_4)
FN:62,(anonymous_5)
FN:123,(anonymous_6)
FN:126,(anonymous_7)
FN:144,(anonymous_8)
FN:13,(anonymous_9)
FNF:10
FNH:1
FNDA:23,(anonymous_0)
FNDA:0,Reviews
FNDA:0,(anonymous_2)
FNDA:0,(anonymous_3)
FNDA:0,(anonymous_4)
FNDA:0,(anonymous_5)
FNDA:0,(anonymous_6)
FNDA:0,(anonymous_7)
FNDA:0,(anonymous_8)
FNDA:0,(anonymous_9)
DA:1,184
DA:13,0
DA:14,0
DA:15,0
DA:16,0
DA:17,0
DA:18,0
DA:19,0
DA:20,0
DA:21,0
DA:22,0
DA:23,0
DA:30,0
DA:32,0
DA:33,0
DA:39,0
DA:49,0
DA:50,0
DA:52,0
DA:56,0
DA:59,0
DA:61,23
DA:62,0
DA:63,0
DA:64,0
DA:65,0
DA:67,0
DA:72,0
DA:73,0
DA:74,0
DA:77,0
DA:124,0
DA:127,0
DA:144,0
DA:156,23
DA:158,23
LF:36
LH:4
BRDA:1,0,0,23
BRDA:1,0,1,0
BRDA:1,1,0,23
BRDA:1,2,0,23
BRDA:1,2,1,23
BRDA:33,3,0,0
BRDA:33,4,0,0
BRDA:33,4,1,0
BRDA:33,4,2,0
BRDA:33,4,3,0
BRDA:33,4,4,0
BRDA:49,5,0,0
BRDA:49,5,1,0
BRDA:67,6,0,0
BRDA:68,7,0,0
BRDA:68,7,1,0
BRDA:68,7,2,0
BRDA:80,8,0,0
BRDA:80,8,1,0
BRDA:124,9,0,0
BRDA:124,9,1,0
BRDA:135,10,0,0
BRDA:135,10,1,0
BRDA:135,11,0,0
BRDA:135,11,1,0
BRDA:146,12,0,0
BRDA:146,12,1,0
BRF:27
BRH:4
end_of_record
TN:
SF:src/components/RoomModal/DealCard.tsx
FN:1,(anonymous_0)
FN:16,(anonymous_1)
FN:24,(anonymous_2)
FN:26,(anonymous_3)
FN:16,(anonymous_4)
FNF:5
FNH:5
FNDA:23,(anonymous_0)
FNDA:122,(anonymous_1)
FNDA:388,(anonymous_2)
FNDA:388,(anonymous_3)
FNDA:7,(anonymous_4)
DA:1,207
DA:16,23
DA:23,122
DA:24,388
DA:26,388
DA:27,122
DA:76,23
DA:78,23
LF:8
LH:8
BRDA:1,0,0,46
BRDA:1,0,1,23
BRDA:1,1,0,23
BRDA:21,2,0,58
BRDA:29,3,0,16
BRDA:29,3,1,106
BRDA:58,4,0,16
BRDA:58,4,1,106
BRDA:60,5,0,16
BRDA:60,5,1,106
BRF:10
BRH:10
end_of_record
TN:
SF:src/components/RoomModal/RoomModal.tsx
FN:1,(anonymous_0)
FN:53,(anonymous_1)
FN:56,(anonymous_2)
FN:58,(anonymous_3)
FN:60,(anonymous_4)
FN:64,(anonymous_5)
FN:71,(anonymous_6)
FN:75,(anonymous_7)
FN:78,(anonymous_8)
FN:79,(anonymous_9)
FN:82,(anonymous_10)
FN:133,(anonymous_11)
FN:138,(anonymous_12)
FN:141,(anonymous_13)
FN:150,(anonymous_14)
FN:155,(anonymous_15)
FN:156,(anonymous_16)
FN:157,(anonymous_17)
FN:159,(anonymous_18)
FN:177,(anonymous_19)
FN:179,(anonymous_20)
FN:182,(anonymous_21)
FN:189,(anonymous_22)
FN:234,(anonymous_23)
FN:241,(anonymous_24)
FN:251,hanldeApplyPromoInput
FN:262,(anonymous_26)
FN:295,(anonymous_27)
FN:377,(anonymous_28)
FN:400,(anonymous_29)
FN:409,(anonymous_30)
FN:416,(anonymous_31)
FN:435,(anonymous_32)
FN:53,(anonymous_33)
FNF:34
FNH:30
FNDA:23,(anonymous_0)
FNDA:258,(anonymous_1)
FNDA:604,(anonymous_2)
FNDA:596,(anonymous_3)
FNDA:604,(anonymous_4)
FNDA:604,(anonymous_5)
FNDA:604,(anonymous_6)
FNDA:604,(anonymous_7)
FNDA:604,(anonymous_8)
FNDA:593,(anonymous_9)
FNDA:30,(anonymous_10)
FNDA:0,(anonymous_11)
FNDA:628,(anonymous_12)
FNDA:60,(anonymous_13)
FNDA:30,(anonymous_14)
FNDA:628,(anonymous_15)
FNDA:628,(anonymous_16)
FNDA:617,(anonymous_17)
FNDA:2,(anonymous_18)
FNDA:628,(anonymous_19)
FNDA:4,(anonymous_20)
FNDA:12,(anonymous_21)
FNDA:2,(anonymous_22)
FNDA:4,(anonymous_23)
FNDA:4,(anonymous_24)
FNDA:0,hanldeApplyPromoInput
FNDA:628,(anonymous_26)
FNDA:6,(anonymous_27)
FNDA:352,(anonymous_28)
FNDA:2,(anonymous_29)
FNDA:64,(anonymous_30)
FNDA:0,(anonymous_31)
FNDA:0,(anonymous_32)
FNDA:11,(anonymous_33)
DA:1,184
DA:32,23
DA:39,23
DA:53,258
DA:55,258
DA:56,604
DA:58,596
DA:59,258
DA:60,604
DA:63,258
DA:64,604
DA:67,258
DA:70,258
DA:71,604
DA:74,258
DA:75,604
DA:78,604
DA:79,593
DA:80,258
DA:82,258
DA:83,30
DA:85,30
DA:87,8
DA:89,8
DA:91,8
DA:92,8
DA:93,8
DA:94,8
DA:95,8
DA:96,8
DA:97,8
DA:99,8
DA:101,8
DA:102,0
DA:112,8
DA:120,8
DA:133,258
DA:134,0
DA:137,258
DA:138,628
DA:141,258
DA:142,60
DA:145,258
DA:150,258
DA:151,30
DA:154,258
DA:155,628
DA:156,628
DA:157,617
DA:159,258
DA:163,2
DA:164,2
DA:167,2
DA:170,2
DA:173,2
DA:176,258
DA:177,628
DA:179,258
DA:180,4
DA:181,4
DA:182,4
DA:183,12
DA:186,4
DA:189,258
DA:190,2
DA:191,2
DA:192,2
DA:193,2
DA:194,2
DA:195,2
DA:196,2
DA:197,2
DA:198,2
DA:199,2
DA:200,2
DA:201,2
DA:202,2
DA:203,2
DA:204,2
DA:206,2
DA:208,2
DA:209,2
DA:214,2
DA:215,0
DA:216,0
DA:218,2
DA:219,2
DA:224,2
DA:225,2
DA:226,2
DA:227,2
DA:228,2
DA:229,2
DA:230,2
DA:234,258
DA:235,4
DA:241,258
DA:242,4
DA:249,258
DA:252,0
DA:253,0
DA:254,0
DA:255,0
DA:257,0
DA:258,0
DA:262,628
DA:264,258
DA:296,6
DA:378,352
DA:400,2
DA:410,64
DA:417,0
DA:435,0
DA:448,23
DA:450,23
LF:115
LH:103
BRDA:1,0,0,23
BRDA:1,0,1,0
BRDA:1,1,0,23
BRDA:1,2,0,23
BRDA:1,2,1,23
BRDA:85,3,0,8
BRDA:94,4,0,8
BRDA:94,5,0,8
BRDA:94,5,1,8
BRDA:101,6,0,0
BRDA:181,7,0,4
BRDA:203,8,0,2
BRDA:214,9,0,0
BRDA:214,9,1,2
BRDA:254,10,0,0
BRDA:280,11,0,258
BRDA:280,11,1,60
BRDA:302,12,0,44
BRDA:302,12,1,16
BRDA:313,13,0,44
BRDA:313,13,1,16
BRDA:324,14,0,60
BRDA:324,14,1,0
BRDA:324,15,0,60
BRDA:324,15,1,60
BRDA:336,16,0,0
BRDA:336,16,1,0
BRDA:344,17,0,0
BRDA:344,17,1,0
BRDA:363,18,0,60
BRDA:363,18,1,0
BRF:31
BRH:21
end_of_record
TN:
SF:src/components/RoomResults/FilterContainer.tsx
FN:1,(anonymous_0)
FN:7,FilterContainer
FN:15,handleBedDropDown
FN:19,handleRoomTypeDropDown
FN:23,handlePriceDropDown
FN:27,bedFilterHandler
FN:30,bedTypeOptionsHandler
FN:34,(anonymous_7)
FN:36,roomTypeFilterHandler
FN:40,(anonymous_9)
FN:42,(anonymous_10)
FN:44,priceTypeFilter
FN:48,roomTypeOptionHandler
FN:52,priceTypeOptionHandler
FN:56,(anonymous_14)
FN:68,(anonymous_15)
FN:73,(anonymous_16)
FN:75,(anonymous_17)
FN:89,(anonymous_18)
FN:94,(anonymous_19)
FN:96,(anonymous_20)
FN:110,(anonymous_21)
FN:115,(anonymous_22)
FN:117,(anonymous_23)
FN:7,(anonymous_24)
FNF:25
FNH:10
FNDA:23,(anonymous_0)
FNDA:277,FilterContainer
FNDA:0,handleBedDropDown
FNDA:0,handleRoomTypeDropDown
FNDA:0,handlePriceDropDown
FNDA:0,bedFilterHandler
FNDA:0,bedTypeOptionsHandler
FNDA:968,(anonymous_7)
FNDA:0,roomTypeFilterHandler
FNDA:968,(anonymous_9)
FNDA:968,(anonymous_10)
FNDA:0,priceTypeFilter
FNDA:0,roomTypeOptionHandler
FNDA:0,priceTypeOptionHandler
FNDA:968,(anonymous_14)
FNDA:8,(anonymous_15)
FNDA:0,(anonymous_16)
FNDA:0,(anonymous_17)
FNDA:8,(anonymous_18)
FNDA:0,(anonymous_19)
FNDA:0,(anonymous_20)
FNDA:12,(anonymous_21)
FNDA:0,(anonymous_22)
FNDA:0,(anonymous_23)
FNDA:11,(anonymous_24)
DA:1,207
DA:7,277
DA:9,277
DA:10,276
DA:11,276
DA:13,276
DA:16,0
DA:20,0
DA:24,0
DA:28,0
DA:31,0
DA:34,968
DA:37,0
DA:40,968
DA:42,968
DA:45,0
DA:49,0
DA:53,0
DA:56,968
DA:57,276
DA:69,8
DA:73,0
DA:75,0
DA:90,8
DA:94,0
DA:96,0
DA:111,12
DA:115,0
DA:117,0
DA:125,23
DA:127,23
LF:31
LH:16
BRDA:1,0,0,46
BRDA:1,0,1,23
BRDA:1,1,0,23
BRDA:60,2,0,4
BRDA:60,2,1,272
BRDA:64,3,0,0
BRDA:64,3,1,276
BRDA:67,4,0,0
BRDA:67,4,1,276
BRDA:70,5,0,8
BRDA:70,5,1,0
BRDA:81,6,0,4
BRDA:81,6,1,272
BRDA:85,7,0,0
BRDA:85,7,1,276
BRDA:88,8,0,0
BRDA:88,8,1,276
BRDA:91,9,0,8
BRDA:91,9,1,0
BRDA:102,10,0,4
BRDA:102,10,1,272
BRDA:106,11,0,0
BRDA:106,11,1,276
BRDA:109,12,0,0
BRDA:109,12,1,276
BRDA:112,13,0,12
BRDA:112,13,1,0
BRF:27
BRH:18
end_of_record
TN:
SF:src/components/RoomResults/IteanaryContainer.tsx
FN:1,(anonymous_0)
FN:28,(anonymous_1)
FN:41,(anonymous_2)
FN:46,(anonymous_3)
FN:50,handleRemoveButton
FN:56,(anonymous_5)
FN:60,(anonymous_6)
FN:64,(anonymous_7)
FN:67,(anonymous_8)
FN:71,(anonymous_9)
FN:76,(anonymous_10)
FN:80,handlePromoClick
FN:83,handlePriceClick
FN:86,(anonymous_13)
FN:105,(anonymous_14)
FN:109,(anonymous_15)
FN:116,(anonymous_16)
FN:119,(anonymous_17)
FN:122,(anonymous_18)
FN:129,(anonymous_19)
FN:136,(anonymous_20)
FN:152,(anonymous_21)
FN:153,(anonymous_22)
FN:154,(anonymous_23)
FN:156,(anonymous_24)
FN:158,(anonymous_25)
FN:159,(anonymous_26)
FN:161,(anonymous_27)
FN:195,(anonymous_28)
FN:197,(anonymous_29)
FN:41,(anonymous_30)
FNF:31
FNH:28
FNDA:46,(anonymous_0)
FNDA:208,(anonymous_1)
FNDA:266,(anonymous_2)
FNDA:740,(anonymous_3)
FNDA:0,handleRemoveButton
FNDA:740,(anonymous_5)
FNDA:740,(anonymous_6)
FNDA:740,(anonymous_7)
FNDA:740,(anonymous_8)
FNDA:740,(anonymous_9)
FNDA:740,(anonymous_10)
FNDA:0,handlePromoClick
FNDA:0,handlePriceClick
FNDA:266,(anonymous_13)
FNDA:82,(anonymous_14)
FNDA:740,(anonymous_15)
FNDA:740,(anonymous_16)
FNDA:38,(anonymous_17)
FNDA:48,(anonymous_18)
FNDA:30,(anonymous_19)
FNDA:30,(anonymous_20)
FNDA:734,(anonymous_21)
FNDA:734,(anonymous_22)
FNDA:734,(anonymous_23)
FNDA:734,(anonymous_24)
FNDA:734,(anonymous_25)
FNDA:672,(anonymous_26)
FNDA:30,(anonymous_27)
FNDA:686,(anonymous_28)
FNDA:686,(anonymous_29)
FNDA:11,(anonymous_30)
DA:1,207
DA:28,23
DA:29,208
DA:35,23
DA:41,23
DA:44,266
DA:45,266
DA:46,740
DA:48,266
DA:51,0
DA:52,0
DA:55,266
DA:56,740
DA:59,266
DA:60,740
DA:63,266
DA:64,740
DA:66,266
DA:67,740
DA:70,266
DA:71,740
DA:74,266
DA:75,266
DA:76,740
DA:78,266
DA:81,0
DA:84,0
DA:86,266
DA:90,266
DA:91,266
DA:93,266
DA:94,266
DA:95,266
DA:96,266
DA:97,266
DA:99,266
DA:102,266
DA:103,266
DA:105,266
DA:106,82
DA:108,266
DA:109,740
DA:112,266
DA:113,266
DA:115,266
DA:116,740
DA:119,266
DA:120,38
DA:121,38
DA:122,16
DA:123,48
DA:126,38
DA:129,266
DA:130,30
DA:132,30
DA:133,30
DA:136,266
DA:140,30
DA:141,30
DA:144,30
DA:147,30
DA:150,30
DA:152,734
DA:153,734
DA:154,734
DA:155,266
DA:156,734
DA:158,734
DA:159,672
DA:161,266
DA:162,30
DA:163,30
DA:164,30
DA:166,30
DA:167,8
DA:169,8
DA:171,8
DA:177,8
DA:178,0
DA:179,0
DA:181,8
DA:183,8
DA:187,8
DA:188,8
DA:189,8
DA:190,8
DA:191,8
DA:192,8
DA:195,686
DA:197,686
DA:199,266
DA:411,23
DA:413,46
LF:93
LH:87
BRDA:1,0,0,23
BRDA:1,0,1,0
BRDA:1,1,0,23
BRDA:1,2,0,23
BRDA:1,2,1,23
BRDA:106,3,0,82
BRDA:106,3,1,0
BRDA:121,4,0,16
BRDA:166,5,0,8
BRDA:177,6,0,0
BRDA:177,6,1,8
BRDA:202,7,0,32
BRDA:202,7,1,234
BRDA:222,8,0,32
BRDA:222,8,1,234
BRDA:224,9,0,32
BRDA:224,9,1,234
BRDA:230,10,0,266
BRDA:230,10,1,82
BRDA:233,11,0,32
BRDA:233,11,1,234
BRF:21
BRH:18
end_of_record
TN:
SF:src/components/RoomResults/MobileFilterComponent.tsx
FN:1,(anonymous_0)
FN:5,MobileFilterComponent
FN:9,handleMobileFilterDropDown
FNF:3
FNH:2
FNDA:23,(anonymous_0)
FNDA:137,MobileFilterComponent
FNDA:0,handleMobileFilterDropDown
DA:1,207
DA:5,137
DA:7,137
DA:10,0
DA:12,136
DA:28,23
DA:30,23
LF:7
LH:6
BRDA:1,0,0,46
BRDA:1,0,1,23
BRDA:1,1,0,23
BRDA:19,2,0,0
BRDA:19,2,1,136
BRDA:22,3,0,0
BRDA:22,3,1,136
BRF:7
BRH:5
end_of_record
TN:
SF:src/components/RoomResults/MobileItenary.tsx
FN:1,(anonymous_0)
FN:10,(anonymous_1)
FN:13,handleMobileFilterDropDown
FNF:3
FNH:2
FNDA:23,(anonymous_0)
FNDA:4,(anonymous_1)
FNDA:0,handleMobileFilterDropDown
DA:1,207
DA:10,23
DA:11,4
DA:14,0
DA:17,4
DA:44,23
DA:46,23
LF:7
LH:6
BRDA:1,0,0,46
BRDA:1,0,1,23
BRDA:1,1,0,23
BRDA:27,2,0,0
BRDA:27,2,1,4
BRDA:35,3,0,0
BRDA:35,3,1,4
BRF:7
BRH:5
end_of_record
TN:
SF:src/components/RoomResults/RoomResults.tsx
FN:1,(anonymous_0)
FN:40,RoomResults
FN:47,(anonymous_2)
FN:51,(anonymous_3)
FN:64,(anonymous_4)
FN:67,(anonymous_5)
FN:72,(anonymous_6)
FN:74,handlePriceDropDown
FN:78,handleSortOptions
FN:86,(anonymous_9)
FN:90,(anonymous_10)
FN:93,(anonymous_11)
FN:96,(anonymous_12)
FN:100,(anonymous_13)
FN:107,(anonymous_14)
FN:111,(anonymous_15)
FN:117,(anonymous_16)
FN:120,(anonymous_17)
FN:123,(anonymous_18)
FN:124,(anonymous_19)
FN:127,isValidDate
FN:133,isCheckInBeforeCheckOut
FN:138,isWithin14Days
FN:150,(anonymous_23)
FN:154,(anonymous_24)
FN:156,(anonymous_25)
FN:316,(anonymous_26)
FN:323,(anonymous_27)
FN:325,(anonymous_28)
FN:329,(anonymous_29)
FN:351,(anonymous_30)
FN:353,(anonymous_31)
FN:382,(anonymous_32)
FN:384,(anonymous_33)
FN:429,(anonymous_34)
FN:448,(anonymous_35)
FN:484,(anonymous_36)
FN:494,(anonymous_37)
FN:504,(anonymous_38)
FN:40,(anonymous_39)
FNF:40
FNH:28
FNDA:23,(anonymous_0)
FNDA:163,RoomResults
FNDA:522,(anonymous_2)
FNDA:0,(anonymous_3)
FNDA:522,(anonymous_4)
FNDA:522,(anonymous_5)
FNDA:522,(anonymous_6)
FNDA:0,handlePriceDropDown
FNDA:0,handleSortOptions
FNDA:522,(anonymous_9)
FNDA:522,(anonymous_10)
FNDA:522,(anonymous_11)
FNDA:522,(anonymous_12)
FNDA:522,(anonymous_13)
FNDA:522,(anonymous_14)
FNDA:522,(anonymous_15)
FNDA:522,(anonymous_16)
FNDA:522,(anonymous_17)
FNDA:522,(anonymous_18)
FNDA:511,(anonymous_19)
FNDA:44,isValidDate
FNDA:22,isCheckInBeforeCheckOut
FNDA:22,isWithin14Days
FNDA:522,(anonymous_23)
FNDA:522,(anonymous_24)
FNDA:22,(anonymous_25)
FNDA:522,(anonymous_26)
FNDA:522,(anonymous_27)
FNDA:0,(anonymous_28)
FNDA:0,(anonymous_29)
FNDA:514,(anonymous_30)
FNDA:0,(anonymous_31)
FNDA:456,(anonymous_32)
FNDA:0,(anonymous_33)
FNDA:0,(anonymous_34)
FNDA:0,(anonymous_35)
FNDA:0,(anonymous_36)
FNDA:0,(anonymous_37)
FNDA:0,(anonymous_38)
FNDA:11,(anonymous_39)
DA:1,207
DA:33,23
DA:40,163
DA:41,163
DA:46,163
DA:47,522
DA:51,152
DA:55,0
DA:56,0
DA:57,0
DA:60,0
DA:63,152
DA:64,522
DA:66,152
DA:67,522
DA:69,152
DA:70,152
DA:71,152
DA:72,522
DA:75,0
DA:81,0
DA:82,0
DA:85,152
DA:86,522
DA:89,152
DA:90,522
DA:92,152
DA:93,522
DA:95,152
DA:96,522
DA:99,152
DA:100,522
DA:106,152
DA:107,522
DA:110,152
DA:111,522
DA:114,152
DA:116,152
DA:117,522
DA:119,152
DA:120,522
DA:123,522
DA:124,511
DA:128,44
DA:129,44
DA:134,22
DA:139,22
DA:140,22
DA:144,22
DA:149,152
DA:150,522
DA:153,152
DA:154,522
DA:156,152
DA:157,22
DA:158,22
DA:160,22
DA:162,22
DA:166,0
DA:167,0
DA:170,22
DA:171,0
DA:172,0
DA:176,22
DA:177,22
DA:178,22
DA:180,22
DA:181,22
DA:186,0
DA:187,0
DA:192,22
DA:199,0
DA:202,22
DA:203,0
DA:206,22
DA:207,22
DA:209,0
DA:214,22
DA:215,22
DA:220,0
DA:223,22
DA:224,0
DA:238,22
DA:239,0
DA:240,0
DA:244,22
DA:245,0
DA:246,0
DA:250,22
DA:251,22
DA:252,22
DA:253,22
DA:254,0
DA:256,22
DA:257,22
DA:258,22
DA:259,22
DA:261,22
DA:262,22
DA:264,22
DA:265,0
DA:270,22
DA:272,22
DA:289,22
DA:291,22
DA:292,0
DA:295,22
DA:297,22
DA:315,152
DA:316,522
DA:321,152
DA:322,152
DA:323,522
DA:325,152
DA:326,0
DA:329,152
DA:331,0
DA:333,0
DA:334,0
DA:336,0
DA:337,0
DA:339,0
DA:340,0
DA:342,0
DA:344,0
DA:346,0
DA:350,152
DA:351,514
DA:353,152
DA:354,0
DA:355,0
DA:356,0
DA:358,152
DA:384,456
DA:429,0
DA:448,0
DA:484,0
DA:494,0
DA:504,0
DA:556,23
DA:558,23
LF:141
LH:97
BRDA:1,0,0,46
BRDA:1,0,1,23
BRDA:1,1,0,23
BRDA:56,2,0,0
BRDA:162,3,0,0
BRDA:162,4,0,22
BRDA:162,4,1,0
BRDA:162,4,2,22
BRDA:162,4,3,22
BRDA:170,5,0,0
BRDA:170,6,0,22
BRDA:170,6,1,22
BRDA:170,6,2,22
BRDA:181,7,0,0
BRDA:182,8,0,22
BRDA:182,8,1,0
BRDA:182,8,2,0
BRDA:192,9,0,0
BRDA:193,10,0,22
BRDA:193,10,1,22
BRDA:193,10,2,22
BRDA:193,10,3,22
BRDA:202,11,0,0
BRDA:206,12,0,22
BRDA:206,12,1,0
BRDA:214,13,0,22
BRDA:214,13,1,0
BRDA:223,14,0,0
BRDA:223,15,0,22
BRDA:223,15,1,22
BRDA:238,16,0,0
BRDA:239,17,0,0
BRDA:239,18,0,0
BRDA:239,18,1,0
BRDA:244,19,0,0
BRDA:245,20,0,0
BRDA:245,21,0,0
BRDA:245,21,1,0
BRDA:253,22,0,0
BRDA:253,23,0,22
BRDA:253,23,1,22
BRDA:258,24,0,22
BRDA:264,25,0,0
BRDA:291,26,0,0
BRDA:331,27,0,0
BRDA:331,27,1,0
BRDA:331,27,2,0
BRDA:331,27,3,0
BRDA:339,28,0,0
BRDA:368,29,0,0
BRDA:368,29,1,152
BRDA:398,30,0,0
BRDA:398,30,1,152
BRDA:470,31,0,0
BRDA:470,31,1,152
BRDA:479,32,0,0
BRDA:479,32,1,152
BRDA:519,33,0,0
BRDA:519,33,1,152
BRDA:525,34,0,44
BRDA:525,34,1,108
BRDA:531,35,0,108
BRDA:531,35,1,44
BRF:63
BRH:30
end_of_record
TN:
SF:src/components/RoomResults/SearchComponent.tsx
FN:1,(anonymous_0)
FN:25,SearchComponent
FN:27,(anonymous_2)
FN:30,(anonymous_3)
FN:35,(anonymous_4)
FN:40,(anonymous_5)
FN:43,(anonymous_6)
FN:69,(anonymous_7)
FN:73,(anonymous_8)
FN:80,(anonymous_9)
FN:98,(anonymous_10)
FN:109,(anonymous_11)
FN:117,(anonymous_12)
FN:123,(anonymous_13)
FN:126,(anonymous_14)
FN:152,(anonymous_15)
FN:156,(anonymous_16)
FN:159,(anonymous_17)
FN:175,(anonymous_18)
FN:180,(anonymous_19)
FN:190,(anonymous_20)
FN:201,(anonymous_21)
FN:208,(anonymous_22)
FN:220,guestClickHandler
FN:226,incrementCounterFunction
FN:241,decrementCounterFunction
FN:255,roomDropDownClickHandler
FN:261,bedsDropDownClickHandler
FN:267,(anonymous_28)
FN:271,(anonymous_29)
FN:283,(anonymous_30)
FN:311,selectBedsHandler
FN:318,selectRoomHandler
FN:339,roomCalendarHandler
FN:349,(anonymous_34)
FN:352,(anonymous_35)
FN:354,searchDatesHandler
FN:375,(anonymous_37)
FN:395,(anonymous_38)
FN:413,(anonymous_39)
FN:415,(anonymous_40)
FN:476,(anonymous_41)
FN:477,(anonymous_42)
FN:489,(anonymous_43)
FN:500,(anonymous_44)
FN:549,(anonymous_45)
FN:553,(anonymous_46)
FN:587,(anonymous_47)
FN:591,(anonymous_48)
FN:25,(anonymous_49)
FNF:50
FNH:31
FNDA:23,(anonymous_0)
FNDA:185,SearchComponent
FNDA:528,(anonymous_2)
FNDA:528,(anonymous_3)
FNDA:528,(anonymous_4)
FNDA:528,(anonymous_5)
FNDA:528,(anonymous_6)
FNDA:528,(anonymous_7)
FNDA:528,(anonymous_8)
FNDA:22,(anonymous_9)
FNDA:209,(anonymous_10)
FNDA:132,(anonymous_11)
FNDA:33,(anonymous_12)
FNDA:2,(anonymous_13)
FNDA:2,(anonymous_14)
FNDA:33,(anonymous_15)
FNDA:33,(anonymous_16)
FNDA:11,(anonymous_17)
FNDA:33,(anonymous_18)
FNDA:33,(anonymous_19)
FNDA:33,(anonymous_20)
FNDA:0,(anonymous_21)
FNDA:0,(anonymous_22)
FNDA:0,guestClickHandler
FNDA:0,incrementCounterFunction
FNDA:0,decrementCounterFunction
FNDA:0,roomDropDownClickHandler
FNDA:0,bedsDropDownClickHandler
FNDA:0,(anonymous_28)
FNDA:0,(anonymous_29)
FNDA:0,(anonymous_30)
FNDA:0,selectBedsHandler
FNDA:0,selectRoomHandler
FNDA:0,roomCalendarHandler
FNDA:539,(anonymous_34)
FNDA:528,(anonymous_35)
FNDA:0,searchDatesHandler
FNDA:0,(anonymous_37)
FNDA:10,(anonymous_38)
FNDA:22,(anonymous_39)
FNDA:16,(anonymous_40)
FNDA:6,(anonymous_41)
FNDA:6,(anonymous_42)
FNDA:0,(anonymous_43)
FNDA:0,(anonymous_44)
FNDA:546,(anonymous_45)
FNDA:0,(anonymous_46)
FNDA:546,(anonymous_47)
FNDA:0,(anonymous_48)
FNDA:11,(anonymous_49)
DA:1,184
DA:25,185
DA:26,185
DA:27,528
DA:29,182
DA:30,528
DA:32,182
DA:34,182
DA:35,528
DA:37,182
DA:39,182
DA:40,528
DA:42,182
DA:43,528
DA:46,182
DA:48,182
DA:50,182
DA:52,182
DA:55,182
DA:66,182
DA:68,182
DA:69,528
DA:72,182
DA:73,528
DA:77,182
DA:78,182
DA:80,182
DA:82,22
DA:84,176
DA:87,176
DA:98,209
DA:102,66
DA:109,132
DA:117,182
DA:118,33
DA:124,2
DA:127,2
DA:129,33
DA:130,11
DA:134,33
DA:137,33
DA:141,33
DA:146,0
DA:152,182
DA:153,33
DA:154,33
DA:155,33
DA:156,33
DA:159,33
DA:160,11
DA:161,11
DA:162,11
DA:164,0
DA:167,11
DA:168,0
DA:172,33
DA:175,182
DA:177,33
DA:178,11
DA:180,11
DA:181,33
DA:182,33
DA:187,11
DA:190,11
DA:192,33
DA:194,33
DA:200,182
DA:201,182
DA:202,0
DA:208,182
DA:209,0
DA:210,0
DA:211,0
DA:214,0
DA:221,0
DA:222,0
DA:223,0
DA:224,0
DA:229,0
DA:230,0
DA:231,0
DA:233,0
DA:235,0
DA:237,0
DA:244,0
DA:245,0
DA:246,0
DA:247,0
DA:249,0
DA:250,0
DA:251,0
DA:256,0
DA:257,0
DA:258,0
DA:259,0
DA:262,0
DA:263,0
DA:264,0
DA:265,0
DA:267,182
DA:268,0
DA:271,182
DA:275,0
DA:276,0
DA:277,0
DA:280,0
DA:281,0
DA:283,182
DA:287,0
DA:288,0
DA:289,0
DA:292,0
DA:296,182
DA:314,0
DA:315,0
DA:319,0
DA:322,0
DA:323,0
DA:324,0
DA:329,0
DA:331,0
DA:332,0
DA:334,0
DA:335,0
DA:340,0
DA:341,0
DA:342,0
DA:343,0
DA:346,182
DA:348,182
DA:349,539
DA:351,182
DA:352,528
DA:355,0
DA:374,0
DA:375,0
DA:377,0
DA:379,0
DA:380,0
DA:381,0
DA:382,0
DA:383,0
DA:384,0
DA:387,182
DA:389,182
DA:391,182
DA:393,182
DA:395,182
DA:396,10
DA:400,10
DA:402,10
DA:403,10
DA:405,10
DA:406,10
DA:408,10
DA:409,10
DA:413,182
DA:414,22
DA:415,22
DA:416,16
DA:421,182
DA:476,6
DA:480,6
DA:481,6
DA:489,0
DA:500,0
DA:550,546
DA:553,0
DA:588,546
DA:591,0
DA:681,23
DA:683,23
LF:172
LH:100
BRDA:1,0,0,23
BRDA:1,0,1,0
BRDA:1,1,0,23
BRDA:1,2,0,23
BRDA:1,2,1,23
BRDA:87,3,0,110
BRDA:87,3,1,66
BRDA:102,4,0,66
BRDA:103,5,0,66
BRDA:103,5,1,44
BRDA:103,5,2,22
BRDA:103,5,3,0
BRDA:118,6,0,33
BRDA:118,6,1,11
BRDA:129,7,0,11
BRDA:134,8,0,33
BRDA:134,8,1,11
BRDA:137,9,0,33
BRDA:137,9,1,11
BRDA:141,10,0,0
BRDA:142,11,0,33
BRDA:142,11,1,0
BRDA:142,11,2,0
BRDA:161,12,0,11
BRDA:161,12,1,0
BRDA:167,13,0,0
BRDA:177,14,0,11
BRDA:181,15,0,33
BRDA:192,16,0,33
BRDA:209,17,0,0
BRDA:210,18,0,0
BRDA:229,19,0,0
BRDA:229,19,1,0
BRDA:230,20,0,0
BRDA:230,20,1,0
BRDA:244,21,0,0
BRDA:244,21,1,0
BRDA:245,22,0,0
BRDA:249,23,0,0
BRDA:276,24,0,0
BRDA:288,25,0,0
BRDA:319,26,0,0
BRDA:319,26,1,0
BRDA:362,27,0,0
BRDA:362,27,1,0
BRDA:363,28,0,0
BRDA:363,28,1,0
BRDA:365,29,0,0
BRDA:365,29,1,0
BRDA:370,30,0,0
BRDA:370,30,1,0
BRDA:396,31,0,10
BRDA:397,32,0,10
BRDA:397,32,1,10
BRDA:402,33,0,10
BRDA:402,34,0,10
BRDA:402,34,1,10
BRDA:405,35,0,10
BRDA:405,36,0,10
BRDA:405,36,1,10
BRDA:408,37,0,10
BRDA:408,38,0,10
BRDA:408,38,1,10
BRDA:462,39,0,0
BRDA:462,39,1,182
BRDA:472,40,0,0
BRDA:472,40,1,182
BRDA:537,41,0,0
BRDA:537,41,1,182
BRDA:546,42,0,0
BRDA:546,42,1,182
BRDA:575,43,0,0
BRDA:575,43,1,182
BRDA:584,44,0,0
BRDA:584,44,1,182
BRDA:616,45,0,138
BRDA:616,45,1,44
BRDA:638,46,0,138
BRDA:638,46,1,44
BRDA:650,47,0,0
BRDA:650,47,1,182
BRDA:661,48,0,0
BRDA:661,48,1,182
BRF:83
BRH:46
end_of_record
TN:
SF:src/config/msalConfig.tsx
FNF:0
FNH:0
DA:1,23
LF:1
LH:1
BRF:0
BRH:0
end_of_record
TN:
SF:src/constants/routes/routes.ts
FN:20,(anonymous_0)
FNF:1
FNH:0
FNDA:0,(anonymous_0)
DA:17,23
DA:18,23
DA:19,23
DA:20,23
DA:21,23
DA:22,23
DA:23,23
DA:24,23
DA:25,23
DA:26,23
DA:27,23
DA:28,23
DA:29,23
LF:13
LH:13
BRF:0
BRH:0
end_of_record
TN:
SF:src/redux/slice/BookingSlice.ts
FN:105,(anonymous_0)
FN:109,(anonymous_1)
FN:115,(anonymous_2)
FN:116,(anonymous_3)
FN:120,(anonymous_4)
FN:126,(anonymous_5)
FN:131,(anonymous_6)
FN:136,(anonymous_7)
FN:141,(anonymous_8)
FN:146,(anonymous_9)
FN:152,(anonymous_10)
FN:159,(anonymous_11)
FN:165,(anonymous_12)
FN:171,(anonymous_13)
FN:177,(anonymous_14)
FN:184,(anonymous_15)
FN:189,(anonymous_16)
FN:194,(anonymous_17)
FN:199,(anonymous_18)
FNF:19
FNH:3
FNDA:0,(anonymous_0)
FNDA:0,(anonymous_1)
FNDA:23,(anonymous_2)
FNDA:2,(anonymous_3)
FNDA:2,(anonymous_4)
FNDA:0,(anonymous_5)
FNDA:0,(anonymous_6)
FNDA:0,(anonymous_7)
FNDA:0,(anonymous_8)
FNDA:0,(anonymous_9)
FNDA:0,(anonymous_10)
FNDA:0,(anonymous_11)
FNDA:0,(anonymous_12)
FNDA:0,(anonymous_13)
FNDA:0,(anonymous_14)
FNDA:0,(anonymous_15)
FNDA:0,(anonymous_16)
FNDA:0,(anonymous_17)
FNDA:0,(anonymous_18)
DA:88,23
DA:101,23
DA:106,0
DA:110,0
DA:116,23
DA:117,2
DA:120,23
DA:121,2
DA:122,2
DA:123,2
DA:126,23
DA:127,0
DA:128,0
DA:131,23
DA:132,0
DA:133,0
DA:136,23
DA:137,0
DA:138,0
DA:139,0
DA:141,23
DA:142,0
DA:143,0
DA:146,23
DA:147,0
DA:148,0
DA:149,0
DA:152,23
DA:153,0
DA:154,0
DA:155,0
DA:156,0
DA:159,23
DA:160,0
DA:161,0
DA:162,0
DA:165,23
DA:166,0
DA:167,0
DA:168,0
DA:171,23
DA:172,0
DA:173,0
DA:174,0
DA:177,23
DA:178,0
DA:179,0
DA:180,0
DA:184,23
DA:185,0
DA:186,0
DA:189,23
DA:190,0
DA:191,0
DA:194,23
DA:195,0
DA:196,0
DA:199,23
DA:200,0
DA:201,0
DA:207,23
DA:209,23
LF:62
LH:24
BRF:0
BRH:0
end_of_record
TN:
SF:src/redux/slice/ItineararySlice.ts
FN:83,(anonymous_0)
FN:86,(anonymous_1)
FN:89,(anonymous_2)
FN:92,(anonymous_3)
FN:95,(anonymous_4)
FN:98,(anonymous_5)
FN:101,(anonymous_6)
FN:104,(anonymous_7)
FN:107,(anonymous_8)
FN:110,(anonymous_9)
FN:113,(anonymous_10)
FN:116,(anonymous_11)
FN:119,(anonymous_12)
FN:122,(anonymous_13)
FN:125,(anonymous_14)
FN:128,(anonymous_15)
FN:131,(anonymous_16)
FN:134,(anonymous_17)
FN:137,(anonymous_18)
FN:141,(anonymous_19)
FN:143,(anonymous_20)
FN:147,(anonymous_21)
FN:152,(anonymous_22)
FNF:23
FNH:16
FNDA:178,(anonymous_0)
FNDA:2,(anonymous_1)
FNDA:2,(anonymous_2)
FNDA:2,(anonymous_3)
FNDA:0,(anonymous_4)
FNDA:2,(anonymous_5)
FNDA:10,(anonymous_6)
FNDA:10,(anonymous_7)
FNDA:10,(anonymous_8)
FNDA:10,(anonymous_9)
FNDA:10,(anonymous_10)
FNDA:2,(anonymous_11)
FNDA:0,(anonymous_12)
FNDA:0,(anonymous_13)
FNDA:0,(anonymous_14)
FNDA:0,(anonymous_15)
FNDA:40,(anonymous_16)
FNDA:2,(anonymous_17)
FNDA:0,(anonymous_18)
FNDA:23,(anonymous_19)
FNDA:10,(anonymous_20)
FNDA:10,(anonymous_21)
FNDA:0,(anonymous_22)
DA:44,23
DA:79,23
DA:84,178
DA:87,2
DA:90,2
DA:93,2
DA:96,0
DA:99,2
DA:102,10
DA:105,10
DA:108,10
DA:111,10
DA:114,10
DA:117,2
DA:120,0
DA:123,0
DA:126,0
DA:129,0
DA:132,40
DA:135,2
DA:138,0
DA:142,23
DA:144,10
DA:145,10
DA:148,10
DA:149,10
DA:150,10
DA:153,0
DA:154,0
DA:179,23
DA:181,23
LF:31
LH:23
BRDA:154,0,0,0
BRDA:154,0,1,0
BRF:2
BRH:0
end_of_record
TN:
SF:src/redux/slice/LandingPageSlice.ts
FN:71,(anonymous_0)
FN:74,(anonymous_1)
FN:77,(anonymous_2)
FN:80,(anonymous_3)
FN:83,(anonymous_4)
FN:86,(anonymous_5)
FN:89,(anonymous_6)
FN:98,(anonymous_7)
FN:101,(anonymous_8)
FN:104,(anonymous_9)
FN:111,(anonymous_10)
FN:114,(anonymous_11)
FN:117,(anonymous_12)
FN:120,(anonymous_13)
FN:123,(anonymous_14)
FN:126,(anonymous_15)
FN:129,(anonymous_16)
FN:132,(anonymous_17)
FN:136,(anonymous_18)
FN:138,(anonymous_19)
FN:143,(anonymous_20)
FN:148,(anonymous_21)
FN:154,(anonymous_22)
FN:161,(anonymous_23)
FN:169,(anonymous_24)
FN:176,(anonymous_25)
FN:183,(anonymous_26)
FNF:27
FNH:20
FNDA:1,(anonymous_0)
FNDA:1,(anonymous_1)
FNDA:0,(anonymous_2)
FNDA:0,(anonymous_3)
FNDA:13,(anonymous_4)
FNDA:33,(anonymous_5)
FNDA:33,(anonymous_6)
FNDA:11,(anonymous_7)
FNDA:0,(anonymous_8)
FNDA:2,(anonymous_9)
FNDA:0,(anonymous_10)
FNDA:14,(anonymous_11)
FNDA:13,(anonymous_12)
FNDA:15,(anonymous_13)
FNDA:15,(anonymous_14)
FNDA:0,(anonymous_15)
FNDA:11,(anonymous_16)
FNDA:11,(anonymous_17)
FNDA:23,(anonymous_18)
FNDA:46,(anonymous_19)
FNDA:25,(anonymous_20)
FNDA:0,(anonymous_21)
FNDA:38,(anonymous_22)
FNDA:40,(anonymous_23)
FNDA:23,(anonymous_24)
FNDA:40,(anonymous_25)
FNDA:0,(anonymous_26)
DA:18,23
DA:67,23
DA:72,1
DA:75,1
DA:78,0
DA:81,0
DA:84,13
DA:87,33
DA:93,33
DA:99,11
DA:102,0
DA:108,2
DA:109,2
DA:112,0
DA:115,14
DA:118,13
DA:121,15
DA:124,15
DA:127,0
DA:130,11
DA:133,11
DA:137,23
DA:139,46
DA:144,25
DA:145,25
DA:149,0
DA:152,23
DA:155,38
DA:159,23
DA:162,40
DA:163,40
DA:167,23
DA:170,23
DA:174,23
DA:177,40
DA:181,23
DA:184,0
DA:209,23
DA:210,23
LF:39
LH:32
BRF:0
BRH:0
end_of_record
TN:
SF:src/redux/slice/RoomPageSlice.ts
FN:93,(anonymous_0)
FN:97,(anonymous_1)
FN:101,(anonymous_2)
FN:104,(anonymous_3)
FN:107,(anonymous_4)
FN:110,(anonymous_5)
FN:114,(anonymous_6)
FN:121,(anonymous_7)
FN:124,(anonymous_8)
FN:130,(anonymous_9)
FN:133,(anonymous_10)
FN:137,(anonymous_11)
FN:139,(anonymous_12)
FN:142,(anonymous_13)
FN:148,(anonymous_14)
FN:153,(anonymous_15)
FN:157,(anonymous_16)
FN:163,(anonymous_17)
FN:169,(anonymous_18)
FN:174,(anonymous_19)
FN:178,(anonymous_20)
FN:208,(anonymous_21)
FNF:22
FNH:9
FNDA:0,(anonymous_0)
FNDA:0,(anonymous_1)
FNDA:0,(anonymous_2)
FNDA:0,(anonymous_3)
FNDA:0,(anonymous_4)
FNDA:8,(anonymous_5)
FNDA:0,(anonymous_6)
FNDA:0,(anonymous_7)
FNDA:0,(anonymous_8)
FNDA:0,(anonymous_9)
FNDA:16,(anonymous_10)
FNDA:23,(anonymous_11)
FNDA:22,(anonymous_12)
FNDA:22,(anonymous_13)
FNDA:0,(anonymous_14)
FNDA:8,(anonymous_15)
FNDA:8,(anonymous_16)
FNDA:8,(anonymous_17)
FNDA:22,(anonymous_18)
FNDA:0,(anonymous_19)
FNDA:0,(anonymous_20)
FNDA:0,(anonymous_21)
DA:56,23
DA:89,23
DA:94,0
DA:95,0
DA:98,0
DA:99,0
DA:102,0
DA:105,0
DA:108,0
DA:111,8
DA:112,8
DA:116,0
DA:117,0
DA:122,0
DA:125,0
DA:131,0
DA:134,16
DA:138,23
DA:140,22
DA:143,22
DA:144,22
DA:145,22
DA:146,22
DA:149,0
DA:150,0
DA:153,23
DA:154,8
DA:155,8
DA:157,23
DA:158,8
DA:161,23
DA:164,8
DA:169,23
DA:170,22
DA:171,22
DA:174,23
DA:175,0
DA:177,0
DA:179,0
DA:182,0
DA:183,0
DA:198,0
DA:199,0
DA:201,0
DA:202,0
DA:205,0
DA:208,23
DA:209,0
DA:210,0
DA:211,0
DA:228,23
DA:229,23
LF:52
LH:25
BRDA:182,0,0,0
BRDA:182,0,1,0
BRF:2
BRH:0
end_of_record
TN:
SF:src/redux/slice/RoomSearchSlice.ts
FN:38,(anonymous_0)
FN:41,(anonymous_1)
FN:44,(anonymous_2)
FN:47,(anonymous_3)
FN:50,(anonymous_4)
FN:52,(anonymous_5)
FN:59,(anonymous_6)
FN:61,(anonymous_7)
FN:67,(anonymous_8)
FN:75,(anonymous_9)
FN:79,(anonymous_10)
FN:82,(anonymous_11)
FN:85,(anonymous_12)
FN:88,(anonymous_13)
FN:91,(anonymous_14)
FNF:15
FNH:5
FNDA:0,(anonymous_0)
FNDA:10,(anonymous_1)
FNDA:24,(anonymous_2)
FNDA:2,(anonymous_3)
FNDA:0,(anonymous_4)
FNDA:0,(anonymous_5)
FNDA:0,(anonymous_6)
FNDA:0,(anonymous_7)
FNDA:0,(anonymous_8)
FNDA:0,(anonymous_9)
FNDA:0,(anonymous_10)
FNDA:0,(anonymous_11)
FNDA:0,(anonymous_12)
FNDA:10,(anonymous_13)
FNDA:8,(anonymous_14)
DA:19,23
DA:34,23
DA:39,0
DA:42,10
DA:45,24
DA:48,2
DA:51,0
DA:52,0
DA:55,0
DA:57,0
DA:60,0
DA:61,0
DA:64,0
DA:68,0
DA:69,0
DA:72,0
DA:76,0
DA:77,0
DA:80,0
DA:83,0
DA:86,0
DA:89,10
DA:92,8
DA:111,23
DA:112,23
LF:25
LH:9
BRDA:51,0,0,0
BRDA:51,0,1,0
BRDA:60,1,0,0
BRDA:60,1,1,0
BRDA:68,2,0,0
BRDA:68,2,1,0
BRF:6
BRH:0
end_of_record
TN:
SF:src/redux/store/store.ts
FN:20,(anonymous_0)
FNF:1
FNH:1
FNDA:23,(anonymous_0)
DA:12,23
DA:21,23
LF:2
LH:2
BRF:0
BRH:0
end_of_record
TN:
SF:src/redux/thunk/cancelBooking.ts
FN:5,(anonymous_0)
FNF:1
FNH:0
FNDA:0,(anonymous_0)
DA:3,23
DA:6,0
DA:7,0
DA:17,0
DA:18,0
DA:19,0
DA:20,0
DA:22,0
DA:24,0
LF:9
LH:1
BRDA:19,0,0,0
BRDA:19,1,0,0
BRDA:19,1,1,0
BRF:3
BRH:0
end_of_record
TN:
SF:src/redux/thunk/cancelBookingViaMail.ts
FN:5,(anonymous_0)
FNF:1
FNH:0
FNDA:0,(anonymous_0)
DA:3,23
DA:6,0
DA:7,0
DA:17,0
DA:18,0
DA:19,0
DA:20,0
DA:22,0
DA:24,0
LF:9
LH:1
BRDA:19,0,0,0
BRDA:19,1,0,0
BRDA:19,1,1,0
BRF:3
BRH:0
end_of_record
TN:
SF:src/redux/thunk/getBestPromotion.ts
FN:6,(anonymous_0)
FNF:1
FNH:1
FNDA:22,(anonymous_0)
DA:4,23
DA:19,22
DA:27,22
DA:28,22
DA:38,22
DA:39,22
DA:40,22
DA:42,0
LF:8
LH:7
BRF:0
BRH:0
end_of_record
TN:
SF:src/redux/thunk/getBooking.ts
FN:5,(anonymous_0)
FNF:1
FNH:1
FNDA:2,(anonymous_0)
DA:3,23
DA:6,2
DA:7,2
DA:9,2
DA:10,0
DA:12,2
DA:13,2
DA:15,0
DA:16,0
LF:9
LH:6
BRDA:9,0,0,0
BRF:1
BRH:0
end_of_record
TN:
SF:src/redux/thunk/getCurrentRoomConfigDetails.ts
FN:7,(anonymous_0)
FNF:1
FNH:1
FNDA:8,(anonymous_0)
DA:5,23
DA:8,8
DA:9,8
DA:13,8
DA:14,8
DA:15,8
DA:17,0
LF:7
LH:6
BRF:0
BRH:0
end_of_record
TN:
SF:src/redux/thunk/getCurrentRoomPromotionDetails.ts
FN:5,(anonymous_0)
FNF:1
FNH:1
FNDA:8,(anonymous_0)
DA:3,23
DA:18,8
DA:26,8
DA:27,8
DA:37,8
DA:38,8
DA:39,8
DA:41,0
LF:8
LH:7
BRF:0
BRH:0
end_of_record
TN:
SF:src/redux/thunk/getCustomPromotion.ts
FN:6,(anonymous_0)
FNF:1
FNH:0
FNDA:0,(anonymous_0)
DA:5,23
DA:7,0
DA:8,0
DA:9,0
DA:10,0
DA:11,0
DA:12,0
DA:13,0
DA:15,0
DA:18,0
LF:10
LH:1
BRDA:11,0,0,0
BRF:1
BRH:0
end_of_record
TN:
SF:src/redux/thunk/getDailyRates.ts
FN:4,(anonymous_0)
FNF:1
FNH:1
FNDA:10,(anonymous_0)
DA:2,23
DA:5,10
DA:13,10
DA:14,0
DA:16,10
DA:18,10
LF:6
LH:5
BRDA:13,0,0,0
BRF:1
BRH:0
end_of_record
TN:
SF:src/redux/thunk/getExchangeRates.ts
FN:5,(anonymous_0)
FNF:1
FNH:1
FNDA:46,(anonymous_0)
DA:4,23
DA:6,46
DA:7,46
DA:8,25
DA:9,25
DA:12,0
LF:6
LH:5
BRF:0
BRH:0
end_of_record
TN:
SF:src/redux/thunk/getFeedback.ts
FN:19,(anonymous_0)
FNF:1
FNH:0
FNDA:0,(anonymous_0)
DA:7,23
DA:35,0
DA:36,0
DA:50,0
DA:51,0
DA:54,0
DA:56,0
LF:7
LH:1
BRDA:50,0,0,0
BRF:1
BRH:0
end_of_record
TN:
SF:src/redux/thunk/getMyBookings.ts
FN:5,(anonymous_0)
FNF:1
FNH:0
FNDA:0,(anonymous_0)
DA:3,23
DA:6,0
DA:7,0
DA:9,0
DA:10,0
DA:12,0
DA:13,0
DA:15,0
DA:16,0
LF:9
LH:1
BRDA:9,0,0,0
BRF:1
BRH:0
end_of_record
TN:
SF:src/redux/thunk/getNightlyRates.ts
FN:4,(anonymous_0)
FNF:1
FNH:1
FNDA:44,(anonymous_0)
DA:4,23
DA:5,44
DA:6,44
DA:7,38
DA:8,38
DA:10,0
LF:6
LH:5
BRF:0
BRH:0
end_of_record
TN:
SF:src/redux/thunk/getProperties.ts
FN:6,(anonymous_0)
FNF:1
FNH:1
FNDA:46,(anonymous_0)
DA:5,23
DA:7,46
DA:8,46
DA:9,41
DA:10,40
DA:13,0
LF:6
LH:5
BRF:0
BRH:0
end_of_record
TN:
SF:src/redux/thunk/getPropertyConfiguration.ts
FN:6,(anonymous_0)
FNF:1
FNH:0
FNDA:0,(anonymous_0)
DA:5,23
DA:7,0
DA:8,0
DA:9,0
DA:10,0
DA:13,0
LF:6
LH:1
BRF:0
BRH:0
end_of_record
TN:
SF:src/redux/thunk/getRoomDetails.ts
FN:5,(anonymous_0)
FNF:1
FNH:1
FNDA:22,(anonymous_0)
DA:3,23
DA:32,22
DA:33,22
DA:48,22
DA:60,22
DA:61,0
DA:64,22
DA:65,22
DA:67,0
LF:9
LH:7
BRDA:60,0,0,0
BRF:1
BRH:0
end_of_record
TN:
SF:src/redux/thunk/getTenantConfiguration.ts
FN:7,(anonymous_0)
FNF:1
FNH:1
FNDA:46,(anonymous_0)
DA:6,23
DA:8,46
DA:9,46
DA:10,43
DA:11,40
DA:14,0
LF:6
LH:5
BRF:0
BRH:0
end_of_record
TN:
SF:src/redux/thunk/getTranslations.ts
FN:4,(anonymous_0)
FN:7,(anonymous_1)
FN:10,(anonymous_2)
FNF:3
FNH:3
FNDA:46,(anonymous_0)
FNDA:23,(anonymous_1)
FNDA:23,(anonymous_2)
DA:4,23
DA:5,46
DA:6,46
DA:8,23
DA:11,23
DA:15,0
LF:6
LH:5
BRF:0
BRH:0
end_of_record
TN:
SF:src/redux/thunk/mailBookingConfirmation.ts
FN:6,(anonymous_0)
FNF:1
FNH:0
FNDA:0,(anonymous_0)
DA:4,23
DA:7,0
DA:225,0
DA:227,0
DA:234,0
DA:235,0
DA:237,0
DA:238,0
DA:240,0
DA:242,0
LF:10
LH:1
BRDA:237,0,0,0
BRDA:237,1,0,0
BRDA:237,1,1,0
BRF:3
BRH:0
end_of_record
TN:
SF:src/redux/thunk/sendBookingCancellationMail.ts
FN:4,(anonymous_0)
FNF:1
FNH:0
FNDA:0,(anonymous_0)
DA:4,23
DA:5,0
DA:6,0
DA:10,0
DA:11,0
DA:14,0
LF:6
LH:1
BRF:0
BRH:0
end_of_record
